# JRE version: OpenJDK Runtime Environment (17.0.9) (build 17.0.9+0--11185874)
# Java VM: OpenJDK 64-Bit Server VM (17.0.9+0--11185874, mixed mode, tiered, compressed oops, compressed class ptrs, g1 gc, windows-amd64)
GC Precious Log:
 CPUs: 12 total, 12 available
 Memory: 16083M
 Large Page Support: Disabled
 NUMA Support: Disabled
 Compressed Oops: Enabled (32-bit)
 Heap Region Size: 1M
 Heap Min Capacity: 8M
 Heap Initial Capacity: 252M
 Heap Max Capacity: 2G
 Pre-touch: Disabled
 Parallel Workers: 10
 Concurrent Workers: 3
 Concurrent Refinement Workers: 10
 Periodic GC: Disabled
Heap:
 garbage-first heap   total 135168K, used 69720K [0x0000000080000000, 0x0000000100000000)
  region size 1024K, 5 young (5120K), 5 survivors (5120K)
 Metaspace       used 89689K, committed 90368K, reserved 1179648K
  class space    used 12512K, committed 12864K, reserved 1048576K
GC Heap History (20 events):
Event: 6.911 GC heap after
{Heap after GC invocations=28 (full 0):
 garbage-first heap   total 107520K, used 56001K [0x0000000080000000, 0x0000000100000000)
  region size 1024K, 5 young (5120K), 5 survivors (5120K)
 Metaspace       used 65962K, committed 66560K, reserved 1114112K
  class space    used 8986K, committed 9216K, reserved 1048576K
}
Event: 6.943 GC heap before
{Heap before GC invocations=29 (full 0):
 garbage-first heap   total 109568K, used 64193K [0x0000000080000000, 0x0000000100000000)
  region size 1024K, 11 young (11264K), 5 survivors (5120K)
 Metaspace       used 65967K, committed 66560K, reserved 1114112K
  class space    used 8986K, committed 9216K, reserved 1048576K
}
Event: 6.945 GC heap after
{Heap after GC invocations=30 (full 0):
 garbage-first heap   total 109568K, used 59509K [0x0000000080000000, 0x0000000100000000)
  region size 1024K, 3 young (3072K), 3 survivors (3072K)
 Metaspace       used 65967K, committed 66560K, reserved 1114112K
  class space    used 8986K, committed 9216K, reserved 1048576K
}
Event: 7.114 GC heap before
{Heap before GC invocations=31 (full 0):
 garbage-first heap   total 112640K, used 79989K [0x0000000080000000, 0x0000000100000000)
  region size 1024K, 21 young (21504K), 3 survivors (3072K)
 Metaspace       used 67058K, committed 67712K, reserved 1114112K
  class space    used 9140K, committed 9408K, reserved 1048576K
}
Event: 7.115 GC heap after
{Heap after GC invocations=32 (full 0):
 garbage-first heap   total 112640K, used 59161K [0x0000000080000000, 0x0000000100000000)
  region size 1024K, 2 young (2048K), 2 survivors (2048K)
 Metaspace       used 67058K, committed 67712K, reserved 1114112K
  class space    used 9140K, committed 9408K, reserved 1048576K
}
Event: 7.315 GC heap before
{Heap before GC invocations=32 (full 0):
 garbage-first heap   total 112640K, used 81689K [0x0000000080000000, 0x0000000100000000)
  region size 1024K, 24 young (24576K), 2 survivors (2048K)
 Metaspace       used 68640K, committed 69184K, reserved 1114112K
  class space    used 9355K, committed 9600K, reserved 1048576K
}
Event: 7.317 GC heap after
{Heap after GC invocations=33 (full 0):
 garbage-first heap   total 112640K, used 60734K [0x0000000080000000, 0x0000000100000000)
  region size 1024K, 2 young (2048K), 2 survivors (2048K)
 Metaspace       used 68640K, committed 69184K, reserved 1114112K
  class space    used 9355K, committed 9600K, reserved 1048576K
}
Event: 7.571 GC heap before
{Heap before GC invocations=34 (full 0):
 garbage-first heap   total 112640K, used 80190K [0x0000000080000000, 0x0000000100000000)
  region size 1024K, 24 young (24576K), 2 survivors (2048K)
 Metaspace       used 70431K, committed 71040K, reserved 1114112K
  class space    used 9599K, committed 9856K, reserved 1048576K
}
Event: 7.573 GC heap after
{Heap after GC invocations=35 (full 0):
 garbage-first heap   total 135168K, used 59600K [0x0000000080000000, 0x0000000100000000)
  region size 1024K, 3 young (3072K), 3 survivors (3072K)
 Metaspace       used 70431K, committed 71040K, reserved 1114112K
  class space    used 9599K, committed 9856K, reserved 1048576K
}
Event: 7.880 GC heap before
{Heap before GC invocations=35 (full 0):
 garbage-first heap   total 135168K, used 97488K [0x0000000080000000, 0x0000000100000000)
  region size 1024K, 40 young (40960K), 3 survivors (3072K)
 Metaspace       used 74247K, committed 74816K, reserved 1114112K
  class space    used 10115K, committed 10368K, reserved 1048576K
}
Event: 7.883 GC heap after
{Heap after GC invocations=36 (full 0):
 garbage-first heap   total 135168K, used 61714K [0x0000000080000000, 0x0000000100000000)
  region size 1024K, 5 young (5120K), 5 survivors (5120K)
 Metaspace       used 74247K, committed 74816K, reserved 1114112K
  class space    used 10115K, committed 10368K, reserved 1048576K
}
Event: 8.143 GC heap before
{Heap before GC invocations=36 (full 0):
 garbage-first heap   total 135168K, used 101650K [0x0000000080000000, 0x0000000100000000)
  region size 1024K, 43 young (44032K), 5 survivors (5120K)
 Metaspace       used 76839K, committed 77440K, reserved 1179648K
  class space    used 10461K, committed 10688K, reserved 1048576K
}
Event: 8.148 GC heap after
{Heap after GC invocations=37 (full 0):
 garbage-first heap   total 135168K, used 63997K [0x0000000080000000, 0x0000000100000000)
  region size 1024K, 5 young (5120K), 5 survivors (5120K)
 Metaspace       used 76839K, committed 77440K, reserved 1179648K
  class space    used 10461K, committed 10688K, reserved 1048576K
}
Event: 8.499 GC heap before
{Heap before GC invocations=37 (full 0):
 garbage-first heap   total 135168K, used 102909K [0x0000000080000000, 0x0000000100000000)
  region size 1024K, 43 young (44032K), 5 survivors (5120K)
 Metaspace       used 79647K, committed 80256K, reserved 1179648K
  class space    used 11032K, committed 11264K, reserved 1048576K
}
Event: 8.502 GC heap after
{Heap after GC invocations=38 (full 0):
 garbage-first heap   total 135168K, used 64266K [0x0000000080000000, 0x0000000100000000)
  region size 1024K, 3 young (3072K), 3 survivors (3072K)
 Metaspace       used 79647K, committed 80256K, reserved 1179648K
  class space    used 11032K, committed 11264K, reserved 1048576K
}
Event: 8.937 GC heap before
{Heap before GC invocations=38 (full 0):
 garbage-first heap   total 135168K, used 106250K [0x0000000080000000, 0x0000000100000000)
  region size 1024K, 44 young (45056K), 3 survivors (3072K)
 Metaspace       used 83044K, committed 83712K, reserved 1179648K
  class space    used 11535K, committed 11840K, reserved 1048576K
}
Event: 8.941 GC heap after
{Heap after GC invocations=39 (full 0):
 garbage-first heap   total 135168K, used 65976K [0x0000000080000000, 0x0000000100000000)
  region size 1024K, 5 young (5120K), 5 survivors (5120K)
 Metaspace       used 83044K, committed 83712K, reserved 1179648K
  class space    used 11535K, committed 11840K, reserved 1048576K
}
Event: 9.332 GC heap before
{Heap before GC invocations=40 (full 0):
 garbage-first heap   total 135168K, used 105912K [0x0000000080000000, 0x0000000100000000)
  region size 1024K, 45 young (46080K), 5 survivors (5120K)
 Metaspace       used 86027K, committed 86720K, reserved 1179648K
  class space    used 11993K, committed 12352K, reserved 1048576K
}
Event: 9.336 GC heap after
{Heap after GC invocations=41 (full 0):
 garbage-first heap   total 135168K, used 67226K [0x0000000080000000, 0x0000000100000000)
  region size 1024K, 6 young (6144K), 6 survivors (6144K)
 Metaspace       used 86027K, committed 86720K, reserved 1179648K
  class space    used 11993K, committed 12352K, reserved 1048576K
}
Event: 9.706 GC heap before
{Heap before GC invocations=41 (full 0):
 garbage-first heap   total 135168K, used 108186K [0x0000000080000000, 0x0000000100000000)
  region size 1024K, 46 young (47104K), 6 survivors (6144K)
 Metaspace       used 89689K, committed 90368K, reserved 1179648K
  class space    used 12512K, committed 12864K, reserved 1048576K
}

