# JRE version: OpenJDK Runtime Environment (17.0.9) (build 17.0.9+0--11185874)
# Java VM: OpenJDK 64-Bit Server VM (17.0.9+0--11185874, mixed mode, tiered, compressed oops, compressed class ptrs, g1 gc, windows-amd64)
GC Precious Log:
 CPUs: 12 total, 12 available
 Memory: 16083M
 Large Page Support: Disabled
 NUMA Support: Disabled
 Compressed Oops: Enabled (32-bit)
 Heap Region Size: 1M
 Heap Min Capacity: 8M
 Heap Initial Capacity: 252M
 Heap Max Capacity: 2G
 Pre-touch: Disabled
 Parallel Workers: 10
 Concurrent Workers: 3
 Concurrent Refinement Workers: 10
 Periodic GC: Disabled
Heap:
 garbage-first heap   total 258048K, used 90509K [0x0000000080000000, 0x0000000100000000)
  region size 1024K, 1 young (1024K), 1 survivors (1024K)
 Metaspace       used 107270K, committed 107968K, reserved 1179648K
  class space    used 15136K, committed 15488K, reserved 1048576K
GC Heap History (20 events):
Event: 15.603 GC heap after
{Heap after GC invocations=48 (full 0):
 garbage-first heap   total 140288K, used 70827K [0x0000000080000000, 0x0000000100000000)
  region size 1024K, 5 young (5120K), 5 survivors (5120K)
 Metaspace       used 94214K, committed 94912K, reserved 1179648K
  class space    used 13087K, committed 13440K, reserved 1048576K
}
Event: 16.476 GC heap before
{Heap before GC invocations=49 (full 0):
 garbage-first heap   total 140288K, used 115883K [0x0000000080000000, 0x0000000100000000)
  region size 1024K, 49 young (50176K), 5 survivors (5120K)
 Metaspace       used 97199K, committed 97856K, reserved 1179648K
  class space    used 13556K, committed 13888K, reserved 1048576K
}
Event: 16.484 GC heap after
{Heap after GC invocations=50 (full 0):
 garbage-first heap   total 140288K, used 74944K [0x0000000080000000, 0x0000000100000000)
  region size 1024K, 6 young (6144K), 6 survivors (6144K)
 Metaspace       used 97199K, committed 97856K, reserved 1179648K
  class space    used 13556K, committed 13888K, reserved 1048576K
}
Event: 16.507 GC heap before
{Heap before GC invocations=50 (full 0):
 garbage-first heap   total 140288K, used 75968K [0x0000000080000000, 0x0000000100000000)
  region size 1024K, 7 young (7168K), 6 survivors (6144K)
 Metaspace       used 97216K, committed 97856K, reserved 1179648K
  class space    used 13557K, committed 13888K, reserved 1048576K
}
Event: 16.512 GC heap after
{Heap after GC invocations=51 (full 0):
 garbage-first heap   total 140288K, used 74835K [0x0000000080000000, 0x0000000100000000)
  region size 1024K, 1 young (1024K), 1 survivors (1024K)
 Metaspace       used 97216K, committed 97856K, reserved 1179648K
  class space    used 13557K, committed 13888K, reserved 1048576K
}
Event: 16.913 GC heap before
{Heap before GC invocations=51 (full 0):
 garbage-first heap   total 140288K, used 115795K [0x0000000080000000, 0x0000000100000000)
  region size 1024K, 41 young (41984K), 1 survivors (1024K)
 Metaspace       used 98067K, committed 98752K, reserved 1179648K
  class space    used 13744K, committed 14080K, reserved 1048576K
}
Event: 16.917 GC heap after
{Heap after GC invocations=52 (full 0):
 garbage-first heap   total 140288K, used 77488K [0x0000000080000000, 0x0000000100000000)
  region size 1024K, 4 young (4096K), 4 survivors (4096K)
 Metaspace       used 98067K, committed 98752K, reserved 1179648K
  class space    used 13744K, committed 14080K, reserved 1048576K
}
Event: 17.525 GC heap before
{Heap before GC invocations=53 (full 0):
 garbage-first heap   total 140288K, used 114352K [0x0000000080000000, 0x0000000100000000)
  region size 1024K, 41 young (41984K), 4 survivors (4096K)
 Metaspace       used 98570K, committed 99328K, reserved 1179648K
  class space    used 13786K, committed 14144K, reserved 1048576K
}
Event: 17.530 GC heap after
{Heap after GC invocations=54 (full 0):
 garbage-first heap   total 140288K, used 80415K [0x0000000080000000, 0x0000000100000000)
  region size 1024K, 3 young (3072K), 3 survivors (3072K)
 Metaspace       used 98570K, committed 99328K, reserved 1179648K
  class space    used 13786K, committed 14144K, reserved 1048576K
}
Event: 17.996 GC heap before
{Heap before GC invocations=54 (full 0):
 garbage-first heap   total 140288K, used 116255K [0x0000000080000000, 0x0000000100000000)
  region size 1024K, 39 young (39936K), 3 survivors (3072K)
 Metaspace       used 99036K, committed 99840K, reserved 1179648K
  class space    used 13823K, committed 14208K, reserved 1048576K
}
Event: 18.000 GC heap after
{Heap after GC invocations=55 (full 0):
 garbage-first heap   total 140288K, used 83086K [0x0000000080000000, 0x0000000100000000)
  region size 1024K, 3 young (3072K), 3 survivors (3072K)
 Metaspace       used 99036K, committed 99840K, reserved 1179648K
  class space    used 13823K, committed 14208K, reserved 1048576K
}
Event: 18.552 GC heap before
{Heap before GC invocations=56 (full 0):
 garbage-first heap   total 147456K, used 119950K [0x0000000080000000, 0x0000000100000000)
  region size 1024K, 35 young (35840K), 3 survivors (3072K)
 Metaspace       used 100144K, committed 100928K, reserved 1179648K
  class space    used 13892K, committed 14272K, reserved 1048576K
}
Event: 18.557 GC heap after
{Heap after GC invocations=57 (full 0):
 garbage-first heap   total 147456K, used 84556K [0x0000000080000000, 0x0000000100000000)
  region size 1024K, 5 young (5120K), 5 survivors (5120K)
 Metaspace       used 100144K, committed 100928K, reserved 1179648K
  class space    used 13892K, committed 14272K, reserved 1048576K
}
Event: 18.594 GC heap before
{Heap before GC invocations=57 (full 0):
 garbage-first heap   total 147456K, used 86604K [0x0000000080000000, 0x0000000100000000)
  region size 1024K, 7 young (7168K), 5 survivors (5120K)
 Metaspace       used 100325K, committed 101056K, reserved 1179648K
  class space    used 13923K, committed 14272K, reserved 1048576K
}
Event: 18.598 GC heap after
{Heap after GC invocations=58 (full 0):
 garbage-first heap   total 147456K, used 84533K [0x0000000080000000, 0x0000000100000000)
  region size 1024K, 1 young (1024K), 1 survivors (1024K)
 Metaspace       used 100325K, committed 101056K, reserved 1179648K
  class space    used 13923K, committed 14272K, reserved 1048576K
}
Event: 19.349 GC heap before
{Heap before GC invocations=58 (full 0):
 garbage-first heap   total 147456K, used 122421K [0x0000000080000000, 0x0000000100000000)
  region size 1024K, 39 young (39936K), 1 survivors (1024K)
 Metaspace       used 103794K, committed 104512K, reserved 1179648K
  class space    used 14424K, committed 14784K, reserved 1048576K
}
Event: 19.354 GC heap after
{Heap after GC invocations=59 (full 0):
 garbage-first heap   total 147456K, used 86026K [0x0000000080000000, 0x0000000100000000)
  region size 1024K, 3 young (3072K), 3 survivors (3072K)
 Metaspace       used 103794K, committed 104512K, reserved 1179648K
  class space    used 14424K, committed 14784K, reserved 1048576K
}
Event: 20.437 GC heap before
{Heap before GC invocations=60 (full 0):
 garbage-first heap   total 152576K, used 121866K [0x0000000080000000, 0x0000000100000000)
  region size 1024K, 39 young (39936K), 3 survivors (3072K)
 Metaspace       used 107011K, committed 107712K, reserved 1179648K
  class space    used 15087K, committed 15424K, reserved 1048576K
}
Event: 20.450 GC heap after
{Heap after GC invocations=61 (full 0):
 garbage-first heap   total 152576K, used 90323K [0x0000000080000000, 0x0000000100000000)
  region size 1024K, 5 young (5120K), 5 survivors (5120K)
 Metaspace       used 107011K, committed 107712K, reserved 1179648K
  class space    used 15087K, committed 15424K, reserved 1048576K
}
Event: 20.491 GC heap before
{Heap before GC invocations=61 (full 0):
 garbage-first heap   total 152576K, used 91347K [0x0000000080000000, 0x0000000100000000)
  region size 1024K, 7 young (7168K), 5 survivors (5120K)
 Metaspace       used 107270K, committed 107968K, reserved 1179648K
  class space    used 15136K, committed 15488K, reserved 1048576K
}

