# JRE version: OpenJDK Runtime Environment (17.0.9) (build 17.0.9+0--11185874)
# Java VM: OpenJDK 64-Bit Server VM (17.0.9+0--11185874, mixed mode, tiered, compressed oops, compressed class ptrs, g1 gc, windows-amd64)
GC Precious Log:
 CPUs: 12 total, 12 available
 Memory: 16083M
 Large Page Support: Disabled
 NUMA Support: Disabled
 Compressed Oops: Enabled (32-bit)
 Heap Region Size: 1M
 Heap Min Capacity: 8M
 Heap Initial Capacity: 252M
 Heap Max Capacity: 2G
 Pre-touch: Disabled
 Parallel Workers: 10
 Concurrent Workers: 3
 Concurrent Refinement Workers: 10
 Periodic GC: Disabled
Heap:
 garbage-first heap   total 258048K, used 107257K [0x0000000080000000, 0x0000000100000000)
  region size 1024K, 2 young (2048K), 2 survivors (2048K)
 Metaspace       used 124286K, committed 125056K, reserved 1179648K
  class space    used 17356K, committed 17728K, reserved 1048576K
GC Heap History (20 events):
Event: 11.975 GC heap after
{Heap after GC invocations=43 (full 0):
 garbage-first heap   total 194560K, used 106562K [0x0000000080000000, 0x0000000100000000)
  region size 1024K, 2 young (2048K), 2 survivors (2048K)
 Metaspace       used 98740K, committed 99520K, reserved 1179648K
  class space    used 13735K, committed 14080K, reserved 1048576K
}
Event: 12.209 GC heap before
{Heap before GC invocations=43 (full 0):
 garbage-first heap   total 194560K, used 152642K [0x0000000080000000, 0x0000000100000000)
  region size 1024K, 48 young (49152K), 2 survivors (2048K)
 Metaspace       used 99505K, committed 100288K, reserved 1179648K
  class space    used 13808K, committed 14144K, reserved 1048576K
}
Event: 12.212 GC heap after
{Heap after GC invocations=44 (full 0):
 garbage-first heap   total 194560K, used 109758K [0x0000000080000000, 0x0000000100000000)
  region size 1024K, 6 young (6144K), 6 survivors (6144K)
 Metaspace       used 99505K, committed 100288K, reserved 1179648K
  class space    used 13808K, committed 14144K, reserved 1048576K
}
Event: 12.385 GC heap before
{Heap before GC invocations=45 (full 0):
 garbage-first heap   total 194560K, used 146622K [0x0000000080000000, 0x0000000100000000)
  region size 1024K, 51 young (52224K), 6 survivors (6144K)
 Metaspace       used 99940K, committed 100672K, reserved 1179648K
  class space    used 13852K, committed 14208K, reserved 1048576K
}
Event: 12.389 GC heap after
{Heap after GC invocations=46 (full 0):
 garbage-first heap   total 194560K, used 105143K [0x0000000080000000, 0x0000000100000000)
  region size 1024K, 7 young (7168K), 7 survivors (7168K)
 Metaspace       used 99940K, committed 100672K, reserved 1179648K
  class space    used 13852K, committed 14208K, reserved 1048576K
}
Event: 12.392 GC heap before
{Heap before GC invocations=46 (full 0):
 garbage-first heap   total 194560K, used 107191K [0x0000000080000000, 0x0000000100000000)
  region size 1024K, 9 young (9216K), 7 survivors (7168K)
 Metaspace       used 99961K, committed 100672K, reserved 1179648K
  class space    used 13855K, committed 14208K, reserved 1048576K
}
Event: 12.396 GC heap after
{Heap after GC invocations=47 (full 0):
 garbage-first heap   total 194560K, used 101764K [0x0000000080000000, 0x0000000100000000)
  region size 1024K, 2 young (2048K), 2 survivors (2048K)
 Metaspace       used 99961K, committed 100672K, reserved 1179648K
  class space    used 13855K, committed 14208K, reserved 1048576K
}
Event: 14.554 GC heap before
{Heap before GC invocations=47 (full 0):
 garbage-first heap   total 194560K, used 151940K [0x0000000080000000, 0x0000000100000000)
  region size 1024K, 52 young (53248K), 2 survivors (2048K)
 Metaspace       used 100952K, committed 101696K, reserved 1179648K
  class space    used 13964K, committed 14336K, reserved 1048576K
}
Event: 14.557 GC heap after
{Heap after GC invocations=48 (full 0):
 garbage-first heap   total 194560K, used 103752K [0x0000000080000000, 0x0000000100000000)
  region size 1024K, 4 young (4096K), 4 survivors (4096K)
 Metaspace       used 100952K, committed 101696K, reserved 1179648K
  class space    used 13964K, committed 14336K, reserved 1048576K
}
Event: 15.180 GC heap before
{Heap before GC invocations=49 (full 0):
 garbage-first heap   total 194560K, used 150856K [0x0000000080000000, 0x0000000100000000)
  region size 1024K, 55 young (56320K), 4 survivors (4096K)
 Metaspace       used 107946K, committed 108736K, reserved 1179648K
  class space    used 14871K, committed 15232K, reserved 1048576K
}
Event: 15.185 GC heap after
{Heap after GC invocations=50 (full 0):
 garbage-first heap   total 194560K, used 104948K [0x0000000080000000, 0x0000000100000000)
  region size 1024K, 7 young (7168K), 7 survivors (7168K)
 Metaspace       used 107946K, committed 108736K, reserved 1179648K
  class space    used 14871K, committed 15232K, reserved 1048576K
}
Event: 15.211 GC heap before
{Heap before GC invocations=50 (full 0):
 garbage-first heap   total 194560K, used 109044K [0x0000000080000000, 0x0000000100000000)
  region size 1024K, 9 young (9216K), 7 survivors (7168K)
 Metaspace       used 108157K, committed 108928K, reserved 1179648K
  class space    used 14893K, committed 15232K, reserved 1048576K
}
Event: 15.216 GC heap after
{Heap after GC invocations=51 (full 0):
 garbage-first heap   total 194560K, used 102830K [0x0000000080000000, 0x0000000100000000)
  region size 1024K, 2 young (2048K), 2 survivors (2048K)
 Metaspace       used 108157K, committed 108928K, reserved 1179648K
  class space    used 14893K, committed 15232K, reserved 1048576K
}
Event: 15.952 GC heap before
{Heap before GC invocations=51 (full 0):
 garbage-first heap   total 194560K, used 155054K [0x0000000080000000, 0x0000000100000000)
  region size 1024K, 53 young (54272K), 2 survivors (2048K)
 Metaspace       used 110951K, committed 111808K, reserved 1179648K
  class space    used 15276K, committed 15680K, reserved 1048576K
}
Event: 15.957 GC heap after
{Heap after GC invocations=52 (full 0):
 garbage-first heap   total 194560K, used 107324K [0x0000000080000000, 0x0000000100000000)
  region size 1024K, 7 young (7168K), 7 survivors (7168K)
 Metaspace       used 110951K, committed 111808K, reserved 1179648K
  class space    used 15276K, committed 15680K, reserved 1048576K
}
Event: 16.597 GC heap before
{Heap before GC invocations=53 (full 0):
 garbage-first heap   total 194560K, used 154428K [0x0000000080000000, 0x0000000100000000)
  region size 1024K, 54 young (55296K), 7 survivors (7168K)
 Metaspace       used 116653K, committed 117440K, reserved 1179648K
  class space    used 16113K, committed 16512K, reserved 1048576K
}
Event: 16.601 GC heap after
{Heap after GC invocations=54 (full 0):
 garbage-first heap   total 194560K, used 107884K [0x0000000080000000, 0x0000000100000000)
  region size 1024K, 2 young (2048K), 2 survivors (2048K)
 Metaspace       used 116653K, committed 117440K, reserved 1179648K
  class space    used 16113K, committed 16512K, reserved 1048576K
}
Event: 16.663 GC heap before
{Heap before GC invocations=54 (full 0):
 garbage-first heap   total 194560K, used 114028K [0x0000000080000000, 0x0000000100000000)
  region size 1024K, 9 young (9216K), 2 survivors (2048K)
 Metaspace       used 117581K, committed 118400K, reserved 1179648K
  class space    used 16234K, committed 16640K, reserved 1048576K
}
Event: 16.665 GC heap after
{Heap after GC invocations=55 (full 0):
 garbage-first heap   total 194560K, used 106061K [0x0000000080000000, 0x0000000100000000)
  region size 1024K, 1 young (1024K), 1 survivors (1024K)
 Metaspace       used 117581K, committed 118400K, reserved 1179648K
  class space    used 16234K, committed 16640K, reserved 1048576K
}
Event: 17.181 GC heap before
{Heap before GC invocations=55 (full 0):
 garbage-first heap   total 194560K, used 157261K [0x0000000080000000, 0x0000000100000000)
  region size 1024K, 52 young (53248K), 1 survivors (1024K)
 Metaspace       used 124286K, committed 125056K, reserved 1179648K
  class space    used 17356K, committed 17728K, reserved 1048576K
}

