# JRE version: OpenJDK Runtime Environment (17.0.9) (build 17.0.9+0--11185874)
# Java VM: OpenJDK 64-Bit Server VM (17.0.9+0--11185874, mixed mode, tiered, compressed oops, compressed class ptrs, g1 gc, windows-amd64)
GC Precious Log:
 CPUs: 12 total, 12 available
 Memory: 16083M
 Large Page Support: Disabled
 NUMA Support: Disabled
 Compressed Oops: Enabled (32-bit)
 Heap Region Size: 1M
 Heap Min Capacity: 8M
 Heap Initial Capacity: 252M
 Heap Max Capacity: 2G
 Pre-touch: Disabled
 Parallel Workers: 10
 Concurrent Workers: 3
 Concurrent Refinement Workers: 10
 Periodic GC: Disabled
Heap:
 garbage-first heap   total 259072K, used 95872K [0x0000000080000000, 0x0000000100000000)
  region size 1024K, 1 young (1024K), 1 survivors (1024K)
 Metaspace       used 124441K, committed 125120K, reserved 1179648K
  class space    used 16171K, committed 16512K, reserved 1048576K
GC Heap History (20 events):
Event: 7.923 GC heap after
{Heap after GC invocations=37 (full 0):
 garbage-first heap   total 162816K, used 70782K [0x0000000080000000, 0x0000000100000000)
  region size 1024K, 1 young (1024K), 1 survivors (1024K)
 Metaspace       used 102160K, committed 102656K, reserved 1179648K
  class space    used 13090K, committed 13312K, reserved 1048576K
}
Event: 8.633 GC heap before
{Heap before GC invocations=37 (full 0):
 garbage-first heap   total 162816K, used 134270K [0x0000000080000000, 0x0000000100000000)
  region size 1024K, 62 young (63488K), 1 survivors (1024K)
 Metaspace       used 105394K, committed 105856K, reserved 1179648K
  class space    used 13578K, committed 13760K, reserved 1048576K
}
Event: 8.637 GC heap after
{Heap after GC invocations=38 (full 0):
 garbage-first heap   total 162816K, used 75603K [0x0000000080000000, 0x0000000100000000)
  region size 1024K, 6 young (6144K), 6 survivors (6144K)
 Metaspace       used 105394K, committed 105856K, reserved 1179648K
  class space    used 13578K, committed 13760K, reserved 1048576K
}
Event: 9.351 GC heap before
{Heap before GC invocations=38 (full 0):
 garbage-first heap   total 162816K, used 132947K [0x0000000080000000, 0x0000000100000000)
  region size 1024K, 62 young (63488K), 6 survivors (6144K)
 Metaspace       used 108023K, committed 108480K, reserved 1179648K
  class space    used 13890K, committed 14080K, reserved 1048576K
}
Event: 9.354 GC heap after
{Heap after GC invocations=39 (full 0):
 garbage-first heap   total 162816K, used 72689K [0x0000000080000000, 0x0000000100000000)
  region size 1024K, 1 young (1024K), 1 survivors (1024K)
 Metaspace       used 108023K, committed 108480K, reserved 1179648K
  class space    used 13890K, committed 14080K, reserved 1048576K
}
Event: 10.531 GC heap before
{Heap before GC invocations=39 (full 0):
 garbage-first heap   total 162816K, used 133105K [0x0000000080000000, 0x0000000100000000)
  region size 1024K, 61 young (62464K), 1 survivors (1024K)
 Metaspace       used 117603K, committed 118208K, reserved 1179648K
  class space    used 15173K, committed 15424K, reserved 1048576K
}
Event: 10.536 GC heap after
{Heap after GC invocations=40 (full 0):
 garbage-first heap   total 162816K, used 77772K [0x0000000080000000, 0x0000000100000000)
  region size 1024K, 6 young (6144K), 6 survivors (6144K)
 Metaspace       used 117603K, committed 118208K, reserved 1179648K
  class space    used 15173K, committed 15424K, reserved 1048576K
}
Event: 11.478 GC heap before
{Heap before GC invocations=40 (full 0):
 garbage-first heap   total 162816K, used 133068K [0x0000000080000000, 0x0000000100000000)
  region size 1024K, 60 young (61440K), 6 survivors (6144K)
 Metaspace       used 123322K, committed 123968K, reserved 1179648K
  class space    used 16064K, committed 16384K, reserved 1048576K
}
Event: 11.485 GC heap after
{Heap after GC invocations=41 (full 0):
 garbage-first heap   total 162816K, used 79234K [0x0000000080000000, 0x0000000100000000)
  region size 1024K, 4 young (4096K), 4 survivors (4096K)
 Metaspace       used 123322K, committed 123968K, reserved 1179648K
  class space    used 16064K, committed 16384K, reserved 1048576K
}
Event: 11.971 GC heap before
{Heap before GC invocations=41 (full 0):
 garbage-first heap   total 162816K, used 104834K [0x0000000080000000, 0x0000000100000000)
  region size 1024K, 30 young (30720K), 4 survivors (4096K)
 Metaspace       used 124303K, committed 124928K, reserved 1179648K
  class space    used 16169K, committed 16448K, reserved 1048576K
}
Event: 11.980 GC heap after
{Heap after GC invocations=42 (full 0):
 garbage-first heap   total 162816K, used 81849K [0x0000000080000000, 0x0000000100000000)
  region size 1024K, 7 young (7168K), 7 survivors (7168K)
 Metaspace       used 124303K, committed 124928K, reserved 1179648K
  class space    used 16169K, committed 16448K, reserved 1048576K
}
Event: 12.287 GC heap before
{Heap before GC invocations=43 (full 0):
 garbage-first heap   total 162816K, used 139193K [0x0000000080000000, 0x0000000100000000)
  region size 1024K, 57 young (58368K), 7 survivors (7168K)
 Metaspace       used 124360K, committed 124992K, reserved 1179648K
  class space    used 16169K, committed 16448K, reserved 1048576K
}
Event: 12.295 GC heap after
{Heap after GC invocations=44 (full 0):
 garbage-first heap   total 162816K, used 97736K [0x0000000080000000, 0x0000000100000000)
  region size 1024K, 8 young (8192K), 8 survivors (8192K)
 Metaspace       used 124360K, committed 124992K, reserved 1179648K
  class space    used 16169K, committed 16448K, reserved 1048576K
}
Event: 12.299 GC heap before
{Heap before GC invocations=44 (full 0):
 garbage-first heap   total 162816K, used 98760K [0x0000000080000000, 0x0000000100000000)
  region size 1024K, 9 young (9216K), 8 survivors (8192K)
 Metaspace       used 124364K, committed 124992K, reserved 1179648K
  class space    used 16169K, committed 16448K, reserved 1048576K
}
Event: 12.306 GC heap after
{Heap after GC invocations=45 (full 0):
 garbage-first heap   total 162816K, used 94783K [0x0000000080000000, 0x0000000100000000)
  region size 1024K, 2 young (2048K), 2 survivors (2048K)
 Metaspace       used 124364K, committed 124992K, reserved 1179648K
  class space    used 16169K, committed 16448K, reserved 1048576K
}
Event: 12.366 GC heap before
{Heap before GC invocations=45 (full 0):
 garbage-first heap   total 162816K, used 100927K [0x0000000080000000, 0x0000000100000000)
  region size 1024K, 9 young (9216K), 2 survivors (2048K)
 Metaspace       used 124415K, committed 125120K, reserved 1179648K
  class space    used 16170K, committed 16512K, reserved 1048576K
}
Event: 12.369 GC heap after
{Heap after GC invocations=46 (full 0):
 garbage-first heap   total 162816K, used 95378K [0x0000000080000000, 0x0000000100000000)
  region size 1024K, 2 young (2048K), 2 survivors (2048K)
 Metaspace       used 124415K, committed 125120K, reserved 1179648K
  class space    used 16170K, committed 16512K, reserved 1048576K
}
Event: 12.489 GC heap before
{Heap before GC invocations=47 (full 0):
 garbage-first heap   total 199680K, used 132242K [0x0000000080000000, 0x0000000100000000)
  region size 1024K, 37 young (37888K), 2 survivors (2048K)
 Metaspace       used 124430K, committed 125120K, reserved 1179648K
  class space    used 16171K, committed 16512K, reserved 1048576K
}
Event: 12.492 GC heap after
{Heap after GC invocations=48 (full 0):
 garbage-first heap   total 199680K, used 97087K [0x0000000080000000, 0x0000000100000000)
  region size 1024K, 4 young (4096K), 4 survivors (4096K)
 Metaspace       used 124430K, committed 125120K, reserved 1179648K
  class space    used 16171K, committed 16512K, reserved 1048576K
}
Event: 12.503 GC heap before
{Heap before GC invocations=48 (full 0):
 garbage-first heap   total 199680K, used 102207K [0x0000000080000000, 0x0000000100000000)
  region size 1024K, 9 young (9216K), 4 survivors (4096K)
 Metaspace       used 124441K, committed 125120K, reserved 1179648K
  class space    used 16171K, committed 16512K, reserved 1048576K
}

