# JRE version: OpenJDK Runtime Environment (17.0.9) (build 17.0.9+0--11185874)
# Java VM: OpenJDK 64-Bit Server VM (17.0.9+0--11185874, mixed mode, tiered, compressed oops, compressed class ptrs, g1 gc, windows-amd64)
GC Precious Log:
 CPUs: 12 total, 12 available
 Memory: 16083M
 Large Page Support: Disabled
 NUMA Support: Disabled
 Compressed Oops: Enabled (32-bit)
 Heap Region Size: 1M
 Heap Min Capacity: 8M
 Heap Initial Capacity: 252M
 Heap Max Capacity: 2G
 Pre-touch: Disabled
 Parallel Workers: 10
 Concurrent Workers: 3
 Concurrent Refinement Workers: 10
 Periodic GC: Disabled
Heap:
 garbage-first heap   total 153600K, used 87399K [0x0000000080000000, 0x0000000100000000)
  region size 1024K, 2 young (2048K), 2 survivors (2048K)
 Metaspace       used 83323K, committed 84032K, reserved 1179648K
  class space    used 11488K, committed 11840K, reserved 1048576K
GC Heap History (20 events):
Event: 6.992 GC heap after
{Heap after GC invocations=37 (full 0):
 garbage-first heap   total 153600K, used 74602K [0x0000000080000000, 0x0000000100000000)
  region size 1024K, 1 young (1024K), 1 survivors (1024K)
 Metaspace       used 63153K, committed 63872K, reserved 1114112K
  class space    used 8615K, committed 8960K, reserved 1048576K
}
Event: 7.288 GC heap before
{Heap before GC invocations=37 (full 0):
 garbage-first heap   total 153600K, used 106346K [0x0000000080000000, 0x0000000100000000)
  region size 1024K, 32 young (32768K), 1 survivors (1024K)
 Metaspace       used 66469K, committed 67136K, reserved 1114112K
  class space    used 8988K, committed 9280K, reserved 1048576K
}
Event: 7.290 GC heap after
{Heap after GC invocations=38 (full 0):
 garbage-first heap   total 153600K, used 75387K [0x0000000080000000, 0x0000000100000000)
  region size 1024K, 1 young (1024K), 1 survivors (1024K)
 Metaspace       used 66469K, committed 67136K, reserved 1114112K
  class space    used 8988K, committed 9280K, reserved 1048576K
}
Event: 7.655 GC heap before
{Heap before GC invocations=39 (full 0):
 garbage-first heap   total 153600K, used 115323K [0x0000000080000000, 0x0000000100000000)
  region size 1024K, 36 young (36864K), 1 survivors (1024K)
 Metaspace       used 69866K, committed 70656K, reserved 1114112K
  class space    used 9477K, committed 9856K, reserved 1048576K
}
Event: 7.659 GC heap after
{Heap after GC invocations=40 (full 0):
 garbage-first heap   total 153600K, used 83783K [0x0000000080000000, 0x0000000100000000)
  region size 1024K, 5 young (5120K), 5 survivors (5120K)
 Metaspace       used 69866K, committed 70656K, reserved 1114112K
  class space    used 9477K, committed 9856K, reserved 1048576K
}
Event: 7.669 GC heap before
{Heap before GC invocations=40 (full 0):
 garbage-first heap   total 153600K, used 87879K [0x0000000080000000, 0x0000000100000000)
  region size 1024K, 7 young (7168K), 5 survivors (5120K)
 Metaspace       used 69873K, committed 70656K, reserved 1114112K
  class space    used 9477K, committed 9856K, reserved 1048576K
}
Event: 7.672 GC heap after
{Heap after GC invocations=41 (full 0):
 garbage-first heap   total 153600K, used 84466K [0x0000000080000000, 0x0000000100000000)
  region size 1024K, 1 young (1024K), 1 survivors (1024K)
 Metaspace       used 69873K, committed 70656K, reserved 1114112K
  class space    used 9477K, committed 9856K, reserved 1048576K
}
Event: 7.957 GC heap before
{Heap before GC invocations=41 (full 0):
 garbage-first heap   total 153600K, used 115186K [0x0000000080000000, 0x0000000100000000)
  region size 1024K, 31 young (31744K), 1 survivors (1024K)
 Metaspace       used 71862K, committed 72640K, reserved 1114112K
  class space    used 9751K, committed 10112K, reserved 1048576K
}
Event: 7.959 GC heap after
{Heap after GC invocations=42 (full 0):
 garbage-first heap   total 153600K, used 86581K [0x0000000080000000, 0x0000000100000000)
  region size 1024K, 3 young (3072K), 3 survivors (3072K)
 Metaspace       used 71862K, committed 72640K, reserved 1114112K
  class space    used 9751K, committed 10112K, reserved 1048576K
}
Event: 8.316 GC heap before
{Heap before GC invocations=43 (full 0):
 garbage-first heap   total 153600K, used 115253K [0x0000000080000000, 0x0000000100000000)
  region size 1024K, 34 young (34816K), 3 survivors (3072K)
 Metaspace       used 74159K, committed 74816K, reserved 1114112K
  class space    used 10065K, committed 10368K, reserved 1048576K
}
Event: 8.318 GC heap after
{Heap after GC invocations=44 (full 0):
 garbage-first heap   total 153600K, used 83791K [0x0000000080000000, 0x0000000100000000)
  region size 1024K, 4 young (4096K), 4 survivors (4096K)
 Metaspace       used 74159K, committed 74816K, reserved 1114112K
  class space    used 10065K, committed 10368K, reserved 1048576K
}
Event: 8.350 GC heap before
{Heap before GC invocations=44 (full 0):
 garbage-first heap   total 153600K, used 86863K [0x0000000080000000, 0x0000000100000000)
  region size 1024K, 7 young (7168K), 4 survivors (4096K)
 Metaspace       used 74535K, committed 75200K, reserved 1114112K
  class space    used 10117K, committed 10432K, reserved 1048576K
}
Event: 8.352 GC heap after
{Heap after GC invocations=45 (full 0):
 garbage-first heap   total 153600K, used 83543K [0x0000000080000000, 0x0000000100000000)
  region size 1024K, 1 young (1024K), 1 survivors (1024K)
 Metaspace       used 74535K, committed 75200K, reserved 1114112K
  class space    used 10117K, committed 10432K, reserved 1048576K
}
Event: 8.624 GC heap before
{Heap before GC invocations=45 (full 0):
 garbage-first heap   total 153600K, used 119383K [0x0000000080000000, 0x0000000100000000)
  region size 1024K, 36 young (36864K), 1 survivors (1024K)
 Metaspace       used 78227K, committed 78976K, reserved 1179648K
  class space    used 10617K, committed 10944K, reserved 1048576K
}
Event: 8.627 GC heap after
{Heap after GC invocations=46 (full 0):
 garbage-first heap   total 153600K, used 85151K [0x0000000080000000, 0x0000000100000000)
  region size 1024K, 3 young (3072K), 3 survivors (3072K)
 Metaspace       used 78227K, committed 78976K, reserved 1179648K
  class space    used 10617K, committed 10944K, reserved 1048576K
}
Event: 8.984 GC heap before
{Heap before GC invocations=47 (full 0):
 garbage-first heap   total 153600K, used 120991K [0x0000000080000000, 0x0000000100000000)
  region size 1024K, 38 young (38912K), 3 survivors (3072K)
 Metaspace       used 80491K, committed 81216K, reserved 1179648K
  class space    used 10929K, committed 11264K, reserved 1048576K
}
Event: 8.987 GC heap after
{Heap after GC invocations=48 (full 0):
 garbage-first heap   total 153600K, used 86606K [0x0000000080000000, 0x0000000100000000)
  region size 1024K, 4 young (4096K), 4 survivors (4096K)
 Metaspace       used 80491K, committed 81216K, reserved 1179648K
  class space    used 10929K, committed 11264K, reserved 1048576K
}
Event: 9.018 GC heap before
{Heap before GC invocations=48 (full 0):
 garbage-first heap   total 153600K, used 88654K [0x0000000080000000, 0x0000000100000000)
  region size 1024K, 7 young (7168K), 4 survivors (4096K)
 Metaspace       used 80680K, committed 81408K, reserved 1179648K
  class space    used 10947K, committed 11264K, reserved 1048576K
}
Event: 9.023 GC heap after
{Heap after GC invocations=49 (full 0):
 garbage-first heap   total 153600K, used 87222K [0x0000000080000000, 0x0000000100000000)
  region size 1024K, 1 young (1024K), 1 survivors (1024K)
 Metaspace       used 80680K, committed 81408K, reserved 1179648K
  class space    used 10947K, committed 11264K, reserved 1048576K
}
Event: 9.351 GC heap before
{Heap before GC invocations=49 (full 0):
 garbage-first heap   total 153600K, used 124086K [0x0000000080000000, 0x0000000100000000)
  region size 1024K, 37 young (37888K), 1 survivors (1024K)
 Metaspace       used 83323K, committed 84032K, reserved 1179648K
  class space    used 11488K, committed 11840K, reserved 1048576K
}

