# JRE version: OpenJDK Runtime Environment (17.0.9) (build 17.0.9+0--11185874)
# Java VM: OpenJDK 64-Bit Server VM (17.0.9+0--11185874, mixed mode, tiered, compressed oops, compressed class ptrs, g1 gc, windows-amd64)
GC Precious Log:
 CPUs: 12 total, 12 available
 Memory: 16083M
 Large Page Support: Disabled
 NUMA Support: Disabled
 Compressed Oops: Enabled (32-bit)
 Heap Region Size: 1M
 Heap Min Capacity: 8M
 Heap Initial Capacity: 252M
 Heap Max Capacity: 2G
 Pre-touch: Disabled
 Parallel Workers: 10
 Concurrent Workers: 3
 Concurrent Refinement Workers: 10
 Periodic GC: Disabled
Heap:
 garbage-first heap   total 225280K, used 164448K [0x0000000080000000, 0x0000000100000000)
  region size 1024K, 15 young (15360K), 5 survivors (5120K)
 Metaspace       used 91855K, committed 92800K, reserved 1179648K
  class space    used 12726K, committed 13184K, reserved 1048576K
GC Heap History (20 events):
Event: 18.768 GC heap before
{Heap before GC invocations=49 (full 0):
 garbage-first heap   total 194560K, used 144153K [0x0000000080000000, 0x0000000100000000)
  region size 1024K, 34 young (34816K), 2 survivors (2048K)
 Metaspace       used 91796K, committed 92736K, reserved 1179648K
  class space    used 12715K, committed 13184K, reserved 1048576K
}
Event: 18.774 GC heap after
{Heap after GC invocations=50 (full 0):
 garbage-first heap   total 194560K, used 121258K [0x0000000080000000, 0x0000000100000000)
  region size 1024K, 5 young (5120K), 5 survivors (5120K)
 Metaspace       used 91796K, committed 92736K, reserved 1179648K
  class space    used 12715K, committed 13184K, reserved 1048576K
}
Event: 19.731 GC heap before
{Heap before GC invocations=50 (full 0):
 garbage-first heap   total 194560K, used 155050K [0x0000000080000000, 0x0000000100000000)
  region size 1024K, 39 young (39936K), 5 survivors (5120K)
 Metaspace       used 91814K, committed 92736K, reserved 1179648K
  class space    used 12715K, committed 13184K, reserved 1048576K
}
Event: 19.739 GC heap after
{Heap after GC invocations=51 (full 0):
 garbage-first heap   total 194560K, used 126606K [0x0000000080000000, 0x0000000100000000)
  region size 1024K, 5 young (5120K), 5 survivors (5120K)
 Metaspace       used 91814K, committed 92736K, reserved 1179648K
  class space    used 12715K, committed 13184K, reserved 1048576K
}
Event: 20.737 GC heap before
{Heap before GC invocations=52 (full 0):
 garbage-first heap   total 215040K, used 156302K [0x0000000080000000, 0x0000000100000000)
  region size 1024K, 35 young (35840K), 5 survivors (5120K)
 Metaspace       used 91816K, committed 92736K, reserved 1179648K
  class space    used 12715K, committed 13184K, reserved 1048576K
}
Event: 20.741 GC heap after
{Heap after GC invocations=53 (full 0):
 garbage-first heap   total 215040K, used 128308K [0x0000000080000000, 0x0000000100000000)
  region size 1024K, 2 young (2048K), 2 survivors (2048K)
 Metaspace       used 91816K, committed 92736K, reserved 1179648K
  class space    used 12715K, committed 13184K, reserved 1048576K
}
Event: 20.872 GC heap before
{Heap before GC invocations=53 (full 0):
 garbage-first heap   total 215040K, used 136500K [0x0000000080000000, 0x0000000100000000)
  region size 1024K, 10 young (10240K), 2 survivors (2048K)
 Metaspace       used 91817K, committed 92736K, reserved 1179648K
  class space    used 12716K, committed 13184K, reserved 1048576K
}
Event: 20.873 GC heap after
{Heap after GC invocations=54 (full 0):
 garbage-first heap   total 215040K, used 128556K [0x0000000080000000, 0x0000000100000000)
  region size 1024K, 1 young (1024K), 1 survivors (1024K)
 Metaspace       used 91817K, committed 92736K, reserved 1179648K
  class space    used 12716K, committed 13184K, reserved 1048576K
}
Event: 21.737 GC heap before
{Heap before GC invocations=54 (full 0):
 garbage-first heap   total 215040K, used 171564K [0x0000000080000000, 0x0000000100000000)
  region size 1024K, 43 young (44032K), 1 survivors (1024K)
 Metaspace       used 91820K, committed 92736K, reserved 1179648K
  class space    used 12716K, committed 13184K, reserved 1048576K
}
Event: 21.739 GC heap after
{Heap after GC invocations=55 (full 0):
 garbage-first heap   total 215040K, used 130517K [0x0000000080000000, 0x0000000100000000)
  region size 1024K, 3 young (3072K), 3 survivors (3072K)
 Metaspace       used 91820K, committed 92736K, reserved 1179648K
  class space    used 12716K, committed 13184K, reserved 1048576K
}
Event: 23.193 GC heap before
{Heap before GC invocations=56 (full 0):
 garbage-first heap   total 225280K, used 174549K [0x0000000080000000, 0x0000000100000000)
  region size 1024K, 46 young (47104K), 3 survivors (3072K)
 Metaspace       used 91820K, committed 92736K, reserved 1179648K
  class space    used 12716K, committed 13184K, reserved 1048576K
}
Event: 23.195 GC heap after
{Heap after GC invocations=57 (full 0):
 garbage-first heap   total 225280K, used 132454K [0x0000000080000000, 0x0000000100000000)
  region size 1024K, 5 young (5120K), 5 survivors (5120K)
 Metaspace       used 91820K, committed 92736K, reserved 1179648K
  class space    used 12716K, committed 13184K, reserved 1048576K
}
Event: 23.405 GC heap before
{Heap before GC invocations=57 (full 0):
 garbage-first heap   total 225280K, used 137574K [0x0000000080000000, 0x0000000100000000)
  region size 1024K, 11 young (11264K), 5 survivors (5120K)
 Metaspace       used 91820K, committed 92736K, reserved 1179648K
  class space    used 12716K, committed 13184K, reserved 1048576K
}
Event: 23.408 GC heap after
{Heap after GC invocations=58 (full 0):
 garbage-first heap   total 225280K, used 132412K [0x0000000080000000, 0x0000000100000000)
  region size 1024K, 1 young (1024K), 1 survivors (1024K)
 Metaspace       used 91820K, committed 92736K, reserved 1179648K
  class space    used 12716K, committed 13184K, reserved 1048576K
}
Event: 24.902 GC heap before
{Heap before GC invocations=58 (full 0):
 garbage-first heap   total 225280K, used 182588K [0x0000000080000000, 0x0000000100000000)
  region size 1024K, 50 young (51200K), 1 survivors (1024K)
 Metaspace       used 91820K, committed 92736K, reserved 1179648K
  class space    used 12716K, committed 13184K, reserved 1048576K
}
Event: 24.905 GC heap after
{Heap after GC invocations=59 (full 0):
 garbage-first heap   total 225280K, used 134633K [0x0000000080000000, 0x0000000100000000)
  region size 1024K, 3 young (3072K), 3 survivors (3072K)
 Metaspace       used 91820K, committed 92736K, reserved 1179648K
  class space    used 12716K, committed 13184K, reserved 1048576K
}
Event: 25.908 GC heap before
{Heap before GC invocations=59 (full 0):
 garbage-first heap   total 225280K, used 186857K [0x0000000080000000, 0x0000000100000000)
  region size 1024K, 54 young (55296K), 3 survivors (3072K)
 Metaspace       used 91820K, committed 92736K, reserved 1179648K
  class space    used 12716K, committed 13184K, reserved 1048576K
}
Event: 25.911 GC heap after
{Heap after GC invocations=60 (full 0):
 garbage-first heap   total 225280K, used 137134K [0x0000000080000000, 0x0000000100000000)
  region size 1024K, 6 young (6144K), 6 survivors (6144K)
 Metaspace       used 91820K, committed 92736K, reserved 1179648K
  class space    used 12716K, committed 13184K, reserved 1048576K
}
Event: 26.574 GC heap before
{Heap before GC invocations=60 (full 0):
 garbage-first heap   total 225280K, used 167854K [0x0000000080000000, 0x0000000100000000)
  region size 1024K, 37 young (37888K), 6 survivors (6144K)
 Metaspace       used 91854K, committed 92800K, reserved 1179648K
  class space    used 12726K, committed 13184K, reserved 1048576K
}
Event: 26.577 GC heap after
{Heap after GC invocations=61 (full 0):
 garbage-first heap   total 225280K, used 138848K [0x0000000080000000, 0x0000000100000000)
  region size 1024K, 5 young (5120K), 5 survivors (5120K)
 Metaspace       used 91854K, committed 92800K, reserved 1179648K
  class space    used 12726K, committed 13184K, reserved 1048576K
}

