# JRE version: OpenJDK Runtime Environment (17.0.9) (build 17.0.9+0--11185874)
# Java VM: OpenJDK 64-Bit Server VM (17.0.9+0--11185874, mixed mode, tiered, compressed oops, compressed class ptrs, g1 gc, windows-amd64)
GC Precious Log:
 CPUs: 12 total, 12 available
 Memory: 16083M
 Large Page Support: Disabled
 NUMA Support: Disabled
 Compressed Oops: Enabled (32-bit)
 Heap Region Size: 1M
 Heap Min Capacity: 8M
 Heap Initial Capacity: 252M
 Heap Max Capacity: 2G
 Pre-touch: Disabled
 Parallel Workers: 10
 Concurrent Workers: 3
 Concurrent Refinement Workers: 10
 Periodic GC: Disabled
Heap:
 garbage-first heap   total 111616K, used 66847K [0x0000000080000000, 0x0000000100000000)
  region size 1024K, 3 young (3072K), 2 survivors (2048K)
 Metaspace       used 60323K, committed 60992K, reserved 1114112K
  class space    used 8233K, committed 8576K, reserved 1048576K
GC Heap History (20 events):
Event: 7.174 GC heap before
{Heap before GC invocations=14 (full 0):
 garbage-first heap   total 101376K, used 62465K [0x0000000080000000, 0x0000000100000000)
  region size 1024K, 20 young (20480K), 3 survivors (3072K)
 Metaspace       used 48582K, committed 49088K, reserved 1114112K
  class space    used 6478K, committed 6720K, reserved 1048576K
}
Event: 7.176 GC heap after
{Heap after GC invocations=15 (full 0):
 garbage-first heap   total 101376K, used 49312K [0x0000000080000000, 0x0000000100000000)
  region size 1024K, 5 young (5120K), 5 survivors (5120K)
 Metaspace       used 48582K, committed 49088K, reserved 1114112K
  class space    used 6478K, committed 6720K, reserved 1048576K
}
Event: 7.245 GC heap before
{Heap before GC invocations=15 (full 0):
 garbage-first heap   total 101376K, used 55456K [0x0000000080000000, 0x0000000100000000)
  region size 1024K, 10 young (10240K), 5 survivors (5120K)
 Metaspace       used 48919K, committed 49408K, reserved 1114112K
  class space    used 6503K, committed 6720K, reserved 1048576K
}
Event: 7.248 GC heap after
{Heap after GC invocations=16 (full 0):
 garbage-first heap   total 101376K, used 53679K [0x0000000080000000, 0x0000000100000000)
  region size 1024K, 4 young (4096K), 4 survivors (4096K)
 Metaspace       used 48919K, committed 49408K, reserved 1114112K
  class space    used 6503K, committed 6720K, reserved 1048576K
}
Event: 8.048 GC heap before
{Heap before GC invocations=17 (full 0):
 garbage-first heap   total 101376K, used 79279K [0x0000000080000000, 0x0000000100000000)
  region size 1024K, 27 young (27648K), 4 survivors (4096K)
 Metaspace       used 51290K, committed 51840K, reserved 1114112K
  class space    used 6757K, committed 6976K, reserved 1048576K
}
Event: 8.051 GC heap after
{Heap after GC invocations=18 (full 0):
 garbage-first heap   total 101376K, used 54452K [0x0000000080000000, 0x0000000100000000)
  region size 1024K, 3 young (3072K), 3 survivors (3072K)
 Metaspace       used 51290K, committed 51840K, reserved 1114112K
  class space    used 6757K, committed 6976K, reserved 1048576K
}
Event: 8.520 GC heap before
{Heap before GC invocations=18 (full 0):
 garbage-first heap   total 101376K, used 78004K [0x0000000080000000, 0x0000000100000000)
  region size 1024K, 27 young (27648K), 3 survivors (3072K)
 Metaspace       used 53507K, committed 54080K, reserved 1114112K
  class space    used 7154K, committed 7360K, reserved 1048576K
}
Event: 8.523 GC heap after
{Heap after GC invocations=19 (full 0):
 garbage-first heap   total 101376K, used 55558K [0x0000000080000000, 0x0000000100000000)
  region size 1024K, 4 young (4096K), 4 survivors (4096K)
 Metaspace       used 53507K, committed 54080K, reserved 1114112K
  class space    used 7154K, committed 7360K, reserved 1048576K
}
Event: 9.056 GC heap before
{Heap before GC invocations=20 (full 0):
 garbage-first heap   total 101376K, used 80134K [0x0000000080000000, 0x0000000100000000)
  region size 1024K, 29 young (29696K), 4 survivors (4096K)
 Metaspace       used 56552K, committed 57152K, reserved 1114112K
  class space    used 7661K, committed 7936K, reserved 1048576K
}
Event: 9.060 GC heap after
{Heap after GC invocations=21 (full 0):
 garbage-first heap   total 101376K, used 57419K [0x0000000080000000, 0x0000000100000000)
  region size 1024K, 4 young (4096K), 4 survivors (4096K)
 Metaspace       used 56552K, committed 57152K, reserved 1114112K
  class space    used 7661K, committed 7936K, reserved 1048576K
}
Event: 9.921 GC heap before
{Heap before GC invocations=21 (full 0):
 garbage-first heap   total 101376K, used 81995K [0x0000000080000000, 0x0000000100000000)
  region size 1024K, 28 young (28672K), 4 survivors (4096K)
 Metaspace       used 59216K, committed 59840K, reserved 1114112K
  class space    used 8099K, committed 8384K, reserved 1048576K
}
Event: 9.925 GC heap after
{Heap after GC invocations=22 (full 0):
 garbage-first heap   total 101376K, used 58626K [0x0000000080000000, 0x0000000100000000)
  region size 1024K, 4 young (4096K), 4 survivors (4096K)
 Metaspace       used 59216K, committed 59840K, reserved 1114112K
  class space    used 8099K, committed 8384K, reserved 1048576K
}
Event: 10.550 GC heap before
{Heap before GC invocations=23 (full 0):
 garbage-first heap   total 102400K, used 81154K [0x0000000080000000, 0x0000000100000000)
  region size 1024K, 27 young (27648K), 4 survivors (4096K)
 Metaspace       used 60207K, committed 60864K, reserved 1114112K
  class space    used 8222K, committed 8512K, reserved 1048576K
}
Event: 10.554 GC heap after
{Heap after GC invocations=24 (full 0):
 garbage-first heap   total 102400K, used 61213K [0x0000000080000000, 0x0000000100000000)
  region size 1024K, 4 young (4096K), 4 survivors (4096K)
 Metaspace       used 60207K, committed 60864K, reserved 1114112K
  class space    used 8222K, committed 8512K, reserved 1048576K
}
Event: 10.629 GC heap before
{Heap before GC invocations=24 (full 0):
 garbage-first heap   total 102400K, used 63261K [0x0000000080000000, 0x0000000100000000)
  region size 1024K, 7 young (7168K), 4 survivors (4096K)
 Metaspace       used 60267K, committed 60928K, reserved 1114112K
  class space    used 8225K, committed 8512K, reserved 1048576K
}
Event: 10.631 GC heap after
{Heap after GC invocations=25 (full 0):
 garbage-first heap   total 102400K, used 61679K [0x0000000080000000, 0x0000000100000000)
  region size 1024K, 1 young (1024K), 1 survivors (1024K)
 Metaspace       used 60267K, committed 60928K, reserved 1114112K
  class space    used 8225K, committed 8512K, reserved 1048576K
}
Event: 10.683 GC heap before
{Heap before GC invocations=26 (full 0):
 garbage-first heap   total 109568K, used 64751K [0x0000000080000000, 0x0000000100000000)
  region size 1024K, 3 young (3072K), 1 survivors (1024K)
 Metaspace       used 60288K, committed 60928K, reserved 1114112K
  class space    used 8230K, committed 8512K, reserved 1048576K
}
Event: 10.684 GC heap after
{Heap after GC invocations=27 (full 0):
 garbage-first heap   total 109568K, used 64096K [0x0000000080000000, 0x0000000100000000)
  region size 1024K, 1 young (1024K), 1 survivors (1024K)
 Metaspace       used 60288K, committed 60928K, reserved 1114112K
  class space    used 8230K, committed 8512K, reserved 1048576K
}
Event: 10.721 GC heap before
{Heap before GC invocations=28 (full 0):
 garbage-first heap   total 111616K, used 65120K [0x0000000080000000, 0x0000000100000000)
  region size 1024K, 3 young (3072K), 1 survivors (1024K)
 Metaspace       used 60316K, committed 60992K, reserved 1114112K
  class space    used 8233K, committed 8576K, reserved 1048576K
}
Event: 10.722 GC heap after
{Heap after GC invocations=29 (full 0):
 garbage-first heap   total 111616K, used 65823K [0x0000000080000000, 0x0000000100000000)
  region size 1024K, 2 young (2048K), 2 survivors (2048K)
 Metaspace       used 60316K, committed 60992K, reserved 1114112K
  class space    used 8233K, committed 8576K, reserved 1048576K
}

