# JRE version: OpenJDK Runtime Environment (17.0.9) (build 17.0.9+0--11185874)
# Java VM: OpenJDK 64-Bit Server VM (17.0.9+0--11185874, mixed mode, tiered, compressed oops, compressed class ptrs, g1 gc, windows-amd64)
GC Precious Log:
 CPUs: 12 total, 12 available
 Memory: 16083M
 Large Page Support: Disabled
 NUMA Support: Disabled
 Compressed Oops: Enabled (32-bit)
 Heap Region Size: 1M
 Heap Min Capacity: 8M
 Heap Initial Capacity: 252M
 Heap Max Capacity: 2G
 Pre-touch: Disabled
 Parallel Workers: 10
 Concurrent Workers: 3
 Concurrent Refinement Workers: 10
 Periodic GC: Disabled
Heap:
 garbage-first heap   total 355328K, used 288268K [0x0000000080000000, 0x0000000100000000)
  region size 1024K, 14 young (14336K), 3 survivors (3072K)
 Metaspace       used 150044K, committed 151424K, reserved 1245184K
  class space    used 20399K, committed 21056K, reserved 1048576K
GC Heap History (20 events):
Event: 1509.681 GC heap before
{Heap before GC invocations=66 (full 0):
 garbage-first heap   total 355328K, used 303739K [0x0000000080000000, 0x0000000100000000)
  region size 1024K, 36 young (36864K), 6 survivors (6144K)
 Metaspace       used 148627K, committed 149888K, reserved 1179648K
  class space    used 20258K, committed 20864K, reserved 1048576K
}
Event: 1509.686 GC heap after
{Heap after GC invocations=67 (full 0):
 garbage-first heap   total 355328K, used 277710K [0x0000000080000000, 0x0000000100000000)
  region size 1024K, 5 young (5120K), 5 survivors (5120K)
 Metaspace       used 148627K, committed 149888K, reserved 1179648K
  class space    used 20258K, committed 20864K, reserved 1048576K
}
Event: 1513.520 GC heap before
{Heap before GC invocations=67 (full 0):
 garbage-first heap   total 355328K, used 305358K [0x0000000080000000, 0x0000000100000000)
  region size 1024K, 32 young (32768K), 5 survivors (5120K)
 Metaspace       used 148794K, committed 150144K, reserved 1179648K
  class space    used 20280K, committed 20928K, reserved 1048576K
}
Event: 1513.523 GC heap after
{Heap after GC invocations=68 (full 0):
 garbage-first heap   total 355328K, used 279276K [0x0000000080000000, 0x0000000100000000)
  region size 1024K, 2 young (2048K), 2 survivors (2048K)
 Metaspace       used 148794K, committed 150144K, reserved 1179648K
  class space    used 20280K, committed 20928K, reserved 1048576K
}
Event: 1513.667 GC heap before
{Heap before GC invocations=68 (full 0):
 garbage-first heap   total 355328K, used 305900K [0x0000000080000000, 0x0000000100000000)
  region size 1024K, 29 young (29696K), 2 survivors (2048K)
 Metaspace       used 148880K, committed 150208K, reserved 1179648K
  class space    used 20283K, committed 20928K, reserved 1048576K
}
Event: 1513.670 GC heap after
{Heap after GC invocations=69 (full 0):
 garbage-first heap   total 355328K, used 283151K [0x0000000080000000, 0x0000000100000000)
  region size 1024K, 4 young (4096K), 4 survivors (4096K)
 Metaspace       used 148880K, committed 150208K, reserved 1179648K
  class space    used 20283K, committed 20928K, reserved 1048576K
}
Event: 1513.874 GC heap before
{Heap before GC invocations=69 (full 0):
 garbage-first heap   total 355328K, used 308751K [0x0000000080000000, 0x0000000100000000)
  region size 1024K, 28 young (28672K), 4 survivors (4096K)
 Metaspace       used 148932K, committed 150272K, reserved 1179648K
  class space    used 20286K, committed 20928K, reserved 1048576K
}
Event: 1513.878 GC heap after
{Heap after GC invocations=70 (full 0):
 garbage-first heap   total 355328K, used 291201K [0x0000000080000000, 0x0000000100000000)
  region size 1024K, 4 young (4096K), 4 survivors (4096K)
 Metaspace       used 148932K, committed 150272K, reserved 1179648K
  class space    used 20286K, committed 20928K, reserved 1048576K
}
Event: 1513.989 GC heap before
{Heap before GC invocations=70 (full 0):
 garbage-first heap   total 355328K, used 307585K [0x0000000080000000, 0x0000000100000000)
  region size 1024K, 20 young (20480K), 4 survivors (4096K)
 Metaspace       used 148937K, committed 150272K, reserved 1179648K
  class space    used 20286K, committed 20928K, reserved 1048576K
}
Event: 1513.992 GC heap after
{Heap after GC invocations=71 (full 0):
 garbage-first heap   total 355328K, used 295274K [0x0000000080000000, 0x0000000100000000)
  region size 1024K, 3 young (3072K), 3 survivors (3072K)
 Metaspace       used 148937K, committed 150272K, reserved 1179648K
  class space    used 20286K, committed 20928K, reserved 1048576K
}
Event: 1514.105 GC heap before
{Heap before GC invocations=71 (full 0):
 garbage-first heap   total 355328K, used 308586K [0x0000000080000000, 0x0000000100000000)
  region size 1024K, 17 young (17408K), 3 survivors (3072K)
 Metaspace       used 148993K, committed 150336K, reserved 1179648K
  class space    used 20287K, committed 20928K, reserved 1048576K
}
Event: 1514.108 GC heap after
{Heap after GC invocations=72 (full 0):
 garbage-first heap   total 355328K, used 298148K [0x0000000080000000, 0x0000000100000000)
  region size 1024K, 3 young (3072K), 3 survivors (3072K)
 Metaspace       used 148993K, committed 150336K, reserved 1179648K
  class space    used 20287K, committed 20928K, reserved 1048576K
}
Event: 1514.213 GC heap before
{Heap before GC invocations=72 (full 0):
 garbage-first heap   total 355328K, used 312484K [0x0000000080000000, 0x0000000100000000)
  region size 1024K, 17 young (17408K), 3 survivors (3072K)
 Metaspace       used 149124K, committed 150464K, reserved 1179648K
  class space    used 20294K, committed 20928K, reserved 1048576K
}
Event: 1514.217 GC heap after
{Heap after GC invocations=73 (full 0):
 garbage-first heap   total 355328K, used 299296K [0x0000000080000000, 0x0000000100000000)
  region size 1024K, 2 young (2048K), 2 survivors (2048K)
 Metaspace       used 149124K, committed 150464K, reserved 1179648K
  class space    used 20294K, committed 20928K, reserved 1048576K
}
Event: 1514.262 GC heap before
{Heap before GC invocations=73 (full 0):
 garbage-first heap   total 355328K, used 310560K [0x0000000080000000, 0x0000000100000000)
  region size 1024K, 6 young (6144K), 2 survivors (2048K)
 Metaspace       used 149144K, committed 150528K, reserved 1179648K
  class space    used 20294K, committed 20928K, reserved 1048576K
}
Event: 1514.264 GC heap after
{Heap after GC invocations=74 (full 0):
 garbage-first heap   total 355328K, used 307576K [0x0000000080000000, 0x0000000100000000)
  region size 1024K, 2 young (2048K), 2 survivors (2048K)
 Metaspace       used 149144K, committed 150528K, reserved 1179648K
  class space    used 20294K, committed 20928K, reserved 1048576K
}
Event: 1654.274 GC heap before
{Heap before GC invocations=74 (full 0):
 garbage-first heap   total 355328K, used 324984K [0x0000000080000000, 0x0000000100000000)
  region size 1024K, 17 young (17408K), 2 survivors (2048K)
 Metaspace       used 149159K, committed 150528K, reserved 1179648K
  class space    used 20294K, committed 20928K, reserved 1048576K
}
Event: 1654.275 GC heap after
{Heap after GC invocations=75 (full 0):
 garbage-first heap   total 355328K, used 299152K [0x0000000080000000, 0x0000000100000000)
  region size 1024K, 2 young (2048K), 2 survivors (2048K)
 Metaspace       used 149159K, committed 150528K, reserved 1179648K
  class space    used 20294K, committed 20928K, reserved 1048576K
}
Event: 1654.449 GC heap before
{Heap before GC invocations=75 (full 0):
 garbage-first heap   total 355328K, used 314512K [0x0000000080000000, 0x0000000100000000)
  region size 1024K, 17 young (17408K), 2 survivors (2048K)
 Metaspace       used 149917K, committed 151296K, reserved 1245184K
  class space    used 20374K, committed 21056K, reserved 1048576K
}
Event: 1654.451 GC heap after
{Heap after GC invocations=76 (full 0):
 garbage-first heap   total 355328K, used 300657K [0x0000000080000000, 0x0000000100000000)
  region size 1024K, 3 young (3072K), 3 survivors (3072K)
 Metaspace       used 149917K, committed 151296K, reserved 1245184K
  class space    used 20374K, committed 21056K, reserved 1048576K
}

