# JRE version: OpenJDK Runtime Environment (17.0.9) (build 17.0.9+0--11185874)
# Java VM: OpenJDK 64-Bit Server VM (17.0.9+0--11185874, mixed mode, tiered, compressed oops, compressed class ptrs, g1 gc, windows-amd64)
GC Precious Log:
 CPUs: 12 total, 12 available
 Memory: 16083M
 Large Page Support: Disabled
 NUMA Support: Disabled
 Compressed Oops: Enabled (32-bit)
 Heap Region Size: 1M
 Heap Min Capacity: 8M
 Heap Initial Capacity: 252M
 Heap Max Capacity: 2G
 Pre-touch: Disabled
 Parallel Workers: 10
 Concurrent Workers: 3
 Concurrent Refinement Workers: 10
 Periodic GC: Disabled
Heap:
 garbage-first heap   total 258048K, used 129588K [0x0000000080000000, 0x0000000100000000)
  region size 1024K, 3 young (3072K), 3 survivors (3072K)
 Metaspace       used 92309K, committed 93120K, reserved 1179648K
  class space    used 12788K, committed 13184K, reserved 1048576K
GC Heap History (20 events):
Event: 8.782 GC heap after
{Heap after GC invocations=39 (full 0):
 garbage-first heap   total 196608K, used 86621K [0x0000000080000000, 0x0000000100000000)
  region size 1024K, 7 young (7168K), 7 survivors (7168K)
 Metaspace       used 86791K, committed 87552K, reserved 1179648K
  class space    used 12008K, committed 12352K, reserved 1048576K
}
Event: 8.891 GC heap before
{Heap before GC invocations=39 (full 0):
 garbage-first heap   total 196608K, used 104029K [0x0000000080000000, 0x0000000100000000)
  region size 1024K, 18 young (18432K), 7 survivors (7168K)
 Metaspace       used 87845K, committed 88640K, reserved 1179648K
  class space    used 12134K, committed 12480K, reserved 1048576K
}
Event: 8.897 GC heap after
{Heap after GC invocations=40 (full 0):
 garbage-first heap   total 196608K, used 97383K [0x0000000080000000, 0x0000000100000000)
  region size 1024K, 6 young (6144K), 6 survivors (6144K)
 Metaspace       used 87845K, committed 88640K, reserved 1179648K
  class space    used 12134K, committed 12480K, reserved 1048576K
}
Event: 9.392 GC heap before
{Heap before GC invocations=41 (full 0):
 garbage-first heap   total 196608K, used 159847K [0x0000000080000000, 0x0000000100000000)
  region size 1024K, 65 young (66560K), 6 survivors (6144K)
 Metaspace       used 91861K, committed 92672K, reserved 1179648K
  class space    used 12721K, committed 13120K, reserved 1048576K
}
Event: 9.395 GC heap after
{Heap after GC invocations=42 (full 0):
 garbage-first heap   total 196608K, used 107051K [0x0000000080000000, 0x0000000100000000)
  region size 1024K, 9 young (9216K), 9 survivors (9216K)
 Metaspace       used 91861K, committed 92672K, reserved 1179648K
  class space    used 12721K, committed 13120K, reserved 1048576K
}
Event: 9.404 GC heap before
{Heap before GC invocations=42 (full 0):
 garbage-first heap   total 196608K, used 108075K [0x0000000080000000, 0x0000000100000000)
  region size 1024K, 10 young (10240K), 9 survivors (9216K)
 Metaspace       used 91955K, committed 92736K, reserved 1179648K
  class space    used 12735K, committed 13120K, reserved 1048576K
}
Event: 9.409 GC heap after
{Heap after GC invocations=43 (full 0):
 garbage-first heap   total 196608K, used 106991K [0x0000000080000000, 0x0000000100000000)
  region size 1024K, 1 young (1024K), 1 survivors (1024K)
 Metaspace       used 91955K, committed 92736K, reserved 1179648K
  class space    used 12735K, committed 13120K, reserved 1048576K
}
Event: 9.455 GC heap before
{Heap before GC invocations=43 (full 0):
 garbage-first heap   total 196608K, used 111087K [0x0000000080000000, 0x0000000100000000)
  region size 1024K, 6 young (6144K), 1 survivors (1024K)
 Metaspace       used 92276K, committed 93120K, reserved 1179648K
  class space    used 12787K, committed 13184K, reserved 1048576K
}
Event: 9.457 GC heap after
{Heap after GC invocations=44 (full 0):
 garbage-first heap   total 196608K, used 106617K [0x0000000080000000, 0x0000000100000000)
  region size 1024K, 1 young (1024K), 1 survivors (1024K)
 Metaspace       used 92276K, committed 93120K, reserved 1179648K
  class space    used 12787K, committed 13184K, reserved 1048576K
}
Event: 9.699 GC heap before
{Heap before GC invocations=45 (full 0):
 garbage-first heap   total 196608K, used 164985K [0x0000000080000000, 0x0000000100000000)
  region size 1024K, 55 young (56320K), 1 survivors (1024K)
 Metaspace       used 92303K, committed 93120K, reserved 1179648K
  class space    used 12788K, committed 13184K, reserved 1048576K
}
Event: 9.705 GC heap after
{Heap after GC invocations=46 (full 0):
 garbage-first heap   total 196608K, used 124415K [0x0000000080000000, 0x0000000100000000)
  region size 1024K, 7 young (7168K), 7 survivors (7168K)
 Metaspace       used 92303K, committed 93120K, reserved 1179648K
  class space    used 12788K, committed 13184K, reserved 1048576K
}
Event: 9.728 GC heap before
{Heap before GC invocations=46 (full 0):
 garbage-first heap   total 196608K, used 125439K [0x0000000080000000, 0x0000000100000000)
  region size 1024K, 9 young (9216K), 7 survivors (7168K)
 Metaspace       used 92303K, committed 93120K, reserved 1179648K
  class space    used 12788K, committed 13184K, reserved 1048576K
}
Event: 9.731 GC heap after
{Heap after GC invocations=47 (full 0):
 garbage-first heap   total 196608K, used 124755K [0x0000000080000000, 0x0000000100000000)
  region size 1024K, 1 young (1024K), 1 survivors (1024K)
 Metaspace       used 92303K, committed 93120K, reserved 1179648K
  class space    used 12788K, committed 13184K, reserved 1048576K
}
Event: 10.097 GC heap before
{Heap before GC invocations=47 (full 0):
 garbage-first heap   total 196608K, used 158547K [0x0000000080000000, 0x0000000100000000)
  region size 1024K, 34 young (34816K), 1 survivors (1024K)
 Metaspace       used 92309K, committed 93120K, reserved 1179648K
  class space    used 12788K, committed 13184K, reserved 1048576K
}
Event: 10.101 GC heap after
{Heap after GC invocations=48 (full 0):
 garbage-first heap   total 196608K, used 125811K [0x0000000080000000, 0x0000000100000000)
  region size 1024K, 2 young (2048K), 2 survivors (2048K)
 Metaspace       used 92309K, committed 93120K, reserved 1179648K
  class space    used 12788K, committed 13184K, reserved 1048576K
}
Event: 10.435 GC heap before
{Heap before GC invocations=49 (full 0):
 garbage-first heap   total 217088K, used 160627K [0x0000000080000000, 0x0000000100000000)
  region size 1024K, 36 young (36864K), 2 survivors (2048K)
 Metaspace       used 92309K, committed 93120K, reserved 1179648K
  class space    used 12788K, committed 13184K, reserved 1048576K
}
Event: 10.438 GC heap after
{Heap after GC invocations=50 (full 0):
 garbage-first heap   total 217088K, used 127415K [0x0000000080000000, 0x0000000100000000)
  region size 1024K, 4 young (4096K), 4 survivors (4096K)
 Metaspace       used 92309K, committed 93120K, reserved 1179648K
  class space    used 12788K, committed 13184K, reserved 1048576K
}
Event: 10.471 GC heap before
{Heap before GC invocations=50 (full 0):
 garbage-first heap   total 217088K, used 133559K [0x0000000080000000, 0x0000000100000000)
  region size 1024K, 10 young (10240K), 4 survivors (4096K)
 Metaspace       used 92309K, committed 93120K, reserved 1179648K
  class space    used 12788K, committed 13184K, reserved 1048576K
}
Event: 10.474 GC heap after
{Heap after GC invocations=51 (full 0):
 garbage-first heap   total 217088K, used 127534K [0x0000000080000000, 0x0000000100000000)
  region size 1024K, 1 young (1024K), 1 survivors (1024K)
 Metaspace       used 92309K, committed 93120K, reserved 1179648K
  class space    used 12788K, committed 13184K, reserved 1048576K
}
Event: 10.901 GC heap before
{Heap before GC invocations=51 (full 0):
 garbage-first heap   total 217088K, used 175662K [0x0000000080000000, 0x0000000100000000)
  region size 1024K, 48 young (49152K), 1 survivors (1024K)
 Metaspace       used 92309K, committed 93120K, reserved 1179648K
  class space    used 12788K, committed 13184K, reserved 1048576K
}

