# JRE version: OpenJDK Runtime Environment (17.0.9) (build 17.0.9+0--11185874)
# Java VM: OpenJDK 64-Bit Server VM (17.0.9+0--11185874, mixed mode, tiered, compressed oops, compressed class ptrs, g1 gc, windows-amd64)
GC Precious Log:
 CPUs: 12 total, 12 available
 Memory: 16083M
 Large Page Support: Disabled
 NUMA Support: Disabled
 Compressed Oops: Enabled (32-bit)
 Heap Region Size: 1M
 Heap Min Capacity: 8M
 Heap Initial Capacity: 252M
 Heap Max Capacity: 2G
 Pre-touch: Disabled
 Parallel Workers: 10
 Concurrent Workers: 3
 Concurrent Refinement Workers: 10
 Periodic GC: Disabled
Heap:
 garbage-first heap   total 260096K, used 130773K [0x0000000080000000, 0x0000000100000000)
  region size 1024K, 5 young (5120K), 5 survivors (5120K)
 Metaspace       used 135172K, committed 136000K, reserved 1179648K
  class space    used 17593K, committed 17984K, reserved 1048576K
GC Heap History (20 events):
Event: 10.312 GC heap after
{Heap after GC invocations=47 (full 0):
 garbage-first heap   total 208896K, used 108667K [0x0000000080000000, 0x0000000100000000)
  region size 1024K, 6 young (6144K), 6 survivors (6144K)
 Metaspace       used 119456K, committed 120192K, reserved 1179648K
  class space    used 15578K, committed 15936K, reserved 1048576K
}
Event: 10.590 GC heap before
{Heap before GC invocations=47 (full 0):
 garbage-first heap   total 208896K, used 134267K [0x0000000080000000, 0x0000000100000000)
  region size 1024K, 33 young (33792K), 6 survivors (6144K)
 Metaspace       used 120399K, committed 121152K, reserved 1179648K
  class space    used 15682K, committed 16064K, reserved 1048576K
}
Event: 10.594 GC heap after
{Heap after GC invocations=48 (full 0):
 garbage-first heap   total 208896K, used 112317K [0x0000000080000000, 0x0000000100000000)
  region size 1024K, 3 young (3072K), 3 survivors (3072K)
 Metaspace       used 120399K, committed 121152K, reserved 1179648K
  class space    used 15682K, committed 16064K, reserved 1048576K
}
Event: 10.812 GC heap before
{Heap before GC invocations=49 (full 0):
 garbage-first heap   total 208896K, used 180925K [0x0000000080000000, 0x0000000100000000)
  region size 1024K, 63 young (64512K), 3 survivors (3072K)
 Metaspace       used 120482K, committed 121216K, reserved 1179648K
  class space    used 15685K, committed 16064K, reserved 1048576K
}
Event: 10.818 GC heap after
{Heap after GC invocations=50 (full 0):
 garbage-first heap   total 208896K, used 130513K [0x0000000080000000, 0x0000000100000000)
  region size 1024K, 8 young (8192K), 8 survivors (8192K)
 Metaspace       used 120482K, committed 121216K, reserved 1179648K
  class space    used 15685K, committed 16064K, reserved 1048576K
}
Event: 10.820 GC heap before
{Heap before GC invocations=50 (full 0):
 garbage-first heap   total 208896K, used 131537K [0x0000000080000000, 0x0000000100000000)
  region size 1024K, 10 young (10240K), 8 survivors (8192K)
 Metaspace       used 120482K, committed 121216K, reserved 1179648K
  class space    used 15685K, committed 16064K, reserved 1048576K
}
Event: 10.824 GC heap after
{Heap after GC invocations=51 (full 0):
 garbage-first heap   total 208896K, used 128947K [0x0000000080000000, 0x0000000100000000)
  region size 1024K, 1 young (1024K), 1 survivors (1024K)
 Metaspace       used 120482K, committed 121216K, reserved 1179648K
  class space    used 15685K, committed 16064K, reserved 1048576K
}
Event: 10.920 GC heap before
{Heap before GC invocations=51 (full 0):
 garbage-first heap   total 208896K, used 170931K [0x0000000080000000, 0x0000000100000000)
  region size 1024K, 42 young (43008K), 1 survivors (1024K)
 Metaspace       used 120593K, committed 121344K, reserved 1179648K
  class space    used 15689K, committed 16064K, reserved 1048576K
}
Event: 10.922 GC heap after
{Heap after GC invocations=52 (full 0):
 garbage-first heap   total 208896K, used 131232K [0x0000000080000000, 0x0000000100000000)
  region size 1024K, 4 young (4096K), 4 survivors (4096K)
 Metaspace       used 120593K, committed 121344K, reserved 1179648K
  class space    used 15689K, committed 16064K, reserved 1048576K
}
Event: 11.337 GC heap before
{Heap before GC invocations=53 (full 0):
 garbage-first heap   total 225280K, used 173216K [0x0000000080000000, 0x0000000100000000)
  region size 1024K, 44 young (45056K), 4 survivors (4096K)
 Metaspace       used 122814K, committed 123584K, reserved 1179648K
  class space    used 15961K, committed 16320K, reserved 1048576K
}
Event: 11.341 GC heap after
{Heap after GC invocations=54 (full 0):
 garbage-first heap   total 225280K, used 138136K [0x0000000080000000, 0x0000000100000000)
  region size 1024K, 6 young (6144K), 6 survivors (6144K)
 Metaspace       used 122814K, committed 123584K, reserved 1179648K
  class space    used 15961K, committed 16320K, reserved 1048576K
}
Event: 11.385 GC heap before
{Heap before GC invocations=54 (full 0):
 garbage-first heap   total 225280K, used 142232K [0x0000000080000000, 0x0000000100000000)
  region size 1024K, 11 young (11264K), 6 survivors (6144K)
 Metaspace       used 123222K, committed 123968K, reserved 1179648K
  class space    used 16018K, committed 16384K, reserved 1048576K
}
Event: 11.388 GC heap after
{Heap after GC invocations=55 (full 0):
 garbage-first heap   total 225280K, used 129294K [0x0000000080000000, 0x0000000100000000)
  region size 1024K, 1 young (1024K), 1 survivors (1024K)
 Metaspace       used 123222K, committed 123968K, reserved 1179648K
  class space    used 16018K, committed 16384K, reserved 1048576K
}
Event: 11.847 GC heap before
{Heap before GC invocations=55 (full 0):
 garbage-first heap   total 225280K, used 180494K [0x0000000080000000, 0x0000000100000000)
  region size 1024K, 51 young (52224K), 1 survivors (1024K)
 Metaspace       used 128026K, committed 128768K, reserved 1179648K
  class space    used 16626K, committed 16960K, reserved 1048576K
}
Event: 11.849 GC heap after
{Heap after GC invocations=56 (full 0):
 garbage-first heap   total 225280K, used 130522K [0x0000000080000000, 0x0000000100000000)
  region size 1024K, 2 young (2048K), 2 survivors (2048K)
 Metaspace       used 128026K, committed 128768K, reserved 1179648K
  class space    used 16626K, committed 16960K, reserved 1048576K
}
Event: 12.292 GC heap before
{Heap before GC invocations=57 (full 0):
 garbage-first heap   total 225280K, used 189914K [0x0000000080000000, 0x0000000100000000)
  region size 1024K, 54 young (55296K), 2 survivors (2048K)
 Metaspace       used 132166K, committed 132992K, reserved 1179648K
  class space    used 17207K, committed 17600K, reserved 1048576K
}
Event: 12.297 GC heap after
{Heap after GC invocations=58 (full 0):
 garbage-first heap   total 225280K, used 135353K [0x0000000080000000, 0x0000000100000000)
  region size 1024K, 7 young (7168K), 7 survivors (7168K)
 Metaspace       used 132166K, committed 132992K, reserved 1179648K
  class space    used 17207K, committed 17600K, reserved 1048576K
}
Event: 12.331 GC heap before
{Heap before GC invocations=58 (full 0):
 garbage-first heap   total 225280K, used 139449K [0x0000000080000000, 0x0000000100000000)
  region size 1024K, 11 young (11264K), 7 survivors (7168K)
 Metaspace       used 132439K, committed 133184K, reserved 1179648K
  class space    used 17241K, committed 17600K, reserved 1048576K
}
Event: 12.335 GC heap after
{Heap after GC invocations=59 (full 0):
 garbage-first heap   total 225280K, used 126585K [0x0000000080000000, 0x0000000100000000)
  region size 1024K, 1 young (1024K), 1 survivors (1024K)
 Metaspace       used 132439K, committed 133184K, reserved 1179648K
  class space    used 17241K, committed 17600K, reserved 1048576K
}
Event: 12.986 GC heap before
{Heap before GC invocations=59 (full 0):
 garbage-first heap   total 225280K, used 181881K [0x0000000080000000, 0x0000000100000000)
  region size 1024K, 56 young (57344K), 1 survivors (1024K)
 Metaspace       used 135172K, committed 136000K, reserved 1179648K
  class space    used 17593K, committed 17984K, reserved 1048576K
}

