# JRE version: OpenJDK Runtime Environment (17.0.9) (build 17.0.9+0--11185874)
# Java VM: OpenJDK 64-Bit Server VM (17.0.9+0--11185874, mixed mode, tiered, compressed oops, compressed class ptrs, g1 gc, windows-amd64)
GC Precious Log:
 CPUs: 12 total, 12 available
 Memory: 16083M
 Large Page Support: Disabled
 NUMA Support: Disabled
 Compressed Oops: Enabled (32-bit)
 Heap Region Size: 1M
 Heap Min Capacity: 8M
 Heap Initial Capacity: 252M
 Heap Max Capacity: 2G
 Pre-touch: Disabled
 Parallel Workers: 10
 Concurrent Workers: 3
 Concurrent Refinement Workers: 10
 Periodic GC: Disabled
Heap:
 garbage-first heap   total 258048K, used 139147K [0x0000000080000000, 0x0000000100000000)
  region size 1024K, 6 young (6144K), 6 survivors (6144K)
 Metaspace       used 141213K, committed 142016K, reserved 1179648K
  class space    used 18335K, committed 18688K, reserved 1048576K
GC Heap History (20 events):
Event: 9.042 GC heap after
{Heap after GC invocations=38 (full 0):
 garbage-first heap   total 196608K, used 101999K [0x0000000080000000, 0x0000000100000000)
  region size 1024K, 5 young (5120K), 5 survivors (5120K)
 Metaspace       used 111435K, committed 112064K, reserved 1179648K
  class space    used 14319K, committed 14592K, reserved 1048576K
}
Event: 9.056 GC heap before
{Heap before GC invocations=38 (full 0):
 garbage-first heap   total 196608K, used 106095K [0x0000000080000000, 0x0000000100000000)
  region size 1024K, 9 young (9216K), 5 survivors (5120K)
 Metaspace       used 111447K, committed 112064K, reserved 1179648K
  class space    used 14319K, committed 14592K, reserved 1048576K
}
Event: 9.058 GC heap after
{Heap after GC invocations=39 (full 0):
 garbage-first heap   total 236544K, used 102225K [0x0000000080000000, 0x0000000100000000)
  region size 1024K, 1 young (1024K), 1 survivors (1024K)
 Metaspace       used 111447K, committed 112064K, reserved 1179648K
  class space    used 14319K, committed 14592K, reserved 1048576K
}
Event: 9.959 GC heap before
{Heap before GC invocations=39 (full 0):
 garbage-first heap   total 236544K, used 186193K [0x0000000080000000, 0x0000000100000000)
  region size 1024K, 84 young (86016K), 1 survivors (1024K)
 Metaspace       used 122333K, committed 123008K, reserved 1179648K
  class space    used 15755K, committed 16064K, reserved 1048576K
}
Event: 9.963 GC heap after
{Heap after GC invocations=40 (full 0):
 garbage-first heap   total 236544K, used 109044K [0x0000000080000000, 0x0000000100000000)
  region size 1024K, 8 young (8192K), 8 survivors (8192K)
 Metaspace       used 122333K, committed 123008K, reserved 1179648K
  class space    used 15755K, committed 16064K, reserved 1048576K
}
Event: 10.835 GC heap before
{Heap before GC invocations=40 (full 0):
 garbage-first heap   total 236544K, used 184820K [0x0000000080000000, 0x0000000100000000)
  region size 1024K, 83 young (84992K), 8 survivors (8192K)
 Metaspace       used 128263K, committed 129088K, reserved 1179648K
  class space    used 16667K, committed 17024K, reserved 1048576K
}
Event: 10.841 GC heap after
{Heap after GC invocations=41 (full 0):
 garbage-first heap   total 236544K, used 114451K [0x0000000080000000, 0x0000000100000000)
  region size 1024K, 7 young (7168K), 7 survivors (7168K)
 Metaspace       used 128263K, committed 129088K, reserved 1179648K
  class space    used 16667K, committed 17024K, reserved 1048576K
}
Event: 10.969 GC heap before
{Heap before GC invocations=41 (full 0):
 garbage-first heap   total 236544K, used 127763K [0x0000000080000000, 0x0000000100000000)
  region size 1024K, 22 young (22528K), 7 survivors (7168K)
 Metaspace       used 128696K, committed 129408K, reserved 1179648K
  class space    used 16718K, committed 17024K, reserved 1048576K
}
Event: 10.973 GC heap after
{Heap after GC invocations=42 (full 0):
 garbage-first heap   total 236544K, used 115194K [0x0000000080000000, 0x0000000100000000)
  region size 1024K, 2 young (2048K), 2 survivors (2048K)
 Metaspace       used 128696K, committed 129408K, reserved 1179648K
  class space    used 16718K, committed 17024K, reserved 1048576K
}
Event: 11.185 GC heap before
{Heap before GC invocations=43 (full 0):
 garbage-first heap   total 236544K, used 199162K [0x0000000080000000, 0x0000000100000000)
  region size 1024K, 77 young (78848K), 2 survivors (2048K)
 Metaspace       used 128815K, committed 129600K, reserved 1179648K
  class space    used 16721K, committed 17088K, reserved 1048576K
}
Event: 11.191 GC heap after
{Heap after GC invocations=44 (full 0):
 garbage-first heap   total 236544K, used 133318K [0x0000000080000000, 0x0000000100000000)
  region size 1024K, 10 young (10240K), 10 survivors (10240K)
 Metaspace       used 128815K, committed 129600K, reserved 1179648K
  class space    used 16721K, committed 17088K, reserved 1048576K
}
Event: 11.193 GC heap before
{Heap before GC invocations=44 (full 0):
 garbage-first heap   total 236544K, used 134342K [0x0000000080000000, 0x0000000100000000)
  region size 1024K, 11 young (11264K), 10 survivors (10240K)
 Metaspace       used 128817K, committed 129600K, reserved 1179648K
  class space    used 16721K, committed 17088K, reserved 1048576K
}
Event: 11.197 GC heap after
{Heap after GC invocations=45 (full 0):
 garbage-first heap   total 236544K, used 123103K [0x0000000080000000, 0x0000000100000000)
  region size 1024K, 1 young (1024K), 1 survivors (1024K)
 Metaspace       used 128817K, committed 129600K, reserved 1179648K
  class space    used 16721K, committed 17088K, reserved 1048576K
}
Event: 11.569 GC heap before
{Heap before GC invocations=45 (full 0):
 garbage-first heap   total 236544K, used 190687K [0x0000000080000000, 0x0000000100000000)
  region size 1024K, 65 young (66560K), 1 survivors (1024K)
 Metaspace       used 130808K, committed 131584K, reserved 1179648K
  class space    used 16958K, committed 17280K, reserved 1048576K
}
Event: 11.574 GC heap after
{Heap after GC invocations=46 (full 0):
 garbage-first heap   total 236544K, used 134088K [0x0000000080000000, 0x0000000100000000)
  region size 1024K, 9 young (9216K), 9 survivors (9216K)
 Metaspace       used 130808K, committed 131584K, reserved 1179648K
  class space    used 16958K, committed 17280K, reserved 1048576K
}
Event: 12.015 GC heap before
{Heap before GC invocations=47 (full 0):
 garbage-first heap   total 236544K, used 190408K [0x0000000080000000, 0x0000000100000000)
  region size 1024K, 64 young (65536K), 9 survivors (9216K)
 Metaspace       used 135892K, committed 136640K, reserved 1179648K
  class space    used 17594K, committed 17920K, reserved 1048576K
}
Event: 12.018 GC heap after
{Heap after GC invocations=48 (full 0):
 garbage-first heap   total 236544K, used 135860K [0x0000000080000000, 0x0000000100000000)
  region size 1024K, 2 young (2048K), 2 survivors (2048K)
 Metaspace       used 135892K, committed 136640K, reserved 1179648K
  class space    used 17594K, committed 17920K, reserved 1048576K
}
Event: 12.145 GC heap before
{Heap before GC invocations=48 (full 0):
 garbage-first heap   total 236544K, used 145076K [0x0000000080000000, 0x0000000100000000)
  region size 1024K, 11 young (11264K), 2 survivors (2048K)
 Metaspace       used 136932K, committed 137728K, reserved 1179648K
  class space    used 17774K, committed 18112K, reserved 1048576K
}
Event: 12.148 GC heap after
{Heap after GC invocations=49 (full 0):
 garbage-first heap   total 236544K, used 134200K [0x0000000080000000, 0x0000000100000000)
  region size 1024K, 1 young (1024K), 1 survivors (1024K)
 Metaspace       used 136932K, committed 137728K, reserved 1179648K
  class space    used 17774K, committed 18112K, reserved 1048576K
}
Event: 12.576 GC heap before
{Heap before GC invocations=49 (full 0):
 garbage-first heap   total 236544K, used 198712K [0x0000000080000000, 0x0000000100000000)
  region size 1024K, 58 young (59392K), 1 survivors (1024K)
 Metaspace       used 141213K, committed 142016K, reserved 1179648K
  class space    used 18335K, committed 18688K, reserved 1048576K
}

