# JRE version: OpenJDK Runtime Environment (17.0.9) (build 17.0.9+0--11185874)
# Java VM: OpenJDK 64-Bit Server VM (17.0.9+0--11185874, mixed mode, tiered, compressed oops, compressed class ptrs, g1 gc, windows-amd64)
GC Precious Log:
 CPUs: 12 total, 12 available
 Memory: 16083M
 Large Page Support: Disabled
 NUMA Support: Disabled
 Compressed Oops: Enabled (32-bit)
 Heap Region Size: 1M
 Heap Min Capacity: 8M
 Heap Initial Capacity: 252M
 Heap Max Capacity: 2G
 Pre-touch: Disabled
 Parallel Workers: 10
 Concurrent Workers: 3
 Concurrent Refinement Workers: 10
 Periodic GC: Disabled
Heap:
 garbage-first heap   total 417792K, used 201176K [0x0000000080000000, 0x0000000100000000)
  region size 1024K, 30 young (30720K), 20 survivors (20480K)
 Metaspace       used 152607K, committed 153536K, reserved 1245184K
  class space    used 20046K, committed 20480K, reserved 1048576K
GC Heap History (20 events):
Event: 7.865 GC heap before
{Heap before GC invocations=50 (full 0):
 garbage-first heap   total 183296K, used 141312K [0x0000000080000000, 0x0000000100000000)
  region size 1024K, 44 young (45056K), 7 survivors (7168K)
 Metaspace       used 95681K, committed 96512K, reserved 1179648K
  class space    used 13293K, committed 13696K, reserved 1048576K
}
Event: 7.870 GC heap after
{Heap after GC invocations=51 (full 0):
 garbage-first heap   total 183296K, used 107988K [0x0000000080000000, 0x0000000100000000)
  region size 1024K, 4 young (4096K), 4 survivors (4096K)
 Metaspace       used 95681K, committed 96512K, reserved 1179648K
  class space    used 13293K, committed 13696K, reserved 1048576K
}
Event: 7.896 GC heap before
{Heap before GC invocations=51 (full 0):
 garbage-first heap   total 183296K, used 111060K [0x0000000080000000, 0x0000000100000000)
  region size 1024K, 8 young (8192K), 4 survivors (4096K)
 Metaspace       used 96053K, committed 96896K, reserved 1179648K
  class space    used 13336K, committed 13760K, reserved 1048576K
}
Event: 7.899 GC heap after
{Heap after GC invocations=52 (full 0):
 garbage-first heap   total 183296K, used 108158K [0x0000000080000000, 0x0000000100000000)
  region size 1024K, 1 young (1024K), 1 survivors (1024K)
 Metaspace       used 96053K, committed 96896K, reserved 1179648K
  class space    used 13336K, committed 13760K, reserved 1048576K
}
Event: 8.133 GC heap before
{Heap before GC invocations=52 (full 0):
 garbage-first heap   total 183296K, used 153214K [0x0000000080000000, 0x0000000100000000)
  region size 1024K, 38 young (38912K), 1 survivors (1024K)
 Metaspace       used 99626K, committed 100416K, reserved 1179648K
  class space    used 13714K, committed 14080K, reserved 1048576K
}
Event: 8.135 GC heap after
{Heap after GC invocations=53 (full 0):
 garbage-first heap   total 183296K, used 118450K [0x0000000080000000, 0x0000000100000000)
  region size 1024K, 4 young (4096K), 4 survivors (4096K)
 Metaspace       used 99626K, committed 100416K, reserved 1179648K
  class space    used 13714K, committed 14080K, reserved 1048576K
}
Event: 8.383 GC heap before
{Heap before GC invocations=54 (full 0):
 garbage-first heap   total 204800K, used 151218K [0x0000000080000000, 0x0000000100000000)
  region size 1024K, 36 young (36864K), 4 survivors (4096K)
 Metaspace       used 103577K, committed 104384K, reserved 1179648K
  class space    used 14071K, committed 14464K, reserved 1048576K
}
Event: 8.386 GC heap after
{Heap after GC invocations=55 (full 0):
 garbage-first heap   total 204800K, used 119792K [0x0000000080000000, 0x0000000100000000)
  region size 1024K, 2 young (2048K), 2 survivors (2048K)
 Metaspace       used 103577K, committed 104384K, reserved 1179648K
  class space    used 14071K, committed 14464K, reserved 1048576K
}
Event: 8.483 GC heap before
{Heap before GC invocations=55 (full 0):
 garbage-first heap   total 204800K, used 126960K [0x0000000080000000, 0x0000000100000000)
  region size 1024K, 10 young (10240K), 2 survivors (2048K)
 Metaspace       used 104698K, committed 105472K, reserved 1179648K
  class space    used 14224K, committed 14592K, reserved 1048576K
}
Event: 8.486 GC heap after
{Heap after GC invocations=56 (full 0):
 garbage-first heap   total 417792K, used 119496K [0x0000000080000000, 0x0000000100000000)
  region size 1024K, 1 young (1024K), 1 survivors (1024K)
 Metaspace       used 104698K, committed 105472K, reserved 1179648K
  class space    used 14224K, committed 14592K, reserved 1048576K
}
Event: 10.168 GC heap before
{Heap before GC invocations=56 (full 0):
 garbage-first heap   total 417792K, used 313032K [0x0000000080000000, 0x0000000100000000)
  region size 1024K, 189 young (193536K), 1 survivors (1024K)
 Metaspace       used 119403K, committed 120128K, reserved 1179648K
  class space    used 15889K, committed 16256K, reserved 1048576K
}
Event: 10.180 GC heap after
{Heap after GC invocations=57 (full 0):
 garbage-first heap   total 417792K, used 133770K [0x0000000080000000, 0x0000000100000000)
  region size 1024K, 15 young (15360K), 15 survivors (15360K)
 Metaspace       used 119403K, committed 120128K, reserved 1179648K
  class space    used 15889K, committed 16256K, reserved 1048576K
}
Event: 11.562 GC heap before
{Heap before GC invocations=57 (full 0):
 garbage-first heap   total 417792K, used 316042K [0x0000000080000000, 0x0000000100000000)
  region size 1024K, 193 young (197632K), 15 survivors (15360K)
 Metaspace       used 140059K, committed 140864K, reserved 1179648K
  class space    used 18279K, committed 18688K, reserved 1048576K
}
Event: 11.568 GC heap after
{Heap after GC invocations=58 (full 0):
 garbage-first heap   total 417792K, used 139103K [0x0000000080000000, 0x0000000100000000)
  region size 1024K, 6 young (6144K), 6 survivors (6144K)
 Metaspace       used 140059K, committed 140864K, reserved 1179648K
  class space    used 18279K, committed 18688K, reserved 1048576K
}
Event: 12.894 GC heap before
{Heap before GC invocations=58 (full 0):
 garbage-first heap   total 417792K, used 342879K [0x0000000080000000, 0x0000000100000000)
  region size 1024K, 191 young (195584K), 6 survivors (6144K)
 Metaspace       used 148871K, committed 149760K, reserved 1179648K
  class space    used 19634K, committed 20032K, reserved 1048576K
}
Event: 12.907 GC heap after
{Heap after GC invocations=59 (full 0):
 garbage-first heap   total 417792K, used 171858K [0x0000000080000000, 0x0000000100000000)
  region size 1024K, 24 young (24576K), 24 survivors (24576K)
 Metaspace       used 148871K, committed 149760K, reserved 1179648K
  class space    used 19634K, committed 20032K, reserved 1048576K
}
Event: 13.922 GC heap before
{Heap before GC invocations=59 (full 0):
 garbage-first heap   total 417792K, used 325458K [0x0000000080000000, 0x0000000100000000)
  region size 1024K, 174 young (178176K), 24 survivors (24576K)
 Metaspace       used 148882K, committed 149760K, reserved 1179648K
  class space    used 19635K, committed 20032K, reserved 1048576K
}
Event: 13.937 GC heap after
{Heap after GC invocations=60 (full 0):
 garbage-first heap   total 417792K, used 179901K [0x0000000080000000, 0x0000000100000000)
  region size 1024K, 8 young (8192K), 8 survivors (8192K)
 Metaspace       used 148882K, committed 149760K, reserved 1179648K
  class space    used 19635K, committed 20032K, reserved 1048576K
}
Event: 14.693 GC heap before
{Heap before GC invocations=60 (full 0):
 garbage-first heap   total 417792K, used 350909K [0x0000000080000000, 0x0000000100000000)
  region size 1024K, 158 young (161792K), 8 survivors (8192K)
 Metaspace       used 151781K, committed 152640K, reserved 1245184K
  class space    used 19925K, committed 20352K, reserved 1048576K
}
Event: 14.704 GC heap after
{Heap after GC invocations=61 (full 0):
 garbage-first heap   total 417792K, used 191960K [0x0000000080000000, 0x0000000100000000)
  region size 1024K, 20 young (20480K), 20 survivors (20480K)
 Metaspace       used 151781K, committed 152640K, reserved 1245184K
  class space    used 19925K, committed 20352K, reserved 1048576K
}

