# JRE version: OpenJDK Runtime Environment (17.0.9) (build 17.0.9+0--11185874)
# Java VM: OpenJDK 64-Bit Server VM (17.0.9+0--11185874, mixed mode, tiered, compressed oops, compressed class ptrs, g1 gc, windows-amd64)
GC Precious Log:
 CPUs: 12 total, 12 available
 Memory: 16083M
 Large Page Support: Disabled
 NUMA Support: Disabled
 Compressed Oops: Enabled (32-bit)
 Heap Region Size: 1M
 Heap Min Capacity: 8M
 Heap Initial Capacity: 252M
 Heap Max Capacity: 2G
 Pre-touch: Disabled
 Parallel Workers: 10
 Concurrent Workers: 3
 Concurrent Refinement Workers: 10
 Periodic GC: Disabled
Heap:
 garbage-first heap   total 370688K, used 294357K [0x0000000080000000, 0x0000000100000000)
  region size 1024K, 4 young (4096K), 4 survivors (4096K)
 Metaspace       used 124859K, committed 125888K, reserved 1179648K
  class space    used 17294K, committed 17792K, reserved 1048576K
GC Heap History (20 events):
Event: 15.349 GC heap after
{Heap after GC invocations=55 (full 0):
 garbage-first heap   total 370688K, used 164007K [0x0000000080000000, 0x0000000100000000)
  region size 1024K, 18 young (18432K), 18 survivors (18432K)
 Metaspace       used 110453K, committed 111488K, reserved 1179648K
  class space    used 15043K, committed 15552K, reserved 1048576K
}
Event: 16.122 GC heap before
{Heap before GC invocations=55 (full 0):
 garbage-first heap   total 370688K, used 297127K [0x0000000080000000, 0x0000000100000000)
  region size 1024K, 149 young (152576K), 18 survivors (18432K)
 Metaspace       used 112640K, committed 113664K, reserved 1179648K
  class space    used 15322K, committed 15808K, reserved 1048576K
}
Event: 16.132 GC heap after
{Heap after GC invocations=56 (full 0):
 garbage-first heap   total 370688K, used 174597K [0x0000000080000000, 0x0000000100000000)
  region size 1024K, 11 young (11264K), 11 survivors (11264K)
 Metaspace       used 112640K, committed 113664K, reserved 1179648K
  class space    used 15322K, committed 15808K, reserved 1048576K
}
Event: 16.453 GC heap before
{Heap before GC invocations=56 (full 0):
 garbage-first heap   total 370688K, used 268805K [0x0000000080000000, 0x0000000100000000)
  region size 1024K, 69 young (70656K), 11 survivors (11264K)
 Metaspace       used 116580K, committed 117632K, reserved 1179648K
  class space    used 15900K, committed 16448K, reserved 1048576K
}
Event: 16.459 GC heap after
{Heap after GC invocations=57 (full 0):
 garbage-first heap   total 370688K, used 208933K [0x0000000080000000, 0x0000000100000000)
  region size 1024K, 9 young (9216K), 9 survivors (9216K)
 Metaspace       used 116580K, committed 117632K, reserved 1179648K
  class space    used 15900K, committed 16448K, reserved 1048576K
}
Event: 16.888 GC heap before
{Heap before GC invocations=58 (full 0):
 garbage-first heap   total 370688K, used 308261K [0x0000000080000000, 0x0000000100000000)
  region size 1024K, 102 young (104448K), 9 survivors (9216K)
 Metaspace       used 119543K, committed 120512K, reserved 1179648K
  class space    used 16550K, committed 17024K, reserved 1048576K
}
Event: 16.903 GC heap after
{Heap after GC invocations=59 (full 0):
 garbage-first heap   total 370688K, used 240458K [0x0000000080000000, 0x0000000100000000)
  region size 1024K, 13 young (13312K), 13 survivors (13312K)
 Metaspace       used 119543K, committed 120512K, reserved 1179648K
  class space    used 16550K, committed 17024K, reserved 1048576K
}
Event: 16.918 GC heap before
{Heap before GC invocations=59 (full 0):
 garbage-first heap   total 370688K, used 244554K [0x0000000080000000, 0x0000000100000000)
  region size 1024K, 18 young (18432K), 13 survivors (13312K)
 Metaspace       used 119588K, committed 120576K, reserved 1179648K
  class space    used 16551K, committed 17024K, reserved 1048576K
}
Event: 16.930 GC heap after
{Heap after GC invocations=60 (full 0):
 garbage-first heap   total 370688K, used 241847K [0x0000000080000000, 0x0000000100000000)
  region size 1024K, 3 young (3072K), 3 survivors (3072K)
 Metaspace       used 119588K, committed 120576K, reserved 1179648K
  class space    used 16551K, committed 17024K, reserved 1048576K
}
Event: 17.020 GC heap before
{Heap before GC invocations=60 (full 0):
 garbage-first heap   total 370688K, used 296119K [0x0000000080000000, 0x0000000100000000)
  region size 1024K, 57 young (58368K), 3 survivors (3072K)
 Metaspace       used 119713K, committed 120640K, reserved 1179648K
  class space    used 16552K, committed 17024K, reserved 1048576K
}
Event: 17.032 GC heap after
{Heap after GC invocations=61 (full 0):
 garbage-first heap   total 370688K, used 270077K [0x0000000080000000, 0x0000000100000000)
  region size 1024K, 8 young (8192K), 8 survivors (8192K)
 Metaspace       used 119713K, committed 120640K, reserved 1179648K
  class space    used 16552K, committed 17024K, reserved 1048576K
}
Event: 17.278 GC heap before
{Heap before GC invocations=61 (full 0):
 garbage-first heap   total 370688K, used 301821K [0x0000000080000000, 0x0000000100000000)
  region size 1024K, 40 young (40960K), 8 survivors (8192K)
 Metaspace       used 122596K, committed 123648K, reserved 1179648K
  class space    used 16950K, committed 17472K, reserved 1048576K
}
Event: 17.284 GC heap after
{Heap after GC invocations=62 (full 0):
 garbage-first heap   total 370688K, used 276697K [0x0000000080000000, 0x0000000100000000)
  region size 1024K, 5 young (5120K), 5 survivors (5120K)
 Metaspace       used 122596K, committed 123648K, reserved 1179648K
  class space    used 16950K, committed 17472K, reserved 1048576K
}
Event: 17.530 GC heap before
{Heap before GC invocations=62 (full 0):
 garbage-first heap   total 370688K, used 305369K [0x0000000080000000, 0x0000000100000000)
  region size 1024K, 34 young (34816K), 5 survivors (5120K)
 Metaspace       used 123927K, committed 124928K, reserved 1179648K
  class space    used 17171K, committed 17664K, reserved 1048576K
}
Event: 17.534 GC heap after
{Heap after GC invocations=63 (full 0):
 garbage-first heap   total 370688K, used 279219K [0x0000000080000000, 0x0000000100000000)
  region size 1024K, 3 young (3072K), 3 survivors (3072K)
 Metaspace       used 123927K, committed 124928K, reserved 1179648K
  class space    used 17171K, committed 17664K, reserved 1048576K
}
Event: 17.717 GC heap before
{Heap before GC invocations=63 (full 0):
 garbage-first heap   total 370688K, used 308915K [0x0000000080000000, 0x0000000100000000)
  region size 1024K, 33 young (33792K), 3 survivors (3072K)
 Metaspace       used 124517K, committed 125504K, reserved 1179648K
  class space    used 17254K, committed 17728K, reserved 1048576K
}
Event: 17.720 GC heap after
{Heap after GC invocations=64 (full 0):
 garbage-first heap   total 370688K, used 283409K [0x0000000080000000, 0x0000000100000000)
  region size 1024K, 5 young (5120K), 5 survivors (5120K)
 Metaspace       used 124517K, committed 125504K, reserved 1179648K
  class space    used 17254K, committed 17728K, reserved 1048576K
}
Event: 17.848 GC heap before
{Heap before GC invocations=64 (full 0):
 garbage-first heap   total 370688K, used 314129K [0x0000000080000000, 0x0000000100000000)
  region size 1024K, 34 young (34816K), 5 survivors (5120K)
 Metaspace       used 124810K, committed 125888K, reserved 1179648K
  class space    used 17288K, committed 17792K, reserved 1048576K
}
Event: 17.852 GC heap after
{Heap after GC invocations=65 (full 0):
 garbage-first heap   total 370688K, used 286294K [0x0000000080000000, 0x0000000100000000)
  region size 1024K, 2 young (2048K), 2 survivors (2048K)
 Metaspace       used 124810K, committed 125888K, reserved 1179648K
  class space    used 17288K, committed 17792K, reserved 1048576K
}
Event: 18.003 GC heap before
{Heap before GC invocations=65 (full 0):
 garbage-first heap   total 370688K, used 321110K [0x0000000080000000, 0x0000000100000000)
  region size 1024K, 31 young (31744K), 2 survivors (2048K)
 Metaspace       used 124859K, committed 125888K, reserved 1179648K
  class space    used 17294K, committed 17792K, reserved 1048576K
}

