# JRE version: OpenJDK Runtime Environment (17.0.9) (build 17.0.9+0--11185874)
# Java VM: OpenJDK 64-Bit Server VM (17.0.9+0--11185874, mixed mode, tiered, compressed oops, compressed class ptrs, g1 gc, windows-amd64)
GC Precious Log:
 CPUs: 12 total, 12 available
 Memory: 16083M
 Large Page Support: Disabled
 NUMA Support: Disabled
 Compressed Oops: Enabled (32-bit)
 Heap Region Size: 1M
 Heap Min Capacity: 8M
 Heap Initial Capacity: 252M
 Heap Max Capacity: 2G
 Pre-touch: Disabled
 Parallel Workers: 10
 Concurrent Workers: 3
 Concurrent Refinement Workers: 10
 Periodic GC: Disabled
Heap:
 garbage-first heap   total 380928K, used 182170K [0x0000000080000000, 0x0000000100000000)
  region size 1024K, 1 young (1024K), 1 survivors (1024K)
 Metaspace       used 112845K, committed 113664K, reserved 1179648K
  class space    used 15916K, committed 16320K, reserved 1048576K
GC Heap History (20 events):
Event: 7.786 GC heap after
{Heap after GC invocations=20 (full 0):
 garbage-first heap   total 311296K, used 70343K [0x0000000080000000, 0x0000000100000000)
  region size 1024K, 21 young (21504K), 21 survivors (21504K)
 Metaspace       used 91675K, committed 92416K, reserved 1179648K
  class space    used 12874K, committed 13248K, reserved 1048576K
}
Event: 8.955 GC heap before
{Heap before GC invocations=20 (full 0):
 garbage-first heap   total 311296K, used 258759K [0x0000000080000000, 0x0000000100000000)
  region size 1024K, 182 young (186368K), 21 survivors (21504K)
 Metaspace       used 98888K, committed 99648K, reserved 1179648K
  class space    used 13758K, committed 14144K, reserved 1048576K
}
Event: 8.963 GC heap after
{Heap after GC invocations=21 (full 0):
 garbage-first heap   total 311296K, used 78174K [0x0000000080000000, 0x0000000100000000)
  region size 1024K, 17 young (17408K), 17 survivors (17408K)
 Metaspace       used 98888K, committed 99648K, reserved 1179648K
  class space    used 13758K, committed 14144K, reserved 1048576K
}
Event: 9.228 GC heap before
{Heap before GC invocations=21 (full 0):
 garbage-first heap   total 311296K, used 139614K [0x0000000080000000, 0x0000000100000000)
  region size 1024K, 79 young (80896K), 17 survivors (17408K)
 Metaspace       used 99687K, committed 100416K, reserved 1179648K
  class space    used 13840K, committed 14208K, reserved 1048576K
}
Event: 9.234 GC heap after
{Heap after GC invocations=22 (full 0):
 garbage-first heap   total 311296K, used 82853K [0x0000000080000000, 0x0000000100000000)
  region size 1024K, 12 young (12288K), 12 survivors (12288K)
 Metaspace       used 99687K, committed 100416K, reserved 1179648K
  class space    used 13840K, committed 14208K, reserved 1048576K
}
Event: 10.014 GC heap before
{Heap before GC invocations=23 (full 0):
 garbage-first heap   total 301056K, used 275365K [0x0000000080000000, 0x0000000100000000)
  region size 1024K, 161 young (164864K), 12 survivors (12288K)
 Metaspace       used 106942K, committed 107776K, reserved 1179648K
  class space    used 15117K, committed 15552K, reserved 1048576K
}
Event: 10.030 GC heap after
{Heap after GC invocations=24 (full 0):
 garbage-first heap   total 321536K, used 139064K [0x0000000080000000, 0x0000000100000000)
  region size 1024K, 22 young (22528K), 22 survivors (22528K)
 Metaspace       used 106942K, committed 107776K, reserved 1179648K
  class space    used 15117K, committed 15552K, reserved 1048576K
}
Event: 10.359 GC heap before
{Heap before GC invocations=24 (full 0):
 garbage-first heap   total 321536K, used 248632K [0x0000000080000000, 0x0000000100000000)
  region size 1024K, 130 young (133120K), 22 survivors (22528K)
 Metaspace       used 109106K, committed 109952K, reserved 1179648K
  class space    used 15401K, committed 15808K, reserved 1048576K
}
Event: 10.383 GC heap after
{Heap after GC invocations=25 (full 0):
 garbage-first heap   total 321536K, used 173846K [0x0000000080000000, 0x0000000100000000)
  region size 1024K, 17 young (17408K), 17 survivors (17408K)
 Metaspace       used 109106K, committed 109952K, reserved 1179648K
  class space    used 15401K, committed 15808K, reserved 1048576K
}
Event: 10.583 GC heap before
{Heap before GC invocations=25 (full 0):
 garbage-first heap   total 321536K, used 237334K [0x0000000080000000, 0x0000000100000000)
  region size 1024K, 81 young (82944K), 17 survivors (17408K)
 Metaspace       used 111074K, committed 111872K, reserved 1179648K
  class space    used 15645K, committed 16064K, reserved 1048576K
}
Event: 10.594 GC heap after
{Heap after GC invocations=26 (full 0):
 garbage-first heap   total 321536K, used 178882K [0x0000000080000000, 0x0000000100000000)
  region size 1024K, 5 young (5120K), 5 survivors (5120K)
 Metaspace       used 111074K, committed 111872K, reserved 1179648K
  class space    used 15645K, committed 16064K, reserved 1048576K
}
Event: 10.840 GC heap before
{Heap before GC invocations=27 (full 0):
 garbage-first heap   total 321536K, used 248514K [0x0000000080000000, 0x0000000100000000)
  region size 1024K, 75 young (76800K), 5 survivors (5120K)
 Metaspace       used 111973K, committed 112768K, reserved 1179648K
  class space    used 15799K, committed 16192K, reserved 1048576K
}
Event: 10.843 GC heap after
{Heap after GC invocations=28 (full 0):
 garbage-first heap   total 321536K, used 179502K [0x0000000080000000, 0x0000000100000000)
  region size 1024K, 7 young (7168K), 7 survivors (7168K)
 Metaspace       used 111973K, committed 112768K, reserved 1179648K
  class space    used 15799K, committed 16192K, reserved 1048576K
}
Event: 10.855 GC heap before
{Heap before GC invocations=28 (full 0):
 garbage-first heap   total 321536K, used 187694K [0x0000000080000000, 0x0000000100000000)
  region size 1024K, 15 young (15360K), 7 survivors (7168K)
 Metaspace       used 111979K, committed 112768K, reserved 1179648K
  class space    used 15799K, committed 16192K, reserved 1048576K
}
Event: 10.858 GC heap after
{Heap after GC invocations=29 (full 0):
 garbage-first heap   total 321536K, used 179492K [0x0000000080000000, 0x0000000100000000)
  region size 1024K, 2 young (2048K), 2 survivors (2048K)
 Metaspace       used 111979K, committed 112768K, reserved 1179648K
  class space    used 15799K, committed 16192K, reserved 1048576K
}
Event: 11.009 GC heap before
{Heap before GC invocations=29 (full 0):
 garbage-first heap   total 321536K, used 253220K [0x0000000080000000, 0x0000000100000000)
  region size 1024K, 75 young (76800K), 2 survivors (2048K)
 Metaspace       used 112437K, committed 113280K, reserved 1179648K
  class space    used 15866K, committed 16320K, reserved 1048576K
}
Event: 11.012 GC heap after
{Heap after GC invocations=30 (full 0):
 garbage-first heap   total 321536K, used 183030K [0x0000000080000000, 0x0000000100000000)
  region size 1024K, 5 young (5120K), 5 survivors (5120K)
 Metaspace       used 112437K, committed 113280K, reserved 1179648K
  class space    used 15866K, committed 16320K, reserved 1048576K
}
Event: 11.187 GC heap before
{Heap before GC invocations=31 (full 0):
 garbage-first heap   total 380928K, used 258806K [0x0000000080000000, 0x0000000100000000)
  region size 1024K, 79 young (80896K), 5 survivors (5120K)
 Metaspace       used 112834K, committed 113664K, reserved 1179648K
  class space    used 15916K, committed 16320K, reserved 1048576K
}
Event: 11.191 GC heap after
{Heap after GC invocations=32 (full 0):
 garbage-first heap   total 380928K, used 184400K [0x0000000080000000, 0x0000000100000000)
  region size 1024K, 7 young (7168K), 7 survivors (7168K)
 Metaspace       used 112834K, committed 113664K, reserved 1179648K
  class space    used 15916K, committed 16320K, reserved 1048576K
}
Event: 11.205 GC heap before
{Heap before GC invocations=32 (full 0):
 garbage-first heap   total 380928K, used 195664K [0x0000000080000000, 0x0000000100000000)
  region size 1024K, 18 young (18432K), 7 survivors (7168K)
 Metaspace       used 112845K, committed 113664K, reserved 1179648K
  class space    used 15916K, committed 16320K, reserved 1048576K
}

