# JRE version: OpenJDK Runtime Environment (17.0.9) (build 17.0.9+0--11185874)
# Java VM: OpenJDK 64-Bit Server VM (17.0.9+0--11185874, mixed mode, tiered, compressed oops, compressed class ptrs, g1 gc, windows-amd64)
GC Precious Log:
 CPUs: 12 total, 12 available
 Memory: 16083M
 Large Page Support: Disabled
 NUMA Support: Disabled
 Compressed Oops: Enabled (32-bit)
 Heap Region Size: 1M
 Heap Min Capacity: 8M
 Heap Initial Capacity: 252M
 Heap Max Capacity: 2G
 Pre-touch: Disabled
 Parallel Workers: 10
 Concurrent Workers: 3
 Concurrent Refinement Workers: 10
 Periodic GC: Disabled
Heap:
 garbage-first heap   total 347136K, used 200704K [0x0000000080000000, 0x0000000100000000)
  region size 1024K, 3 young (3072K), 3 survivors (3072K)
 Metaspace       used 121047K, committed 121856K, reserved 1179648K
  class space    used 17470K, committed 17856K, reserved 1048576K
GC Heap History (20 events):
Event: 9.628 GC heap after
{Heap after GC invocations=31 (full 0):
 garbage-first heap   total 164864K, used 80864K [0x0000000080000000, 0x0000000100000000)
  region size 1024K, 1 young (1024K), 1 survivors (1024K)
 Metaspace       used 93736K, committed 94464K, reserved 1179648K
  class space    used 13161K, committed 13504K, reserved 1048576K
}
Event: 9.787 GC heap before
{Heap before GC invocations=32 (full 0):
 garbage-first heap   total 164864K, used 138208K [0x0000000080000000, 0x0000000100000000)
  region size 1024K, 57 young (58368K), 1 survivors (1024K)
 Metaspace       used 93738K, committed 94464K, reserved 1179648K
  class space    used 13161K, committed 13504K, reserved 1048576K
}
Event: 9.789 GC heap after
{Heap after GC invocations=33 (full 0):
 garbage-first heap   total 164864K, used 81115K [0x0000000080000000, 0x0000000100000000)
  region size 1024K, 1 young (1024K), 1 survivors (1024K)
 Metaspace       used 93738K, committed 94464K, reserved 1179648K
  class space    used 13161K, committed 13504K, reserved 1048576K
}
Event: 9.809 GC heap before
{Heap before GC invocations=33 (full 0):
 garbage-first heap   total 164864K, used 88283K [0x0000000080000000, 0x0000000100000000)
  region size 1024K, 8 young (8192K), 1 survivors (1024K)
 Metaspace       used 93738K, committed 94464K, reserved 1179648K
  class space    used 13161K, committed 13504K, reserved 1048576K
}
Event: 9.811 GC heap after
{Heap after GC invocations=34 (full 0):
 garbage-first heap   total 164864K, used 80841K [0x0000000080000000, 0x0000000100000000)
  region size 1024K, 1 young (1024K), 1 survivors (1024K)
 Metaspace       used 93738K, committed 94464K, reserved 1179648K
  class space    used 13161K, committed 13504K, reserved 1048576K
}
Event: 10.819 GC heap before
{Heap before GC invocations=34 (full 0):
 garbage-first heap   total 164864K, used 145353K [0x0000000080000000, 0x0000000100000000)
  region size 1024K, 58 young (59392K), 1 survivors (1024K)
 Metaspace       used 101422K, committed 102144K, reserved 1179648K
  class space    used 14084K, committed 14400K, reserved 1048576K
}
Event: 10.826 GC heap after
{Heap after GC invocations=35 (full 0):
 garbage-first heap   total 256000K, used 86475K [0x0000000080000000, 0x0000000100000000)
  region size 1024K, 7 young (7168K), 7 survivors (7168K)
 Metaspace       used 101422K, committed 102144K, reserved 1179648K
  class space    used 14084K, committed 14400K, reserved 1048576K
}
Event: 12.120 GC heap before
{Heap before GC invocations=35 (full 0):
 garbage-first heap   total 256000K, used 219595K [0x0000000080000000, 0x0000000100000000)
  region size 1024K, 125 young (128000K), 7 survivors (7168K)
 Metaspace       used 105376K, committed 106176K, reserved 1179648K
  class space    used 14595K, committed 14976K, reserved 1048576K
}
Event: 12.126 GC heap after
{Heap after GC invocations=36 (full 0):
 garbage-first heap   total 256000K, used 103182K [0x0000000080000000, 0x0000000100000000)
  region size 1024K, 12 young (12288K), 12 survivors (12288K)
 Metaspace       used 105376K, committed 106176K, reserved 1179648K
  class space    used 14595K, committed 14976K, reserved 1048576K
}
Event: 12.470 GC heap before
{Heap before GC invocations=36 (full 0):
 garbage-first heap   total 256000K, used 179982K [0x0000000080000000, 0x0000000100000000)
  region size 1024K, 64 young (65536K), 12 survivors (12288K)
 Metaspace       used 109600K, committed 110336K, reserved 1179648K
  class space    used 15278K, committed 15616K, reserved 1048576K
}
Event: 12.476 GC heap after
{Heap after GC invocations=37 (full 0):
 garbage-first heap   total 256000K, used 121749K [0x0000000080000000, 0x0000000100000000)
  region size 1024K, 7 young (7168K), 7 survivors (7168K)
 Metaspace       used 109600K, committed 110336K, reserved 1179648K
  class space    used 15278K, committed 15616K, reserved 1048576K
}
Event: 12.923 GC heap before
{Heap before GC invocations=37 (full 0):
 garbage-first heap   total 256000K, used 209813K [0x0000000080000000, 0x0000000100000000)
  region size 1024K, 90 young (92160K), 7 survivors (7168K)
 Metaspace       used 114007K, committed 114816K, reserved 1179648K
  class space    used 15980K, committed 16384K, reserved 1048576K
}
Event: 12.939 GC heap after
{Heap after GC invocations=38 (full 0):
 garbage-first heap   total 256000K, used 138685K [0x0000000080000000, 0x0000000100000000)
  region size 1024K, 12 young (12288K), 12 survivors (12288K)
 Metaspace       used 114007K, committed 114816K, reserved 1179648K
  class space    used 15980K, committed 16384K, reserved 1048576K
}
Event: 13.357 GC heap before
{Heap before GC invocations=38 (full 0):
 garbage-first heap   total 256000K, used 203197K [0x0000000080000000, 0x0000000100000000)
  region size 1024K, 75 young (76800K), 12 survivors (12288K)
 Metaspace       used 119516K, committed 120320K, reserved 1179648K
  class space    used 17256K, committed 17600K, reserved 1048576K
}
Event: 13.369 GC heap after
{Heap after GC invocations=39 (full 0):
 garbage-first heap   total 256000K, used 152362K [0x0000000080000000, 0x0000000100000000)
  region size 1024K, 10 young (10240K), 10 survivors (10240K)
 Metaspace       used 119516K, committed 120320K, reserved 1179648K
  class space    used 17256K, committed 17600K, reserved 1048576K
}
Event: 13.491 GC heap before
{Heap before GC invocations=39 (full 0):
 garbage-first heap   total 256000K, used 204586K [0x0000000080000000, 0x0000000100000000)
  region size 1024K, 62 young (63488K), 10 survivors (10240K)
 Metaspace       used 120074K, committed 120896K, reserved 1179648K
  class space    used 17337K, committed 17728K, reserved 1048576K
}
Event: 13.507 GC heap after
{Heap after GC invocations=40 (full 0):
 garbage-first heap   total 256000K, used 177101K [0x0000000080000000, 0x0000000100000000)
  region size 1024K, 8 young (8192K), 8 survivors (8192K)
 Metaspace       used 120074K, committed 120896K, reserved 1179648K
  class space    used 17337K, committed 17728K, reserved 1048576K
}
Event: 13.561 GC heap before
{Heap before GC invocations=40 (full 0):
 garbage-first heap   total 256000K, used 205773K [0x0000000080000000, 0x0000000100000000)
  region size 1024K, 37 young (37888K), 8 survivors (8192K)
 Metaspace       used 120525K, committed 121344K, reserved 1179648K
  class space    used 17404K, committed 17792K, reserved 1048576K
}
Event: 13.571 GC heap after
{Heap after GC invocations=41 (full 0):
 garbage-first heap   total 256000K, used 192376K [0x0000000080000000, 0x0000000100000000)
  region size 1024K, 5 young (5120K), 5 survivors (5120K)
 Metaspace       used 120525K, committed 121344K, reserved 1179648K
  class space    used 17404K, committed 17792K, reserved 1048576K
}
Event: 13.704 GC heap before
{Heap before GC invocations=41 (full 0):
 garbage-first heap   total 347136K, used 210808K [0x0000000080000000, 0x0000000100000000)
  region size 1024K, 24 young (24576K), 5 survivors (5120K)
 Metaspace       used 121047K, committed 121856K, reserved 1179648K
  class space    used 17470K, committed 17856K, reserved 1048576K
}

