# JRE version: OpenJDK Runtime Environment (17.0.9) (build 17.0.9+0--11185874)
# Java VM: OpenJDK 64-Bit Server VM (17.0.9+0--11185874, mixed mode, tiered, compressed oops, compressed class ptrs, g1 gc, windows-amd64)
GC Precious Log:
 CPUs: 12 total, 12 available
 Memory: 16083M
 Large Page Support: Disabled
 NUMA Support: Disabled
 Compressed Oops: Enabled (32-bit)
 Heap Region Size: 1M
 Heap Min Capacity: 8M
 Heap Initial Capacity: 252M
 Heap Max Capacity: 2G
 Pre-touch: Disabled
 Parallel Workers: 10
 Concurrent Workers: 3
 Concurrent Refinement Workers: 10
 Periodic GC: Disabled
Heap:
 garbage-first heap   total 517120K, used 333824K [0x0000000080000000, 0x0000000100000000)
  region size 1024K, 126 young (129024K), 21 survivors (21504K)
 Metaspace       used 182111K, committed 183296K, reserved 1245184K
  class space    used 23570K, committed 24128K, reserved 1048576K
GC Heap History (20 events):
Event: 9.500 GC heap before
{Heap before GC invocations=36 (full 0):
 garbage-first heap   total 192512K, used 157850K [0x0000000080000000, 0x0000000100000000)
  region size 1024K, 56 young (57344K), 2 survivors (2048K)
 Metaspace       used 117039K, committed 117696K, reserved 1179648K
  class space    used 15133K, committed 15424K, reserved 1048576K
}
Event: 9.504 GC heap after
{Heap after GC invocations=37 (full 0):
 garbage-first heap   total 192512K, used 106155K [0x0000000080000000, 0x0000000100000000)
  region size 1024K, 5 young (5120K), 5 survivors (5120K)
 Metaspace       used 117039K, committed 117696K, reserved 1179648K
  class space    used 15133K, committed 15424K, reserved 1048576K
}
Event: 9.968 GC heap before
{Heap before GC invocations=38 (full 0):
 garbage-first heap   total 192512K, used 158379K [0x0000000080000000, 0x0000000100000000)
  region size 1024K, 57 young (58368K), 5 survivors (5120K)
 Metaspace       used 123723K, committed 124416K, reserved 1179648K
  class space    used 15956K, committed 16256K, reserved 1048576K
}
Event: 9.972 GC heap after
{Heap after GC invocations=39 (full 0):
 garbage-first heap   total 192512K, used 110002K [0x0000000080000000, 0x0000000100000000)
  region size 1024K, 4 young (4096K), 4 survivors (4096K)
 Metaspace       used 123723K, committed 124416K, reserved 1179648K
  class space    used 15956K, committed 16256K, reserved 1048576K
}
Event: 10.015 GC heap before
{Heap before GC invocations=39 (full 0):
 garbage-first heap   total 192512K, used 115122K [0x0000000080000000, 0x0000000100000000)
  region size 1024K, 9 young (9216K), 4 survivors (4096K)
 Metaspace       used 124228K, committed 124864K, reserved 1179648K
  class space    used 16052K, committed 16320K, reserved 1048576K
}
Event: 10.017 GC heap after
{Heap after GC invocations=40 (full 0):
 garbage-first heap   total 192512K, used 105827K [0x0000000080000000, 0x0000000100000000)
  region size 1024K, 1 young (1024K), 1 survivors (1024K)
 Metaspace       used 124228K, committed 124864K, reserved 1179648K
  class space    used 16052K, committed 16320K, reserved 1048576K
}
Event: 10.641 GC heap before
{Heap before GC invocations=40 (full 0):
 garbage-first heap   total 192512K, used 158051K [0x0000000080000000, 0x0000000100000000)
  region size 1024K, 53 young (54272K), 1 survivors (1024K)
 Metaspace       used 128186K, committed 128960K, reserved 1179648K
  class space    used 16679K, committed 17024K, reserved 1048576K
}
Event: 10.645 GC heap after
{Heap after GC invocations=41 (full 0):
 garbage-first heap   total 517120K, used 109862K [0x0000000080000000, 0x0000000100000000)
  region size 1024K, 5 young (5120K), 5 survivors (5120K)
 Metaspace       used 128186K, committed 128960K, reserved 1179648K
  class space    used 16679K, committed 17024K, reserved 1048576K
}
Event: 12.814 GC heap before
{Heap before GC invocations=41 (full 0):
 garbage-first heap   total 517120K, used 394534K [0x0000000080000000, 0x0000000100000000)
  region size 1024K, 268 young (274432K), 5 survivors (5120K)
 Metaspace       used 140752K, committed 141632K, reserved 1179648K
  class space    used 18282K, committed 18688K, reserved 1048576K
}
Event: 12.851 GC heap after
{Heap after GC invocations=42 (full 0):
 garbage-first heap   total 517120K, used 137497K [0x0000000080000000, 0x0000000100000000)
  region size 1024K, 27 young (27648K), 27 survivors (27648K)
 Metaspace       used 140752K, committed 141632K, reserved 1179648K
  class space    used 18282K, committed 18688K, reserved 1048576K
}
Event: 14.917 GC heap before
{Heap before GC invocations=42 (full 0):
 garbage-first heap   total 517120K, used 389401K [0x0000000080000000, 0x0000000100000000)
  region size 1024K, 272 young (278528K), 27 survivors (27648K)
 Metaspace       used 151510K, committed 152384K, reserved 1245184K
  class space    used 19733K, committed 20160K, reserved 1048576K
}
Event: 14.927 GC heap after
{Heap after GC invocations=43 (full 0):
 garbage-first heap   total 517120K, used 144428K [0x0000000080000000, 0x0000000100000000)
  region size 1024K, 7 young (7168K), 7 survivors (7168K)
 Metaspace       used 151510K, committed 152384K, reserved 1245184K
  class space    used 19733K, committed 20160K, reserved 1048576K
}
Event: 16.842 GC heap before
{Heap before GC invocations=43 (full 0):
 garbage-first heap   total 517120K, used 416812K [0x0000000080000000, 0x0000000100000000)
  region size 1024K, 259 young (265216K), 7 survivors (7168K)
 Metaspace       used 158624K, committed 159616K, reserved 1245184K
  class space    used 20748K, committed 21184K, reserved 1048576K
}
Event: 16.863 GC heap after
{Heap after GC invocations=44 (full 0):
 garbage-first heap   total 517120K, used 178997K [0x0000000080000000, 0x0000000100000000)
  region size 1024K, 33 young (33792K), 33 survivors (33792K)
 Metaspace       used 158624K, committed 159616K, reserved 1245184K
  class space    used 20748K, committed 21184K, reserved 1048576K
}
Event: 18.603 GC heap before
{Heap before GC invocations=44 (full 0):
 garbage-first heap   total 517120K, used 423733K [0x0000000080000000, 0x0000000100000000)
  region size 1024K, 255 young (261120K), 33 survivors (33792K)
 Metaspace       used 162768K, committed 163776K, reserved 1245184K
  class space    used 21226K, committed 21696K, reserved 1048576K
}
Event: 18.620 GC heap after
{Heap after GC invocations=45 (full 0):
 garbage-first heap   total 517120K, used 198271K [0x0000000080000000, 0x0000000100000000)
  region size 1024K, 18 young (18432K), 18 survivors (18432K)
 Metaspace       used 162768K, committed 163776K, reserved 1245184K
  class space    used 21226K, committed 21696K, reserved 1048576K
}
Event: 226.307 GC heap before
{Heap before GC invocations=45 (full 0):
 garbage-first heap   total 517120K, used 418431K [0x0000000080000000, 0x0000000100000000)
  region size 1024K, 229 young (234496K), 18 survivors (18432K)
 Metaspace       used 175559K, committed 176704K, reserved 1245184K
  class space    used 22804K, committed 23360K, reserved 1048576K
}
Event: 226.318 GC heap after
{Heap after GC invocations=46 (full 0):
 garbage-first heap   total 517120K, used 211303K [0x0000000080000000, 0x0000000100000000)
  region size 1024K, 14 young (14336K), 14 survivors (14336K)
 Metaspace       used 175559K, committed 176704K, reserved 1245184K
  class space    used 22804K, committed 23360K, reserved 1048576K
}
Event: 294.589 GC heap before
{Heap before GC invocations=46 (full 0):
 garbage-first heap   total 517120K, used 417127K [0x0000000080000000, 0x0000000100000000)
  region size 1024K, 216 young (221184K), 14 survivors (14336K)
 Metaspace       used 179154K, committed 180416K, reserved 1245184K
  class space    used 23246K, committed 23808K, reserved 1048576K
}
Event: 294.598 GC heap after
{Heap after GC invocations=47 (full 0):
 garbage-first heap   total 517120K, used 219136K [0x0000000080000000, 0x0000000100000000)
  region size 1024K, 21 young (21504K), 21 survivors (21504K)
 Metaspace       used 179154K, committed 180416K, reserved 1245184K
  class space    used 23246K, committed 23808K, reserved 1048576K
}

