# JRE version: OpenJDK Runtime Environment (17.0.9) (build 17.0.9+0--11185874)
# Java VM: OpenJDK 64-Bit Server VM (17.0.9+0--11185874, mixed mode, tiered, compressed oops, compressed class ptrs, g1 gc, windows-amd64)
GC Precious Log:
 CPUs: 12 total, 12 available
 Memory: 16083M
 Large Page Support: Disabled
 NUMA Support: Disabled
 Compressed Oops: Enabled (32-bit)
 Heap Region Size: 1M
 Heap Min Capacity: 8M
 Heap Initial Capacity: 252M
 Heap Max Capacity: 2G
 Pre-touch: Disabled
 Parallel Workers: 10
 Concurrent Workers: 3
 Concurrent Refinement Workers: 10
 Periodic GC: Disabled
Heap:
 garbage-first heap   total 113664K, used 87417K [0x0000000080000000, 0x0000000100000000)
  region size 1024K, 34 young (34816K), 2 survivors (2048K)
 Metaspace       used 62717K, committed 63296K, reserved 1114112K
  class space    used 8781K, committed 9024K, reserved 1048576K
GC Heap History (20 events):
Event: 3.572 GC heap before
{Heap before GC invocations=6 (full 0):
 garbage-first heap   total 68608K, used 48286K [0x0000000080000000, 0x0000000100000000)
  region size 1024K, 28 young (28672K), 1 survivors (1024K)
 Metaspace       used 30407K, committed 30720K, reserved 1114112K
  class space    used 4068K, committed 4224K, reserved 1048576K
}
Event: 3.574 GC heap after
{Heap after GC invocations=7 (full 0):
 garbage-first heap   total 68608K, used 22107K [0x0000000080000000, 0x0000000100000000)
  region size 1024K, 2 young (2048K), 2 survivors (2048K)
 Metaspace       used 30407K, committed 30720K, reserved 1114112K
  class space    used 4068K, committed 4224K, reserved 1048576K
}
Event: 3.759 GC heap before
{Heap before GC invocations=7 (full 0):
 garbage-first heap   total 68608K, used 37467K [0x0000000080000000, 0x0000000100000000)
  region size 1024K, 11 young (11264K), 2 survivors (2048K)
 Metaspace       used 31129K, committed 31424K, reserved 1114112K
  class space    used 4201K, committed 4352K, reserved 1048576K
}
Event: 3.763 GC heap after
{Heap after GC invocations=8 (full 0):
 garbage-first heap   total 68608K, used 33094K [0x0000000080000000, 0x0000000100000000)
  region size 1024K, 4 young (4096K), 4 survivors (4096K)
 Metaspace       used 31129K, committed 31424K, reserved 1114112K
  class space    used 4201K, committed 4352K, reserved 1048576K
}
Event: 4.348 GC heap before
{Heap before GC invocations=8 (full 0):
 garbage-first heap   total 68608K, used 53574K [0x0000000080000000, 0x0000000100000000)
  region size 1024K, 22 young (22528K), 4 survivors (4096K)
 Metaspace       used 33243K, committed 33664K, reserved 1114112K
  class space    used 4543K, committed 4736K, reserved 1048576K
}
Event: 4.351 GC heap after
{Heap after GC invocations=9 (full 0):
 garbage-first heap   total 68608K, used 38312K [0x0000000080000000, 0x0000000100000000)
  region size 1024K, 3 young (3072K), 3 survivors (3072K)
 Metaspace       used 33243K, committed 33664K, reserved 1114112K
  class space    used 4543K, committed 4736K, reserved 1048576K
}
Event: 4.703 GC heap before
{Heap before GC invocations=9 (full 0):
 garbage-first heap   total 68608K, used 51624K [0x0000000080000000, 0x0000000100000000)
  region size 1024K, 17 young (17408K), 3 survivors (3072K)
 Metaspace       used 35075K, committed 35456K, reserved 1114112K
  class space    used 4829K, committed 4992K, reserved 1048576K
}
Event: 4.705 GC heap after
{Heap after GC invocations=10 (full 0):
 garbage-first heap   total 68608K, used 39283K [0x0000000080000000, 0x0000000100000000)
  region size 1024K, 1 young (1024K), 1 survivors (1024K)
 Metaspace       used 35075K, committed 35456K, reserved 1114112K
  class space    used 4829K, committed 4992K, reserved 1048576K
}
Event: 5.065 GC heap before
{Heap before GC invocations=11 (full 0):
 garbage-first heap   total 68608K, used 54643K [0x0000000080000000, 0x0000000100000000)
  region size 1024K, 16 young (16384K), 1 survivors (1024K)
 Metaspace       used 37447K, committed 37760K, reserved 1114112K
  class space    used 5192K, committed 5312K, reserved 1048576K
}
Event: 5.068 GC heap after
{Heap after GC invocations=12 (full 0):
 garbage-first heap   total 113664K, used 39729K [0x0000000080000000, 0x0000000100000000)
  region size 1024K, 2 young (2048K), 2 survivors (2048K)
 Metaspace       used 37447K, committed 37760K, reserved 1114112K
  class space    used 5192K, committed 5312K, reserved 1048576K
}
Event: 5.796 GC heap before
{Heap before GC invocations=12 (full 0):
 garbage-first heap   total 113664K, used 81713K [0x0000000080000000, 0x0000000100000000)
  region size 1024K, 44 young (45056K), 2 survivors (2048K)
 Metaspace       used 43455K, committed 43840K, reserved 1114112K
  class space    used 5821K, committed 6016K, reserved 1048576K
}
Event: 5.804 GC heap after
{Heap after GC invocations=13 (full 0):
 garbage-first heap   total 113664K, used 44105K [0x0000000080000000, 0x0000000100000000)
  region size 1024K, 6 young (6144K), 6 survivors (6144K)
 Metaspace       used 43455K, committed 43840K, reserved 1114112K
  class space    used 5821K, committed 6016K, reserved 1048576K
}
Event: 6.588 GC heap before
{Heap before GC invocations=13 (full 0):
 garbage-first heap   total 113664K, used 88137K [0x0000000080000000, 0x0000000100000000)
  region size 1024K, 45 young (46080K), 6 survivors (6144K)
 Metaspace       used 48064K, committed 48576K, reserved 1114112K
  class space    used 6403K, committed 6656K, reserved 1048576K
}
Event: 6.594 GC heap after
{Heap after GC invocations=14 (full 0):
 garbage-first heap   total 113664K, used 47527K [0x0000000080000000, 0x0000000100000000)
  region size 1024K, 4 young (4096K), 4 survivors (4096K)
 Metaspace       used 48064K, committed 48576K, reserved 1114112K
  class space    used 6403K, committed 6656K, reserved 1048576K
}
Event: 7.177 GC heap before
{Heap before GC invocations=14 (full 0):
 garbage-first heap   total 113664K, used 90535K [0x0000000080000000, 0x0000000100000000)
  region size 1024K, 42 young (43008K), 4 survivors (4096K)
 Metaspace       used 51288K, committed 51840K, reserved 1114112K
  class space    used 6746K, committed 6976K, reserved 1048576K
}
Event: 7.181 GC heap after
{Heap after GC invocations=15 (full 0):
 garbage-first heap   total 113664K, used 53712K [0x0000000080000000, 0x0000000100000000)
  region size 1024K, 4 young (4096K), 4 survivors (4096K)
 Metaspace       used 51288K, committed 51840K, reserved 1114112K
  class space    used 6746K, committed 6976K, reserved 1048576K
}
Event: 7.733 GC heap before
{Heap before GC invocations=15 (full 0):
 garbage-first heap   total 113664K, used 89552K [0x0000000080000000, 0x0000000100000000)
  region size 1024K, 39 young (39936K), 4 survivors (4096K)
 Metaspace       used 56572K, committed 57152K, reserved 1114112K
  class space    used 7931K, committed 8192K, reserved 1048576K
}
Event: 7.736 GC heap after
{Heap after GC invocations=16 (full 0):
 garbage-first heap   total 113664K, used 55431K [0x0000000080000000, 0x0000000100000000)
  region size 1024K, 2 young (2048K), 2 survivors (2048K)
 Metaspace       used 56572K, committed 57152K, reserved 1114112K
  class space    used 7931K, committed 8192K, reserved 1048576K
}
Event: 7.911 GC heap before
{Heap before GC invocations=16 (full 0):
 garbage-first heap   total 113664K, used 72839K [0x0000000080000000, 0x0000000100000000)
  region size 1024K, 20 young (20480K), 2 survivors (2048K)
 Metaspace       used 58618K, committed 59136K, reserved 1114112K
  class space    used 8215K, committed 8448K, reserved 1048576K
}
Event: 7.914 GC heap after
{Heap after GC invocations=17 (full 0):
 garbage-first heap   total 113664K, used 55673K [0x0000000080000000, 0x0000000100000000)
  region size 1024K, 2 young (2048K), 2 survivors (2048K)
 Metaspace       used 58618K, committed 59136K, reserved 1114112K
  class space    used 8215K, committed 8448K, reserved 1048576K
}

