# JRE version: OpenJDK Runtime Environment (17.0.9) (build 17.0.9+0--11185874)
# Java VM: OpenJDK 64-Bit Server VM (17.0.9+0--11185874, mixed mode, tiered, compressed oops, compressed class ptrs, g1 gc, windows-amd64)
GC Precious Log:
 CPUs: 12 total, 12 available
 Memory: 16083M
 Large Page Support: Disabled
 NUMA Support: Disabled
 Compressed Oops: Enabled (32-bit)
 Heap Region Size: 1M
 Heap Min Capacity: 8M
 Heap Initial Capacity: 252M
 Heap Max Capacity: 2G
 Pre-touch: Disabled
 Parallel Workers: 10
 Concurrent Workers: 3
 Concurrent Refinement Workers: 10
 Periodic GC: Disabled
Heap:
 garbage-first heap   total 157696K, used 88752K [0x0000000080000000, 0x0000000100000000)
  region size 1024K, 35 young (35840K), 6 survivors (6144K)
 Metaspace       used 78409K, committed 79040K, reserved 1179648K
  class space    used 10571K, committed 10880K, reserved 1048576K
GC Heap History (20 events):
Event: 10.296 GC heap before
{Heap before GC invocations=19 (full 0):
 garbage-first heap   total 71680K, used 56523K [0x0000000080000000, 0x0000000100000000)
  region size 1024K, 18 young (18432K), 1 survivors (1024K)
 Metaspace       used 63210K, committed 63808K, reserved 1114112K
  class space    used 8635K, committed 8896K, reserved 1048576K
}
Event: 10.298 GC heap after
{Heap after GC invocations=20 (full 0):
 garbage-first heap   total 71680K, used 41054K [0x0000000080000000, 0x0000000100000000)
  region size 1024K, 2 young (2048K), 2 survivors (2048K)
 Metaspace       used 63210K, committed 63808K, reserved 1114112K
  class space    used 8635K, committed 8896K, reserved 1048576K
}
Event: 10.903 GC heap before
{Heap before GC invocations=21 (full 0):
 garbage-first heap   total 71680K, used 58462K [0x0000000080000000, 0x0000000100000000)
  region size 1024K, 19 young (19456K), 2 survivors (2048K)
 Metaspace       used 63862K, committed 64448K, reserved 1114112K
  class space    used 8683K, committed 8960K, reserved 1048576K
}
Event: 10.906 GC heap after
{Heap after GC invocations=22 (full 0):
 garbage-first heap   total 71680K, used 43417K [0x0000000080000000, 0x0000000100000000)
  region size 1024K, 3 young (3072K), 3 survivors (3072K)
 Metaspace       used 63862K, committed 64448K, reserved 1114112K
  class space    used 8683K, committed 8960K, reserved 1048576K
}
Event: 10.912 GC heap before
{Heap before GC invocations=22 (full 0):
 garbage-first heap   total 71680K, used 43417K [0x0000000080000000, 0x0000000100000000)
  region size 1024K, 4 young (4096K), 3 survivors (3072K)
 Metaspace       used 63865K, committed 64448K, reserved 1114112K
  class space    used 8683K, committed 8960K, reserved 1048576K
}
Event: 10.914 GC heap after
{Heap after GC invocations=23 (full 0):
 garbage-first heap   total 71680K, used 43093K [0x0000000080000000, 0x0000000100000000)
  region size 1024K, 1 young (1024K), 1 survivors (1024K)
 Metaspace       used 63865K, committed 64448K, reserved 1114112K
  class space    used 8683K, committed 8960K, reserved 1048576K
}
Event: 11.023 GC heap before
{Heap before GC invocations=23 (full 0):
 garbage-first heap   total 71680K, used 49237K [0x0000000080000000, 0x0000000100000000)
  region size 1024K, 8 young (8192K), 1 survivors (1024K)
 Metaspace       used 64133K, committed 64704K, reserved 1114112K
  class space    used 8713K, committed 8960K, reserved 1048576K
}
Event: 11.024 GC heap after
{Heap after GC invocations=24 (full 0):
 garbage-first heap   total 71680K, used 43182K [0x0000000080000000, 0x0000000100000000)
  region size 1024K, 1 young (1024K), 1 survivors (1024K)
 Metaspace       used 64133K, committed 64704K, reserved 1114112K
  class space    used 8713K, committed 8960K, reserved 1048576K
}
Event: 11.470 GC heap before
{Heap before GC invocations=25 (full 0):
 garbage-first heap   total 78848K, used 62638K [0x0000000080000000, 0x0000000100000000)
  region size 1024K, 16 young (16384K), 1 survivors (1024K)
 Metaspace       used 64795K, committed 65344K, reserved 1114112K
  class space    used 8820K, committed 9088K, reserved 1048576K
}
Event: 11.472 GC heap after
{Heap after GC invocations=26 (full 0):
 garbage-first heap   total 78848K, used 52777K [0x0000000080000000, 0x0000000100000000)
  region size 1024K, 2 young (2048K), 2 survivors (2048K)
 Metaspace       used 64795K, committed 65344K, reserved 1114112K
  class space    used 8820K, committed 9088K, reserved 1048576K
}
Event: 11.486 GC heap before
{Heap before GC invocations=26 (full 0):
 garbage-first heap   total 78848K, used 53801K [0x0000000080000000, 0x0000000100000000)
  region size 1024K, 3 young (3072K), 2 survivors (2048K)
 Metaspace       used 64853K, committed 65408K, reserved 1114112K
  class space    used 8824K, committed 9088K, reserved 1048576K
}
Event: 11.487 GC heap after
{Heap after GC invocations=27 (full 0):
 garbage-first heap   total 78848K, used 51984K [0x0000000080000000, 0x0000000100000000)
  region size 1024K, 1 young (1024K), 1 survivors (1024K)
 Metaspace       used 64853K, committed 65408K, reserved 1114112K
  class space    used 8824K, committed 9088K, reserved 1048576K
}
Event: 11.634 GC heap before
{Heap before GC invocations=27 (full 0):
 garbage-first heap   total 78848K, used 63248K [0x0000000080000000, 0x0000000100000000)
  region size 1024K, 12 young (12288K), 1 survivors (1024K)
 Metaspace       used 65622K, committed 66176K, reserved 1114112K
  class space    used 8914K, committed 9152K, reserved 1048576K
}
Event: 11.636 GC heap after
{Heap after GC invocations=28 (full 0):
 garbage-first heap   total 157696K, used 53705K [0x0000000080000000, 0x0000000100000000)
  region size 1024K, 1 young (1024K), 1 survivors (1024K)
 Metaspace       used 65622K, committed 66176K, reserved 1114112K
  class space    used 8914K, committed 9152K, reserved 1048576K
}
Event: 12.761 GC heap before
{Heap before GC invocations=29 (full 0):
 garbage-first heap   total 157696K, used 106953K [0x0000000080000000, 0x0000000100000000)
  region size 1024K, 53 young (54272K), 1 survivors (1024K)
 Metaspace       used 70775K, committed 71360K, reserved 1114112K
  class space    used 9535K, committed 9792K, reserved 1048576K
}
Event: 12.765 GC heap after
{Heap after GC invocations=30 (full 0):
 garbage-first heap   total 157696K, used 54913K [0x0000000080000000, 0x0000000100000000)
  region size 1024K, 2 young (2048K), 2 survivors (2048K)
 Metaspace       used 70775K, committed 71360K, reserved 1114112K
  class space    used 9535K, committed 9792K, reserved 1048576K
}
Event: 13.036 GC heap before
{Heap before GC invocations=30 (full 0):
 garbage-first heap   total 157696K, used 60033K [0x0000000080000000, 0x0000000100000000)
  region size 1024K, 7 young (7168K), 2 survivors (2048K)
 Metaspace       used 71121K, committed 71680K, reserved 1114112K
  class space    used 9574K, committed 9856K, reserved 1048576K
}
Event: 13.039 GC heap after
{Heap after GC invocations=31 (full 0):
 garbage-first heap   total 157696K, used 54550K [0x0000000080000000, 0x0000000100000000)
  region size 1024K, 1 young (1024K), 1 survivors (1024K)
 Metaspace       used 71121K, committed 71680K, reserved 1114112K
  class space    used 9574K, committed 9856K, reserved 1048576K
}
Event: 14.198 GC heap before
{Heap before GC invocations=31 (full 0):
 garbage-first heap   total 157696K, used 123158K [0x0000000080000000, 0x0000000100000000)
  region size 1024K, 62 young (63488K), 1 survivors (1024K)
 Metaspace       used 76307K, committed 76992K, reserved 1179648K
  class space    used 10301K, committed 10624K, reserved 1048576K
}
Event: 14.203 GC heap after
{Heap after GC invocations=32 (full 0):
 garbage-first heap   total 157696K, used 60080K [0x0000000080000000, 0x0000000100000000)
  region size 1024K, 6 young (6144K), 6 survivors (6144K)
 Metaspace       used 76307K, committed 76992K, reserved 1179648K
  class space    used 10301K, committed 10624K, reserved 1048576K
}

