# JRE version: OpenJDK Runtime Environment (17.0.9) (build 17.0.9+0--11185874)
# Java VM: OpenJDK 64-Bit Server VM (17.0.9+0--11185874, mixed mode, tiered, compressed oops, compressed class ptrs, g1 gc, windows-amd64)
GC Precious Log:
 CPUs: 12 total, 12 available
 Memory: 16083M
 Large Page Support: Disabled
 NUMA Support: Disabled
 Compressed Oops: Enabled (32-bit)
 Heap Region Size: 1M
 Heap Min Capacity: 8M
 Heap Initial Capacity: 252M
 Heap Max Capacity: 2G
 Pre-touch: Disabled
 Parallel Workers: 10
 Concurrent Workers: 3
 Concurrent Refinement Workers: 10
 Periodic GC: Disabled
Heap:
 garbage-first heap   total 394240K, used 330707K [0x0000000080000000, 0x0000000100000000)
  region size 1024K, 18 young (18432K), 4 survivors (4096K)
 Metaspace       used 201264K, committed 202496K, reserved 1245184K
  class space    used 26145K, committed 26752K, reserved 1048576K
GC Heap History (20 events):
Event: 60.618 GC heap before
{Heap before GC invocations=70 (full 0):
 garbage-first heap   total 394240K, used 346532K [0x0000000080000000, 0x0000000100000000)
  region size 1024K, 103 young (105472K), 6 survivors (6144K)
 Metaspace       used 195617K, committed 196736K, reserved 1245184K
  class space    used 25434K, committed 25984K, reserved 1048576K
}
Event: 60.625 GC heap after
{Heap after GC invocations=71 (full 0):
 garbage-first heap   total 394240K, used 247637K [0x0000000080000000, 0x0000000100000000)
  region size 1024K, 6 young (6144K), 6 survivors (6144K)
 Metaspace       used 195617K, committed 196736K, reserved 1245184K
  class space    used 25434K, committed 25984K, reserved 1048576K
}
Event: 61.127 GC heap before
{Heap before GC invocations=71 (full 0):
 garbage-first heap   total 394240K, used 346965K [0x0000000080000000, 0x0000000100000000)
  region size 1024K, 103 young (105472K), 6 survivors (6144K)
 Metaspace       used 195628K, committed 196800K, reserved 1245184K
  class space    used 25434K, committed 25984K, reserved 1048576K
}
Event: 61.134 GC heap after
{Heap after GC invocations=72 (full 0):
 garbage-first heap   total 394240K, used 247980K [0x0000000080000000, 0x0000000100000000)
  region size 1024K, 7 young (7168K), 7 survivors (7168K)
 Metaspace       used 195628K, committed 196800K, reserved 1245184K
  class space    used 25434K, committed 25984K, reserved 1048576K
}
Event: 61.640 GC heap before
{Heap before GC invocations=72 (full 0):
 garbage-first heap   total 394240K, used 345260K [0x0000000080000000, 0x0000000100000000)
  region size 1024K, 102 young (104448K), 7 survivors (7168K)
 Metaspace       used 195660K, committed 196800K, reserved 1245184K
  class space    used 25438K, committed 25984K, reserved 1048576K
}
Event: 61.650 GC heap after
{Heap after GC invocations=73 (full 0):
 garbage-first heap   total 394240K, used 248572K [0x0000000080000000, 0x0000000100000000)
  region size 1024K, 7 young (7168K), 7 survivors (7168K)
 Metaspace       used 195660K, committed 196800K, reserved 1245184K
  class space    used 25438K, committed 25984K, reserved 1048576K
}
Event: 62.219 GC heap before
{Heap before GC invocations=73 (full 0):
 garbage-first heap   total 394240K, used 345852K [0x0000000080000000, 0x0000000100000000)
  region size 1024K, 102 young (104448K), 7 survivors (7168K)
 Metaspace       used 195675K, committed 196864K, reserved 1245184K
  class space    used 25442K, committed 26048K, reserved 1048576K
}
Event: 62.227 GC heap after
{Heap after GC invocations=74 (full 0):
 garbage-first heap   total 394240K, used 249023K [0x0000000080000000, 0x0000000100000000)
  region size 1024K, 8 young (8192K), 8 survivors (8192K)
 Metaspace       used 195675K, committed 196864K, reserved 1245184K
  class space    used 25442K, committed 26048K, reserved 1048576K
}
Event: 63.017 GC heap before
{Heap before GC invocations=74 (full 0):
 garbage-first heap   total 394240K, used 344255K [0x0000000080000000, 0x0000000100000000)
  region size 1024K, 101 young (103424K), 8 survivors (8192K)
 Metaspace       used 197128K, committed 198272K, reserved 1245184K
  class space    used 25670K, committed 26240K, reserved 1048576K
}
Event: 63.028 GC heap after
{Heap after GC invocations=75 (full 0):
 garbage-first heap   total 394240K, used 253199K [0x0000000080000000, 0x0000000100000000)
  region size 1024K, 11 young (11264K), 11 survivors (11264K)
 Metaspace       used 197128K, committed 198272K, reserved 1245184K
  class space    used 25670K, committed 26240K, reserved 1048576K
}
Event: 64.106 GC heap before
{Heap before GC invocations=75 (full 0):
 garbage-first heap   total 394240K, used 354575K [0x0000000080000000, 0x0000000100000000)
  region size 1024K, 98 young (100352K), 11 survivors (11264K)
 Metaspace       used 198891K, committed 200128K, reserved 1245184K
  class space    used 25878K, committed 26496K, reserved 1048576K
}
Event: 64.113 GC heap after
{Heap after GC invocations=76 (full 0):
 garbage-first heap   total 394240K, used 263741K [0x0000000080000000, 0x0000000100000000)
  region size 1024K, 9 young (9216K), 9 survivors (9216K)
 Metaspace       used 198891K, committed 200128K, reserved 1245184K
  class space    used 25878K, committed 26496K, reserved 1048576K
}
Event: 64.192 GC heap before
{Heap before GC invocations=76 (full 0):
 garbage-first heap   total 394240K, used 303677K [0x0000000080000000, 0x0000000100000000)
  region size 1024K, 25 young (25600K), 9 survivors (9216K)
 Metaspace       used 199523K, committed 200704K, reserved 1245184K
  class space    used 25970K, committed 26560K, reserved 1048576K
}
Event: 64.199 GC heap after
{Heap after GC invocations=77 (full 0):
 garbage-first heap   total 394240K, used 281428K [0x0000000080000000, 0x0000000100000000)
  region size 1024K, 10 young (10240K), 10 survivors (10240K)
 Metaspace       used 199523K, committed 200704K, reserved 1245184K
  class space    used 25970K, committed 26560K, reserved 1048576K
}
Event: 64.609 GC heap before
{Heap before GC invocations=77 (full 0):
 garbage-first heap   total 394240K, used 345940K [0x0000000080000000, 0x0000000100000000)
  region size 1024K, 69 young (70656K), 10 survivors (10240K)
 Metaspace       used 200822K, committed 202048K, reserved 1245184K
  class space    used 26098K, committed 26688K, reserved 1048576K
}
Event: 64.622 GC heap after
{Heap after GC invocations=78 (full 0):
 garbage-first heap   total 394240K, used 296960K [0x0000000080000000, 0x0000000100000000)
  region size 1024K, 9 young (9216K), 9 survivors (9216K)
 Metaspace       used 200822K, committed 202048K, reserved 1245184K
  class space    used 26098K, committed 26688K, reserved 1048576K
}
Event: 64.792 GC heap before
{Heap before GC invocations=78 (full 0):
 garbage-first heap   total 394240K, used 333824K [0x0000000080000000, 0x0000000100000000)
  region size 1024K, 46 young (47104K), 9 survivors (9216K)
 Metaspace       used 201193K, committed 202368K, reserved 1245184K
  class space    used 26145K, committed 26752K, reserved 1048576K
}
Event: 64.812 GC heap after
{Heap after GC invocations=79 (full 0):
 garbage-first heap   total 394240K, used 314707K [0x0000000080000000, 0x0000000100000000)
  region size 1024K, 6 young (6144K), 6 survivors (6144K)
 Metaspace       used 201193K, committed 202368K, reserved 1245184K
  class space    used 26145K, committed 26752K, reserved 1048576K
}
Event: 64.912 GC heap before
{Heap before GC invocations=79 (full 0):
 garbage-first heap   total 394240K, used 335187K [0x0000000080000000, 0x0000000100000000)
  region size 1024K, 26 young (26624K), 6 survivors (6144K)
 Metaspace       used 201262K, committed 202496K, reserved 1245184K
  class space    used 26145K, committed 26752K, reserved 1048576K
}
Event: 64.928 GC heap after
{Heap after GC invocations=80 (full 0):
 garbage-first heap   total 394240K, used 326611K [0x0000000080000000, 0x0000000100000000)
  region size 1024K, 4 young (4096K), 4 survivors (4096K)
 Metaspace       used 201262K, committed 202496K, reserved 1245184K
  class space    used 26145K, committed 26752K, reserved 1048576K
}

