# JRE version: OpenJDK Runtime Environment (17.0.9) (build 17.0.9+0--11185874)
# Java VM: OpenJDK 64-Bit Server VM (17.0.9+0--11185874, mixed mode, tiered, compressed oops, compressed class ptrs, g1 gc, windows-amd64)
GC Precious Log:
 CPUs: 12 total, 12 available
 Memory: 16083M
 Large Page Support: Disabled
 NUMA Support: Disabled
 Compressed Oops: Enabled (32-bit)
 Heap Region Size: 1M
 Heap Min Capacity: 8M
 Heap Initial Capacity: 252M
 Heap Max Capacity: 2G
 Pre-touch: Disabled
 Parallel Workers: 10
 Concurrent Workers: 3
 Concurrent Refinement Workers: 10
 Periodic GC: Disabled
Heap:
 garbage-first heap   total 258048K, used 167551K [0x0000000080000000, 0x0000000100000000)
  region size 1024K, 16 young (16384K), 4 survivors (4096K)
 Metaspace       used 92483K, committed 93312K, reserved 1179648K
  class space    used 12819K, committed 13248K, reserved 1048576K
GC Heap History (20 events):
Event: 13.377 GC heap before
{Heap before GC invocations=53 (full 0):
 garbage-first heap   total 173056K, used 142600K [0x0000000080000000, 0x0000000100000000)
  region size 1024K, 28 young (28672K), 5 survivors (5120K)
 Metaspace       used 92395K, committed 93248K, reserved 1179648K
  class space    used 12803K, committed 13248K, reserved 1048576K
}
Event: 13.383 GC heap after
{Heap after GC invocations=54 (full 0):
 garbage-first heap   total 173056K, used 126145K [0x0000000080000000, 0x0000000100000000)
  region size 1024K, 4 young (4096K), 4 survivors (4096K)
 Metaspace       used 92395K, committed 93248K, reserved 1179648K
  class space    used 12803K, committed 13248K, reserved 1048576K
}
Event: 13.658 GC heap before
{Heap before GC invocations=54 (full 0):
 garbage-first heap   total 173056K, used 140481K [0x0000000080000000, 0x0000000100000000)
  region size 1024K, 19 young (19456K), 4 survivors (4096K)
 Metaspace       used 92421K, committed 93248K, reserved 1179648K
  class space    used 12803K, committed 13248K, reserved 1048576K
}
Event: 13.662 GC heap after
{Heap after GC invocations=55 (full 0):
 garbage-first heap   total 173056K, used 129260K [0x0000000080000000, 0x0000000100000000)
  region size 1024K, 3 young (3072K), 3 survivors (3072K)
 Metaspace       used 92421K, committed 93248K, reserved 1179648K
  class space    used 12803K, committed 13248K, reserved 1048576K
}
Event: 13.979 GC heap before
{Heap before GC invocations=56 (full 0):
 garbage-first heap   total 219136K, used 141548K [0x0000000080000000, 0x0000000100000000)
  region size 1024K, 17 young (17408K), 3 survivors (3072K)
 Metaspace       used 92423K, committed 93248K, reserved 1179648K
  class space    used 12803K, committed 13248K, reserved 1048576K
}
Event: 13.981 GC heap after
{Heap after GC invocations=57 (full 0):
 garbage-first heap   total 219136K, used 128202K [0x0000000080000000, 0x0000000100000000)
  region size 1024K, 1 young (1024K), 1 survivors (1024K)
 Metaspace       used 92423K, committed 93248K, reserved 1179648K
  class space    used 12803K, committed 13248K, reserved 1048576K
}
Event: 14.134 GC heap before
{Heap before GC invocations=57 (full 0):
 garbage-first heap   total 219136K, used 137418K [0x0000000080000000, 0x0000000100000000)
  region size 1024K, 10 young (10240K), 1 survivors (1024K)
 Metaspace       used 92423K, committed 93248K, reserved 1179648K
  class space    used 12803K, committed 13248K, reserved 1048576K
}
Event: 14.136 GC heap after
{Heap after GC invocations=58 (full 0):
 garbage-first heap   total 219136K, used 127803K [0x0000000080000000, 0x0000000100000000)
  region size 1024K, 2 young (2048K), 2 survivors (2048K)
 Metaspace       used 92423K, committed 93248K, reserved 1179648K
  class space    used 12803K, committed 13248K, reserved 1048576K
}
Event: 14.731 GC heap before
{Heap before GC invocations=58 (full 0):
 garbage-first heap   total 219136K, used 170811K [0x0000000080000000, 0x0000000100000000)
  region size 1024K, 44 young (45056K), 2 survivors (2048K)
 Metaspace       used 92440K, committed 93248K, reserved 1179648K
  class space    used 12808K, committed 13248K, reserved 1048576K
}
Event: 14.734 GC heap after
{Heap after GC invocations=59 (full 0):
 garbage-first heap   total 219136K, used 129821K [0x0000000080000000, 0x0000000100000000)
  region size 1024K, 4 young (4096K), 4 survivors (4096K)
 Metaspace       used 92440K, committed 93248K, reserved 1179648K
  class space    used 12808K, committed 13248K, reserved 1048576K
}
Event: 15.223 GC heap before
{Heap before GC invocations=59 (full 0):
 garbage-first heap   total 219136K, used 173853K [0x0000000080000000, 0x0000000100000000)
  region size 1024K, 47 young (48128K), 4 survivors (4096K)
 Metaspace       used 92440K, committed 93248K, reserved 1179648K
  class space    used 12808K, committed 13248K, reserved 1048576K
}
Event: 15.226 GC heap after
{Heap after GC invocations=60 (full 0):
 garbage-first heap   total 219136K, used 131828K [0x0000000080000000, 0x0000000100000000)
  region size 1024K, 5 young (5120K), 5 survivors (5120K)
 Metaspace       used 92440K, committed 93248K, reserved 1179648K
  class space    used 12808K, committed 13248K, reserved 1048576K
}
Event: 16.063 GC heap before
{Heap before GC invocations=60 (full 0):
 garbage-first heap   total 219136K, used 177908K [0x0000000080000000, 0x0000000100000000)
  region size 1024K, 50 young (51200K), 5 survivors (5120K)
 Metaspace       used 92442K, committed 93248K, reserved 1179648K
  class space    used 12808K, committed 13248K, reserved 1048576K
}
Event: 16.066 GC heap after
{Heap after GC invocations=61 (full 0):
 garbage-first heap   total 219136K, used 134153K [0x0000000080000000, 0x0000000100000000)
  region size 1024K, 5 young (5120K), 5 survivors (5120K)
 Metaspace       used 92442K, committed 93248K, reserved 1179648K
  class space    used 12808K, committed 13248K, reserved 1048576K
}
Event: 16.631 GC heap before
{Heap before GC invocations=61 (full 0):
 garbage-first heap   total 219136K, used 180233K [0x0000000080000000, 0x0000000100000000)
  region size 1024K, 50 young (51200K), 5 survivors (5120K)
 Metaspace       used 92442K, committed 93248K, reserved 1179648K
  class space    used 12808K, committed 13248K, reserved 1048576K
}
Event: 16.634 GC heap after
{Heap after GC invocations=62 (full 0):
 garbage-first heap   total 219136K, used 136358K [0x0000000080000000, 0x0000000100000000)
  region size 1024K, 5 young (5120K), 5 survivors (5120K)
 Metaspace       used 92442K, committed 93248K, reserved 1179648K
  class space    used 12808K, committed 13248K, reserved 1048576K
}
Event: 17.134 GC heap before
{Heap before GC invocations=62 (full 0):
 garbage-first heap   total 219136K, used 182438K [0x0000000080000000, 0x0000000100000000)
  region size 1024K, 50 young (51200K), 5 survivors (5120K)
 Metaspace       used 92443K, committed 93248K, reserved 1179648K
  class space    used 12808K, committed 13248K, reserved 1048576K
}
Event: 17.137 GC heap after
{Heap after GC invocations=63 (full 0):
 garbage-first heap   total 219136K, used 138732K [0x0000000080000000, 0x0000000100000000)
  region size 1024K, 5 young (5120K), 5 survivors (5120K)
 Metaspace       used 92443K, committed 93248K, reserved 1179648K
  class space    used 12808K, committed 13248K, reserved 1048576K
}
Event: 17.417 GC heap before
{Heap before GC invocations=63 (full 0):
 garbage-first heap   total 219136K, used 168428K [0x0000000080000000, 0x0000000100000000)
  region size 1024K, 31 young (31744K), 5 survivors (5120K)
 Metaspace       used 92481K, committed 93312K, reserved 1179648K
  class space    used 12819K, committed 13248K, reserved 1048576K
}
Event: 17.420 GC heap after
{Heap after GC invocations=64 (full 0):
 garbage-first heap   total 219136K, used 143999K [0x0000000080000000, 0x0000000100000000)
  region size 1024K, 4 young (4096K), 4 survivors (4096K)
 Metaspace       used 92481K, committed 93312K, reserved 1179648K
  class space    used 12819K, committed 13248K, reserved 1048576K
}

