# JRE version: OpenJDK Runtime Environment (17.0.9) (build 17.0.9+0--11185874)
# Java VM: OpenJDK 64-Bit Server VM (17.0.9+0--11185874, mixed mode, tiered, compressed oops, compressed class ptrs, g1 gc, windows-amd64)
GC Precious Log:
 CPUs: 12 total, 12 available
 Memory: 16083M
 Large Page Support: Disabled
 NUMA Support: Disabled
 Compressed Oops: Enabled (32-bit)
 Heap Region Size: 1M
 Heap Min Capacity: 8M
 Heap Initial Capacity: 252M
 Heap Max Capacity: 2G
 Pre-touch: Disabled
 Parallel Workers: 10
 Concurrent Workers: 3
 Concurrent Refinement Workers: 10
 Periodic GC: Disabled
Heap:
 garbage-first heap   total 330752K, used 154574K [0x0000000080000000, 0x0000000100000000)
  region size 1024K, 42 young (43008K), 2 survivors (2048K)
 Metaspace       used 98481K, committed 99264K, reserved 1179648K
  class space    used 13612K, committed 14016K, reserved 1048576K
GC Heap History (20 events):
Event: 13.583 GC heap before
{Heap before GC invocations=46 (full 0):
 garbage-first heap   total 140288K, used 121180K [0x0000000080000000, 0x0000000100000000)
  region size 1024K, 50 young (51200K), 4 survivors (4096K)
 Metaspace       used 93848K, committed 94592K, reserved 1179648K
  class space    used 13188K, committed 13568K, reserved 1048576K
}
Event: 13.588 GC heap after
{Heap after GC invocations=47 (full 0):
 garbage-first heap   total 140288K, used 73346K [0x0000000080000000, 0x0000000100000000)
  region size 1024K, 7 young (7168K), 7 survivors (7168K)
 Metaspace       used 93848K, committed 94592K, reserved 1179648K
  class space    used 13188K, committed 13568K, reserved 1048576K
}
Event: 13.596 GC heap before
{Heap before GC invocations=47 (full 0):
 garbage-first heap   total 140288K, used 73346K [0x0000000080000000, 0x0000000100000000)
  region size 1024K, 8 young (8192K), 7 survivors (7168K)
 Metaspace       used 93848K, committed 94592K, reserved 1179648K
  class space    used 13188K, committed 13568K, reserved 1048576K
}
Event: 13.601 GC heap after
{Heap after GC invocations=48 (full 0):
 garbage-first heap   total 140288K, used 73402K [0x0000000080000000, 0x0000000100000000)
  region size 1024K, 1 young (1024K), 1 survivors (1024K)
 Metaspace       used 93848K, committed 94592K, reserved 1179648K
  class space    used 13188K, committed 13568K, reserved 1048576K
}
Event: 14.204 GC heap before
{Heap before GC invocations=48 (full 0):
 garbage-first heap   total 140288K, used 116410K [0x0000000080000000, 0x0000000100000000)
  region size 1024K, 44 young (45056K), 1 survivors (1024K)
 Metaspace       used 96059K, committed 96896K, reserved 1179648K
  class space    used 13424K, committed 13824K, reserved 1048576K
}
Event: 14.206 GC heap after
{Heap after GC invocations=49 (full 0):
 garbage-first heap   total 140288K, used 75119K [0x0000000080000000, 0x0000000100000000)
  region size 1024K, 3 young (3072K), 3 survivors (3072K)
 Metaspace       used 96059K, committed 96896K, reserved 1179648K
  class space    used 13424K, committed 13824K, reserved 1048576K
}
Event: 14.992 GC heap before
{Heap before GC invocations=50 (full 0):
 garbage-first heap   total 140288K, used 125295K [0x0000000080000000, 0x0000000100000000)
  region size 1024K, 44 young (45056K), 3 survivors (3072K)
 Metaspace       used 96308K, committed 97088K, reserved 1179648K
  class space    used 13420K, committed 13824K, reserved 1048576K
}
Event: 15.001 GC heap after
{Heap after GC invocations=51 (full 0):
 garbage-first heap   total 148480K, used 96136K [0x0000000080000000, 0x0000000100000000)
  region size 1024K, 6 young (6144K), 6 survivors (6144K)
 Metaspace       used 96308K, committed 97088K, reserved 1179648K
  class space    used 13420K, committed 13824K, reserved 1048576K
}
Event: 15.018 GC heap before
{Heap before GC invocations=51 (full 0):
 garbage-first heap   total 148480K, used 97160K [0x0000000080000000, 0x0000000100000000)
  region size 1024K, 7 young (7168K), 6 survivors (6144K)
 Metaspace       used 96308K, committed 97088K, reserved 1179648K
  class space    used 13420K, committed 13824K, reserved 1048576K
}
Event: 15.023 GC heap after
{Heap after GC invocations=52 (full 0):
 garbage-first heap   total 148480K, used 97790K [0x0000000080000000, 0x0000000100000000)
  region size 1024K, 1 young (1024K), 1 survivors (1024K)
 Metaspace       used 96308K, committed 97088K, reserved 1179648K
  class space    used 13420K, committed 13824K, reserved 1048576K
}
Event: 15.331 GC heap before
{Heap before GC invocations=52 (full 0):
 garbage-first heap   total 148480K, used 116222K [0x0000000080000000, 0x0000000100000000)
  region size 1024K, 19 young (19456K), 1 survivors (1024K)
 Metaspace       used 96696K, committed 97472K, reserved 1179648K
  class space    used 13456K, committed 13824K, reserved 1048576K
}
Event: 15.334 GC heap after
{Heap after GC invocations=53 (full 0):
 garbage-first heap   total 148480K, used 101655K [0x0000000080000000, 0x0000000100000000)
  region size 1024K, 3 young (3072K), 3 survivors (3072K)
 Metaspace       used 96696K, committed 97472K, reserved 1179648K
  class space    used 13456K, committed 13824K, reserved 1048576K
}
Event: 15.683 GC heap before
{Heap before GC invocations=53 (full 0):
 garbage-first heap   total 148480K, used 126231K [0x0000000080000000, 0x0000000100000000)
  region size 1024K, 20 young (20480K), 3 survivors (3072K)
 Metaspace       used 96869K, committed 97664K, reserved 1179648K
  class space    used 13467K, committed 13824K, reserved 1048576K
}
Event: 15.687 GC heap after
{Heap after GC invocations=54 (full 0):
 garbage-first heap   total 148480K, used 106679K [0x0000000080000000, 0x0000000100000000)
  region size 1024K, 3 young (3072K), 3 survivors (3072K)
 Metaspace       used 96869K, committed 97664K, reserved 1179648K
  class space    used 13467K, committed 13824K, reserved 1048576K
}
Event: 15.929 GC heap before
{Heap before GC invocations=54 (full 0):
 garbage-first heap   total 148480K, used 122039K [0x0000000080000000, 0x0000000100000000)
  region size 1024K, 18 young (18432K), 3 survivors (3072K)
 Metaspace       used 96971K, committed 97728K, reserved 1179648K
  class space    used 13473K, committed 13824K, reserved 1048576K
}
Event: 15.932 GC heap after
{Heap after GC invocations=55 (full 0):
 garbage-first heap   total 148480K, used 108046K [0x0000000080000000, 0x0000000100000000)
  region size 1024K, 2 young (2048K), 2 survivors (2048K)
 Metaspace       used 96971K, committed 97728K, reserved 1179648K
  class space    used 13473K, committed 13824K, reserved 1048576K
}
Event: 16.046 GC heap before
{Heap before GC invocations=55 (full 0):
 garbage-first heap   total 148480K, used 131598K [0x0000000080000000, 0x0000000100000000)
  region size 1024K, 13 young (13312K), 2 survivors (2048K)
 Metaspace       used 96998K, committed 97792K, reserved 1179648K
  class space    used 13476K, committed 13824K, reserved 1048576K
}
Event: 16.050 GC heap after
{Heap after GC invocations=56 (full 0):
 garbage-first heap   total 148480K, used 117389K [0x0000000080000000, 0x0000000100000000)
  region size 1024K, 3 young (3072K), 3 survivors (3072K)
 Metaspace       used 96998K, committed 97792K, reserved 1179648K
  class space    used 13476K, committed 13824K, reserved 1048576K
}
Event: 16.146 GC heap before
{Heap before GC invocations=56 (full 0):
 garbage-first heap   total 148480K, used 127629K [0x0000000080000000, 0x0000000100000000)
  region size 1024K, 10 young (10240K), 3 survivors (3072K)
 Metaspace       used 97306K, committed 98112K, reserved 1179648K
  class space    used 13501K, committed 13888K, reserved 1048576K
}
Event: 16.151 GC heap after
{Heap after GC invocations=57 (full 0):
 garbage-first heap   total 330752K, used 114638K [0x0000000080000000, 0x0000000100000000)
  region size 1024K, 2 young (2048K), 2 survivors (2048K)
 Metaspace       used 97306K, committed 98112K, reserved 1179648K
  class space    used 13501K, committed 13888K, reserved 1048576K
}

