# JRE version: OpenJDK Runtime Environment (17.0.9) (build 17.0.9+0--11185874)
# Java VM: OpenJDK 64-Bit Server VM (17.0.9+0--11185874, mixed mode, tiered, compressed oops, compressed class ptrs, g1 gc, windows-amd64)
GC Precious Log:
 CPUs: 12 total, 12 available
 Memory: 16083M
 Large Page Support: Disabled
 NUMA Support: Disabled
 Compressed Oops: Enabled (32-bit)
 Heap Region Size: 1M
 Heap Min Capacity: 8M
 Heap Initial Capacity: 252M
 Heap Max Capacity: 2G
 Pre-touch: Disabled
 Parallel Workers: 10
 Concurrent Workers: 3
 Concurrent Refinement Workers: 10
 Periodic GC: Disabled
Heap:
 garbage-first heap   total 258048K, used 137255K [0x0000000080000000, 0x0000000100000000)
  region size 1024K, 3 young (3072K), 3 survivors (3072K)
 Metaspace       used 92557K, committed 93376K, reserved 1179648K
  class space    used 12814K, committed 13248K, reserved 1048576K
GC Heap History (20 events):
Event: 13.110 GC heap after
{Heap after GC invocations=38 (full 0):
 garbage-first heap   total 212992K, used 106921K [0x0000000080000000, 0x0000000100000000)
  region size 1024K, 11 young (11264K), 11 survivors (11264K)
 Metaspace       used 92205K, committed 93056K, reserved 1179648K
  class space    used 12761K, committed 13184K, reserved 1048576K
}
Event: 13.164 GC heap before
{Heap before GC invocations=38 (full 0):
 garbage-first heap   total 212992K, used 109993K [0x0000000080000000, 0x0000000100000000)
  region size 1024K, 15 young (15360K), 11 survivors (11264K)
 Metaspace       used 92504K, committed 93376K, reserved 1179648K
  class space    used 12809K, committed 13248K, reserved 1048576K
}
Event: 13.170 GC heap after
{Heap after GC invocations=39 (full 0):
 garbage-first heap   total 212992K, used 108624K [0x0000000080000000, 0x0000000100000000)
  region size 1024K, 2 young (2048K), 2 survivors (2048K)
 Metaspace       used 92504K, committed 93376K, reserved 1179648K
  class space    used 12809K, committed 13248K, reserved 1048576K
}
Event: 13.683 GC heap before
{Heap before GC invocations=40 (full 0):
 garbage-first heap   total 212992K, used 173136K [0x0000000080000000, 0x0000000100000000)
  region size 1024K, 62 young (63488K), 2 survivors (2048K)
 Metaspace       used 92532K, committed 93376K, reserved 1179648K
  class space    used 12810K, committed 13248K, reserved 1048576K
}
Event: 13.690 GC heap after
{Heap after GC invocations=41 (full 0):
 garbage-first heap   total 212992K, used 125901K [0x0000000080000000, 0x0000000100000000)
  region size 1024K, 8 young (8192K), 8 survivors (8192K)
 Metaspace       used 92532K, committed 93376K, reserved 1179648K
  class space    used 12810K, committed 13248K, reserved 1048576K
}
Event: 13.734 GC heap before
{Heap before GC invocations=41 (full 0):
 garbage-first heap   total 212992K, used 126925K [0x0000000080000000, 0x0000000100000000)
  region size 1024K, 10 young (10240K), 8 survivors (8192K)
 Metaspace       used 92532K, committed 93376K, reserved 1179648K
  class space    used 12810K, committed 13248K, reserved 1048576K
}
Event: 13.739 GC heap after
{Heap after GC invocations=42 (full 0):
 garbage-first heap   total 212992K, used 127302K [0x0000000080000000, 0x0000000100000000)
  region size 1024K, 1 young (1024K), 1 survivors (1024K)
 Metaspace       used 92532K, committed 93376K, reserved 1179648K
  class space    used 12810K, committed 13248K, reserved 1048576K
}
Event: 14.373 GC heap before
{Heap before GC invocations=42 (full 0):
 garbage-first heap   total 212992K, used 170310K [0x0000000080000000, 0x0000000100000000)
  region size 1024K, 43 young (44032K), 1 survivors (1024K)
 Metaspace       used 92542K, committed 93376K, reserved 1179648K
  class space    used 12811K, committed 13248K, reserved 1048576K
}
Event: 14.375 GC heap after
{Heap after GC invocations=43 (full 0):
 garbage-first heap   total 212992K, used 128518K [0x0000000080000000, 0x0000000100000000)
  region size 1024K, 3 young (3072K), 3 survivors (3072K)
 Metaspace       used 92542K, committed 93376K, reserved 1179648K
  class space    used 12811K, committed 13248K, reserved 1048576K
}
Event: 14.911 GC heap before
{Heap before GC invocations=44 (full 0):
 garbage-first heap   total 224256K, used 172550K [0x0000000080000000, 0x0000000100000000)
  region size 1024K, 46 young (47104K), 3 survivors (3072K)
 Metaspace       used 92554K, committed 93376K, reserved 1179648K
  class space    used 12814K, committed 13248K, reserved 1048576K
}
Event: 14.913 GC heap after
{Heap after GC invocations=45 (full 0):
 garbage-first heap   total 224256K, used 130481K [0x0000000080000000, 0x0000000100000000)
  region size 1024K, 5 young (5120K), 5 survivors (5120K)
 Metaspace       used 92554K, committed 93376K, reserved 1179648K
  class space    used 12814K, committed 13248K, reserved 1048576K
}
Event: 14.954 GC heap before
{Heap before GC invocations=45 (full 0):
 garbage-first heap   total 224256K, used 134577K [0x0000000080000000, 0x0000000100000000)
  region size 1024K, 10 young (10240K), 5 survivors (5120K)
 Metaspace       used 92554K, committed 93376K, reserved 1179648K
  class space    used 12814K, committed 13248K, reserved 1048576K
}
Event: 14.957 GC heap after
{Heap after GC invocations=46 (full 0):
 garbage-first heap   total 224256K, used 130384K [0x0000000080000000, 0x0000000100000000)
  region size 1024K, 1 young (1024K), 1 survivors (1024K)
 Metaspace       used 92554K, committed 93376K, reserved 1179648K
  class space    used 12814K, committed 13248K, reserved 1048576K
}
Event: 16.024 GC heap before
{Heap before GC invocations=46 (full 0):
 garbage-first heap   total 224256K, used 182608K [0x0000000080000000, 0x0000000100000000)
  region size 1024K, 52 young (53248K), 1 survivors (1024K)
 Metaspace       used 92556K, committed 93376K, reserved 1179648K
  class space    used 12814K, committed 13248K, reserved 1048576K
}
Event: 16.026 GC heap after
{Heap after GC invocations=47 (full 0):
 garbage-first heap   total 224256K, used 132605K [0x0000000080000000, 0x0000000100000000)
  region size 1024K, 3 young (3072K), 3 survivors (3072K)
 Metaspace       used 92556K, committed 93376K, reserved 1179648K
  class space    used 12814K, committed 13248K, reserved 1048576K
}
Event: 16.817 GC heap before
{Heap before GC invocations=48 (full 0):
 garbage-first heap   total 227328K, used 184829K [0x0000000080000000, 0x0000000100000000)
  region size 1024K, 54 young (55296K), 3 survivors (3072K)
 Metaspace       used 92556K, committed 93376K, reserved 1179648K
  class space    used 12814K, committed 13248K, reserved 1048576K
}
Event: 16.820 GC heap after
{Heap after GC invocations=49 (full 0):
 garbage-first heap   total 227328K, used 134990K [0x0000000080000000, 0x0000000100000000)
  region size 1024K, 6 young (6144K), 6 survivors (6144K)
 Metaspace       used 92556K, committed 93376K, reserved 1179648K
  class space    used 12814K, committed 13248K, reserved 1048576K
}
Event: 16.870 GC heap before
{Heap before GC invocations=49 (full 0):
 garbage-first heap   total 227328K, used 139086K [0x0000000080000000, 0x0000000100000000)
  region size 1024K, 11 young (11264K), 6 survivors (6144K)
 Metaspace       used 92556K, committed 93376K, reserved 1179648K
  class space    used 12814K, committed 13248K, reserved 1048576K
}
Event: 16.872 GC heap after
{Heap after GC invocations=50 (full 0):
 garbage-first heap   total 227328K, used 135029K [0x0000000080000000, 0x0000000100000000)
  region size 1024K, 1 young (1024K), 1 survivors (1024K)
 Metaspace       used 92556K, committed 93376K, reserved 1179648K
  class space    used 12814K, committed 13248K, reserved 1048576K
}
Event: 17.472 GC heap before
{Heap before GC invocations=50 (full 0):
 garbage-first heap   total 227328K, used 188277K [0x0000000080000000, 0x0000000100000000)
  region size 1024K, 53 young (54272K), 1 survivors (1024K)
 Metaspace       used 92557K, committed 93376K, reserved 1179648K
  class space    used 12814K, committed 13248K, reserved 1048576K
}

