# JRE version: OpenJDK Runtime Environment (17.0.9) (build 17.0.9+0--11185874)
# Java VM: OpenJDK 64-Bit Server VM (17.0.9+0--11185874, mixed mode, tiered, compressed oops, compressed class ptrs, g1 gc, windows-amd64)
GC Precious Log:
 CPUs: 12 total, 12 available
 Memory: 16083M
 Large Page Support: Disabled
 NUMA Support: Disabled
 Compressed Oops: Enabled (32-bit)
 Heap Region Size: 1M
 Heap Min Capacity: 8M
 Heap Initial Capacity: 252M
 Heap Max Capacity: 2G
 Pre-touch: Disabled
 Parallel Workers: 10
 Concurrent Workers: 3
 Concurrent Refinement Workers: 10
 Periodic GC: Disabled
Heap:
 garbage-first heap   total 258048K, used 164689K [0x0000000080000000, 0x0000000100000000)
  region size 1024K, 15 young (15360K), 4 survivors (4096K)
 Metaspace       used 92600K, committed 93440K, reserved 1179648K
  class space    used 12822K, committed 13248K, reserved 1048576K
GC Heap History (20 events):
Event: 13.216 GC heap before
{Heap before GC invocations=36 (full 0):
 garbage-first heap   total 216064K, used 174447K [0x0000000080000000, 0x0000000100000000)
  region size 1024K, 64 young (65536K), 2 survivors (2048K)
 Metaspace       used 92535K, committed 93376K, reserved 1179648K
  class space    used 12807K, committed 13248K, reserved 1048576K
}
Event: 13.224 GC heap after
{Heap after GC invocations=37 (full 0):
 garbage-first heap   total 216064K, used 125814K [0x0000000080000000, 0x0000000100000000)
  region size 1024K, 8 young (8192K), 8 survivors (8192K)
 Metaspace       used 92535K, committed 93376K, reserved 1179648K
  class space    used 12807K, committed 13248K, reserved 1048576K
}
Event: 13.264 GC heap before
{Heap before GC invocations=37 (full 0):
 garbage-first heap   total 216064K, used 126838K [0x0000000080000000, 0x0000000100000000)
  region size 1024K, 10 young (10240K), 8 survivors (8192K)
 Metaspace       used 92535K, committed 93376K, reserved 1179648K
  class space    used 12807K, committed 13248K, reserved 1048576K
}
Event: 13.268 GC heap after
{Heap after GC invocations=38 (full 0):
 garbage-first heap   total 216064K, used 127349K [0x0000000080000000, 0x0000000100000000)
  region size 1024K, 1 young (1024K), 1 survivors (1024K)
 Metaspace       used 92535K, committed 93376K, reserved 1179648K
  class space    used 12807K, committed 13248K, reserved 1048576K
}
Event: 13.882 GC heap before
{Heap before GC invocations=38 (full 0):
 garbage-first heap   total 216064K, used 170357K [0x0000000080000000, 0x0000000100000000)
  region size 1024K, 43 young (44032K), 1 survivors (1024K)
 Metaspace       used 92546K, committed 93376K, reserved 1179648K
  class space    used 12808K, committed 13248K, reserved 1048576K
}
Event: 13.884 GC heap after
{Heap after GC invocations=39 (full 0):
 garbage-first heap   total 216064K, used 128512K [0x0000000080000000, 0x0000000100000000)
  region size 1024K, 3 young (3072K), 3 survivors (3072K)
 Metaspace       used 92546K, committed 93376K, reserved 1179648K
  class space    used 12808K, committed 13248K, reserved 1048576K
}
Event: 14.367 GC heap before
{Heap before GC invocations=40 (full 0):
 garbage-first heap   total 224256K, used 172544K [0x0000000080000000, 0x0000000100000000)
  region size 1024K, 46 young (47104K), 3 survivors (3072K)
 Metaspace       used 92558K, committed 93376K, reserved 1179648K
  class space    used 12811K, committed 13248K, reserved 1048576K
}
Event: 14.369 GC heap after
{Heap after GC invocations=41 (full 0):
 garbage-first heap   total 224256K, used 130538K [0x0000000080000000, 0x0000000100000000)
  region size 1024K, 5 young (5120K), 5 survivors (5120K)
 Metaspace       used 92558K, committed 93376K, reserved 1179648K
  class space    used 12811K, committed 13248K, reserved 1048576K
}
Event: 14.407 GC heap before
{Heap before GC invocations=41 (full 0):
 garbage-first heap   total 224256K, used 134634K [0x0000000080000000, 0x0000000100000000)
  region size 1024K, 10 young (10240K), 5 survivors (5120K)
 Metaspace       used 92558K, committed 93376K, reserved 1179648K
  class space    used 12811K, committed 13248K, reserved 1048576K
}
Event: 14.409 GC heap after
{Heap after GC invocations=42 (full 0):
 garbage-first heap   total 224256K, used 130575K [0x0000000080000000, 0x0000000100000000)
  region size 1024K, 1 young (1024K), 1 survivors (1024K)
 Metaspace       used 92558K, committed 93376K, reserved 1179648K
  class space    used 12811K, committed 13248K, reserved 1048576K
}
Event: 15.320 GC heap before
{Heap before GC invocations=42 (full 0):
 garbage-first heap   total 224256K, used 182799K [0x0000000080000000, 0x0000000100000000)
  region size 1024K, 52 young (53248K), 1 survivors (1024K)
 Metaspace       used 92558K, committed 93376K, reserved 1179648K
  class space    used 12811K, committed 13248K, reserved 1048576K
}
Event: 15.322 GC heap after
{Heap after GC invocations=43 (full 0):
 garbage-first heap   total 224256K, used 132677K [0x0000000080000000, 0x0000000100000000)
  region size 1024K, 3 young (3072K), 3 survivors (3072K)
 Metaspace       used 92558K, committed 93376K, reserved 1179648K
  class space    used 12811K, committed 13248K, reserved 1048576K
}
Event: 16.020 GC heap before
{Heap before GC invocations=44 (full 0):
 garbage-first heap   total 227328K, used 184901K [0x0000000080000000, 0x0000000100000000)
  region size 1024K, 54 young (55296K), 3 survivors (3072K)
 Metaspace       used 92560K, committed 93376K, reserved 1179648K
  class space    used 12811K, committed 13248K, reserved 1048576K
}
Event: 16.022 GC heap after
{Heap after GC invocations=45 (full 0):
 garbage-first heap   total 227328K, used 135128K [0x0000000080000000, 0x0000000100000000)
  region size 1024K, 6 young (6144K), 6 survivors (6144K)
 Metaspace       used 92560K, committed 93376K, reserved 1179648K
  class space    used 12811K, committed 13248K, reserved 1048576K
}
Event: 16.077 GC heap before
{Heap before GC invocations=45 (full 0):
 garbage-first heap   total 227328K, used 139224K [0x0000000080000000, 0x0000000100000000)
  region size 1024K, 11 young (11264K), 6 survivors (6144K)
 Metaspace       used 92560K, committed 93376K, reserved 1179648K
  class space    used 12811K, committed 13248K, reserved 1048576K
}
Event: 16.079 GC heap after
{Heap after GC invocations=46 (full 0):
 garbage-first heap   total 227328K, used 135174K [0x0000000080000000, 0x0000000100000000)
  region size 1024K, 1 young (1024K), 1 survivors (1024K)
 Metaspace       used 92560K, committed 93376K, reserved 1179648K
  class space    used 12811K, committed 13248K, reserved 1048576K
}
Event: 16.728 GC heap before
{Heap before GC invocations=46 (full 0):
 garbage-first heap   total 227328K, used 188422K [0x0000000080000000, 0x0000000100000000)
  region size 1024K, 53 young (54272K), 1 survivors (1024K)
 Metaspace       used 92561K, committed 93376K, reserved 1179648K
  class space    used 12811K, committed 13248K, reserved 1048576K
}
Event: 16.729 GC heap after
{Heap after GC invocations=47 (full 0):
 garbage-first heap   total 227328K, used 137399K [0x0000000080000000, 0x0000000100000000)
  region size 1024K, 3 young (3072K), 3 survivors (3072K)
 Metaspace       used 92561K, committed 93376K, reserved 1179648K
  class space    used 12811K, committed 13248K, reserved 1048576K
}
Event: 16.867 GC heap before
{Heap before GC invocations=47 (full 0):
 garbage-first heap   total 227328K, used 153783K [0x0000000080000000, 0x0000000100000000)
  region size 1024K, 16 young (16384K), 3 survivors (3072K)
 Metaspace       used 92599K, committed 93440K, reserved 1179648K
  class space    used 12822K, committed 13248K, reserved 1048576K
}
Event: 16.869 GC heap after
{Heap after GC invocations=48 (full 0):
 garbage-first heap   total 227328K, used 142161K [0x0000000080000000, 0x0000000100000000)
  region size 1024K, 4 young (4096K), 4 survivors (4096K)
 Metaspace       used 92599K, committed 93440K, reserved 1179648K
  class space    used 12822K, committed 13248K, reserved 1048576K
}

