# JRE version: OpenJDK Runtime Environment (17.0.9) (build 17.0.9+0--11185874)
# Java VM: OpenJDK 64-Bit Server VM (17.0.9+0--11185874, mixed mode, tiered, compressed oops, compressed class ptrs, g1 gc, windows-amd64)
GC Precious Log:
 CPUs: 12 total, 12 available
 Memory: 16083M
 Large Page Support: Disabled
 NUMA Support: Disabled
 Compressed Oops: Enabled (32-bit)
 Heap Region Size: 1M
 Heap Min Capacity: 8M
 Heap Initial Capacity: 252M
 Heap Max Capacity: 2G
 Pre-touch: Disabled
 Parallel Workers: 10
 Concurrent Workers: 3
 Concurrent Refinement Workers: 10
 Periodic GC: Disabled
Heap:
 garbage-first heap   total 258048K, used 163076K [0x0000000080000000, 0x0000000100000000)
  region size 1024K, 12 young (12288K), 4 survivors (4096K)
 Metaspace       used 92437K, committed 93248K, reserved 1179648K
  class space    used 12807K, committed 13248K, reserved 1048576K
GC Heap History (20 events):
Event: 14.528 GC heap before
{Heap before GC invocations=53 (full 0):
 garbage-first heap   total 172032K, used 142301K [0x0000000080000000, 0x0000000100000000)
  region size 1024K, 26 young (26624K), 5 survivors (5120K)
 Metaspace       used 92354K, committed 93248K, reserved 1179648K
  class space    used 12792K, committed 13248K, reserved 1048576K
}
Event: 14.533 GC heap after
{Heap after GC invocations=54 (full 0):
 garbage-first heap   total 172032K, used 125460K [0x0000000080000000, 0x0000000100000000)
  region size 1024K, 4 young (4096K), 4 survivors (4096K)
 Metaspace       used 92354K, committed 93248K, reserved 1179648K
  class space    used 12792K, committed 13248K, reserved 1048576K
}
Event: 14.937 GC heap before
{Heap before GC invocations=54 (full 0):
 garbage-first heap   total 172032K, used 139796K [0x0000000080000000, 0x0000000100000000)
  region size 1024K, 19 young (19456K), 4 survivors (4096K)
 Metaspace       used 92377K, committed 93248K, reserved 1179648K
  class space    used 12792K, committed 13248K, reserved 1048576K
}
Event: 14.940 GC heap after
{Heap after GC invocations=55 (full 0):
 garbage-first heap   total 172032K, used 127289K [0x0000000080000000, 0x0000000100000000)
  region size 1024K, 1 young (1024K), 1 survivors (1024K)
 Metaspace       used 92377K, committed 93248K, reserved 1179648K
  class space    used 12792K, committed 13248K, reserved 1048576K
}
Event: 15.311 GC heap before
{Heap before GC invocations=56 (full 0):
 garbage-first heap   total 217088K, used 142649K [0x0000000080000000, 0x0000000100000000)
  region size 1024K, 17 young (17408K), 1 survivors (1024K)
 Metaspace       used 92390K, committed 93248K, reserved 1179648K
  class space    used 12796K, committed 13248K, reserved 1048576K
}
Event: 15.313 GC heap after
{Heap after GC invocations=57 (full 0):
 garbage-first heap   total 217088K, used 127756K [0x0000000080000000, 0x0000000100000000)
  region size 1024K, 2 young (2048K), 2 survivors (2048K)
 Metaspace       used 92390K, committed 93248K, reserved 1179648K
  class space    used 12796K, committed 13248K, reserved 1048576K
}
Event: 15.478 GC heap before
{Heap before GC invocations=57 (full 0):
 garbage-first heap   total 217088K, used 135948K [0x0000000080000000, 0x0000000100000000)
  region size 1024K, 10 young (10240K), 2 survivors (2048K)
 Metaspace       used 92392K, committed 93248K, reserved 1179648K
  class space    used 12796K, committed 13248K, reserved 1048576K
}
Event: 15.481 GC heap after
{Heap after GC invocations=58 (full 0):
 garbage-first heap   total 217088K, used 127465K [0x0000000080000000, 0x0000000100000000)
  region size 1024K, 2 young (2048K), 2 survivors (2048K)
 Metaspace       used 92392K, committed 93248K, reserved 1179648K
  class space    used 12796K, committed 13248K, reserved 1048576K
}
Event: 16.232 GC heap before
{Heap before GC invocations=58 (full 0):
 garbage-first heap   total 217088K, used 174569K [0x0000000080000000, 0x0000000100000000)
  region size 1024K, 48 young (49152K), 2 survivors (2048K)
 Metaspace       used 92394K, committed 93248K, reserved 1179648K
  class space    used 12796K, committed 13248K, reserved 1048576K
}
Event: 16.234 GC heap after
{Heap after GC invocations=59 (full 0):
 garbage-first heap   total 217088K, used 129621K [0x0000000080000000, 0x0000000100000000)
  region size 1024K, 4 young (4096K), 4 survivors (4096K)
 Metaspace       used 92394K, committed 93248K, reserved 1179648K
  class space    used 12796K, committed 13248K, reserved 1048576K
}
Event: 17.076 GC heap before
{Heap before GC invocations=59 (full 0):
 garbage-first heap   total 217088K, used 176725K [0x0000000080000000, 0x0000000100000000)
  region size 1024K, 50 young (51200K), 4 survivors (4096K)
 Metaspace       used 92396K, committed 93248K, reserved 1179648K
  class space    used 12796K, committed 13248K, reserved 1048576K
}
Event: 17.078 GC heap after
{Heap after GC invocations=60 (full 0):
 garbage-first heap   total 217088K, used 131825K [0x0000000080000000, 0x0000000100000000)
  region size 1024K, 6 young (6144K), 6 survivors (6144K)
 Metaspace       used 92396K, committed 93248K, reserved 1179648K
  class space    used 12796K, committed 13248K, reserved 1048576K
}
Event: 18.155 GC heap before
{Heap before GC invocations=60 (full 0):
 garbage-first heap   total 217088K, used 178929K [0x0000000080000000, 0x0000000100000000)
  region size 1024K, 52 young (53248K), 6 survivors (6144K)
 Metaspace       used 92397K, committed 93248K, reserved 1179648K
  class space    used 12796K, committed 13248K, reserved 1048576K
}
Event: 18.158 GC heap after
{Heap after GC invocations=61 (full 0):
 garbage-first heap   total 217088K, used 134290K [0x0000000080000000, 0x0000000100000000)
  region size 1024K, 5 young (5120K), 5 survivors (5120K)
 Metaspace       used 92397K, committed 93248K, reserved 1179648K
  class space    used 12796K, committed 13248K, reserved 1048576K
}
Event: 18.868 GC heap before
{Heap before GC invocations=61 (full 0):
 garbage-first heap   total 217088K, used 181394K [0x0000000080000000, 0x0000000100000000)
  region size 1024K, 51 young (52224K), 5 survivors (5120K)
 Metaspace       used 92397K, committed 93248K, reserved 1179648K
  class space    used 12796K, committed 13248K, reserved 1048576K
}
Event: 18.871 GC heap after
{Heap after GC invocations=62 (full 0):
 garbage-first heap   total 217088K, used 136483K [0x0000000080000000, 0x0000000100000000)
  region size 1024K, 5 young (5120K), 5 survivors (5120K)
 Metaspace       used 92397K, committed 93248K, reserved 1179648K
  class space    used 12796K, committed 13248K, reserved 1048576K
}
Event: 19.673 GC heap before
{Heap before GC invocations=62 (full 0):
 garbage-first heap   total 217088K, used 182563K [0x0000000080000000, 0x0000000100000000)
  region size 1024K, 50 young (51200K), 5 survivors (5120K)
 Metaspace       used 92397K, committed 93248K, reserved 1179648K
  class space    used 12796K, committed 13248K, reserved 1048576K
}
Event: 19.676 GC heap after
{Heap after GC invocations=63 (full 0):
 garbage-first heap   total 217088K, used 138672K [0x0000000080000000, 0x0000000100000000)
  region size 1024K, 5 young (5120K), 5 survivors (5120K)
 Metaspace       used 92397K, committed 93248K, reserved 1179648K
  class space    used 12796K, committed 13248K, reserved 1048576K
}
Event: 19.851 GC heap before
{Heap before GC invocations=63 (full 0):
 garbage-first heap   total 217088K, used 149936K [0x0000000080000000, 0x0000000100000000)
  region size 1024K, 17 young (17408K), 5 survivors (5120K)
 Metaspace       used 92435K, committed 93248K, reserved 1179648K
  class space    used 12807K, committed 13248K, reserved 1048576K
}
Event: 19.853 GC heap after
{Heap after GC invocations=64 (full 0):
 garbage-first heap   total 217088K, used 139524K [0x0000000080000000, 0x0000000100000000)
  region size 1024K, 4 young (4096K), 4 survivors (4096K)
 Metaspace       used 92435K, committed 93248K, reserved 1179648K
  class space    used 12807K, committed 13248K, reserved 1048576K
}

