# JRE version: OpenJDK Runtime Environment (17.0.9) (build 17.0.9+0--11185874)
# Java VM: OpenJDK 64-Bit Server VM (17.0.9+0--11185874, mixed mode, tiered, compressed oops, compressed class ptrs, g1 gc, windows-amd64)
GC Precious Log:
 CPUs: 12 total, 12 available
 Memory: 16083M
 Large Page Support: Disabled
 NUMA Support: Disabled
 Compressed Oops: Enabled (32-bit)
 Heap Region Size: 1M
 Heap Min Capacity: 8M
 Heap Initial Capacity: 252M
 Heap Max Capacity: 2G
 Pre-touch: Disabled
 Parallel Workers: 10
 Concurrent Workers: 3
 Concurrent Refinement Workers: 10
 Periodic GC: Disabled
Heap:
 garbage-first heap   total 211968K, used 164611K [0x0000000080000000, 0x0000000100000000)
  region size 1024K, 16 young (16384K), 4 survivors (4096K)
 Metaspace       used 91889K, committed 92608K, reserved 1179648K
  class space    used 12729K, committed 13056K, reserved 1048576K
GC Heap History (20 events):
Event: 13.531 GC heap before
{Heap before GC invocations=28 (full 0):
 garbage-first heap   total 192512K, used 168928K [0x0000000080000000, 0x0000000100000000)
  region size 1024K, 78 young (79872K), 4 survivors (4096K)
 Metaspace       used 90042K, committed 90816K, reserved 1179648K
  class space    used 12484K, committed 12800K, reserved 1048576K
}
Event: 13.537 GC heap after
{Heap after GC invocations=29 (full 0):
 garbage-first heap   total 192512K, used 100895K [0x0000000080000000, 0x0000000100000000)
  region size 1024K, 10 young (10240K), 10 survivors (10240K)
 Metaspace       used 90042K, committed 90816K, reserved 1179648K
  class space    used 12484K, committed 12800K, reserved 1048576K
}
Event: 14.318 GC heap before
{Heap before GC invocations=29 (full 0):
 garbage-first heap   total 192512K, used 162335K [0x0000000080000000, 0x0000000100000000)
  region size 1024K, 67 young (68608K), 10 survivors (10240K)
 Metaspace       used 91811K, committed 92608K, reserved 1179648K
  class space    used 12714K, committed 13056K, reserved 1048576K
}
Event: 14.327 GC heap after
{Heap after GC invocations=30 (full 0):
 garbage-first heap   total 192512K, used 115181K [0x0000000080000000, 0x0000000100000000)
  region size 1024K, 9 young (9216K), 9 survivors (9216K)
 Metaspace       used 91811K, committed 92608K, reserved 1179648K
  class space    used 12714K, committed 13056K, reserved 1048576K
}
Event: 14.716 GC heap before
{Heap before GC invocations=30 (full 0):
 garbage-first heap   total 192512K, used 156141K [0x0000000080000000, 0x0000000100000000)
  region size 1024K, 49 young (50176K), 9 survivors (9216K)
 Metaspace       used 91827K, committed 92608K, reserved 1179648K
  class space    used 12714K, committed 13056K, reserved 1048576K
}
Event: 14.724 GC heap after
{Heap after GC invocations=31 (full 0):
 garbage-first heap   total 192512K, used 122696K [0x0000000080000000, 0x0000000100000000)
  region size 1024K, 7 young (7168K), 7 survivors (7168K)
 Metaspace       used 91827K, committed 92608K, reserved 1179648K
  class space    used 12714K, committed 13056K, reserved 1048576K
}
Event: 15.323 GC heap before
{Heap before GC invocations=32 (full 0):
 garbage-first heap   total 208896K, used 151368K [0x0000000080000000, 0x0000000100000000)
  region size 1024K, 36 young (36864K), 7 survivors (7168K)
 Metaspace       used 91844K, committed 92608K, reserved 1179648K
  class space    used 12717K, committed 13056K, reserved 1048576K
}
Event: 15.327 GC heap after
{Heap after GC invocations=33 (full 0):
 garbage-first heap   total 208896K, used 125235K [0x0000000080000000, 0x0000000100000000)
  region size 1024K, 2 young (2048K), 2 survivors (2048K)
 Metaspace       used 91844K, committed 92608K, reserved 1179648K
  class space    used 12717K, committed 13056K, reserved 1048576K
}
Event: 15.937 GC heap before
{Heap before GC invocations=33 (full 0):
 garbage-first heap   total 208896K, used 167219K [0x0000000080000000, 0x0000000100000000)
  region size 1024K, 43 young (44032K), 2 survivors (2048K)
 Metaspace       used 91847K, committed 92608K, reserved 1179648K
  class space    used 12718K, committed 13056K, reserved 1048576K
}
Event: 15.940 GC heap after
{Heap after GC invocations=34 (full 0):
 garbage-first heap   total 208896K, used 126727K [0x0000000080000000, 0x0000000100000000)
  region size 1024K, 4 young (4096K), 4 survivors (4096K)
 Metaspace       used 91847K, committed 92608K, reserved 1179648K
  class space    used 12718K, committed 13056K, reserved 1048576K
}
Event: 16.603 GC heap before
{Heap before GC invocations=34 (full 0):
 garbage-first heap   total 208896K, used 169735K [0x0000000080000000, 0x0000000100000000)
  region size 1024K, 46 young (47104K), 4 survivors (4096K)
 Metaspace       used 91847K, committed 92608K, reserved 1179648K
  class space    used 12718K, committed 13056K, reserved 1048576K
}
Event: 16.605 GC heap after
{Heap after GC invocations=35 (full 0):
 garbage-first heap   total 208896K, used 128921K [0x0000000080000000, 0x0000000100000000)
  region size 1024K, 5 young (5120K), 5 survivors (5120K)
 Metaspace       used 91847K, committed 92608K, reserved 1179648K
  class space    used 12718K, committed 13056K, reserved 1048576K
}
Event: 17.530 GC heap before
{Heap before GC invocations=35 (full 0):
 garbage-first heap   total 208896K, used 171929K [0x0000000080000000, 0x0000000100000000)
  region size 1024K, 47 young (48128K), 5 survivors (5120K)
 Metaspace       used 91849K, committed 92608K, reserved 1179648K
  class space    used 12718K, committed 13056K, reserved 1048576K
}
Event: 17.532 GC heap after
{Heap after GC invocations=36 (full 0):
 garbage-first heap   total 208896K, used 130926K [0x0000000080000000, 0x0000000100000000)
  region size 1024K, 5 young (5120K), 5 survivors (5120K)
 Metaspace       used 91849K, committed 92608K, reserved 1179648K
  class space    used 12718K, committed 13056K, reserved 1048576K
}
Event: 18.242 GC heap before
{Heap before GC invocations=36 (full 0):
 garbage-first heap   total 208896K, used 173934K [0x0000000080000000, 0x0000000100000000)
  region size 1024K, 47 young (48128K), 5 survivors (5120K)
 Metaspace       used 91850K, committed 92608K, reserved 1179648K
  class space    used 12718K, committed 13056K, reserved 1048576K
}
Event: 18.245 GC heap after
{Heap after GC invocations=37 (full 0):
 garbage-first heap   total 208896K, used 132989K [0x0000000080000000, 0x0000000100000000)
  region size 1024K, 5 young (5120K), 5 survivors (5120K)
 Metaspace       used 91850K, committed 92608K, reserved 1179648K
  class space    used 12718K, committed 13056K, reserved 1048576K
}
Event: 18.727 GC heap before
{Heap before GC invocations=37 (full 0):
 garbage-first heap   total 208896K, used 174973K [0x0000000080000000, 0x0000000100000000)
  region size 1024K, 46 young (47104K), 5 survivors (5120K)
 Metaspace       used 91850K, committed 92608K, reserved 1179648K
  class space    used 12718K, committed 13056K, reserved 1048576K
}
Event: 18.730 GC heap after
{Heap after GC invocations=38 (full 0):
 garbage-first heap   total 208896K, used 135092K [0x0000000080000000, 0x0000000100000000)
  region size 1024K, 5 young (5120K), 5 survivors (5120K)
 Metaspace       used 91850K, committed 92608K, reserved 1179648K
  class space    used 12718K, committed 13056K, reserved 1048576K
}
Event: 19.156 GC heap before
{Heap before GC invocations=38 (full 0):
 garbage-first heap   total 208896K, used 178100K [0x0000000080000000, 0x0000000100000000)
  region size 1024K, 38 young (38912K), 5 survivors (5120K)
 Metaspace       used 91888K, committed 92608K, reserved 1179648K
  class space    used 12729K, committed 13056K, reserved 1048576K
}
Event: 19.158 GC heap after
{Heap after GC invocations=39 (full 0):
 garbage-first heap   total 208896K, used 147203K [0x0000000080000000, 0x0000000100000000)
  region size 1024K, 4 young (4096K), 4 survivors (4096K)
 Metaspace       used 91888K, committed 92608K, reserved 1179648K
  class space    used 12729K, committed 13056K, reserved 1048576K
}

